ERROR - 2025-10-14 00:24:23 --> Severity: error --> Exception: call_user_func_array(): Argument #1 ($callback) must be a valid callback, class Home does not have a method "notfound" /home/giaphah1/public_html/system/core/CodeIgniter.php 532
ERROR - 2025-10-14 01:09:32 --> Severity: error --> Exception: call_user_func_array(): Argument #1 ($callback) must be a valid callback, class Home does not have a method "notfound" /home/giaphah1/public_html/system/core/CodeIgniter.php 532
ERROR - 2025-10-14 01:39:37 --> Severity: error --> Exception: call_user_func_array(): Argument #1 ($callback) must be a valid callback, class Home does not have a method "notfound" /home/giaphah1/public_html/system/core/CodeIgniter.php 532
ERROR - 2025-10-14 01:39:41 --> Severity: error --> Exception: call_user_func_array(): Argument #1 ($callback) must be a valid callback, class Home does not have a method "notfound" /home/giaphah1/public_html/system/core/CodeIgniter.php 532
ERROR - 2025-10-14 01:41:13 --> Severity: error --> Exception: call_user_func_array(): Argument #1 ($callback) must be a valid callback, class Home does not have a method "notfound" /home/giaphah1/public_html/system/core/CodeIgniter.php 532
ERROR - 2025-10-14 01:41:13 --> Severity: error --> Exception: call_user_func_array(): Argument #1 ($callback) must be a valid callback, class Home does not have a method "notfound" /home/giaphah1/public_html/system/core/CodeIgniter.php 532
ERROR - 2025-10-14 01:41:14 --> Severity: error --> Exception: call_user_func_array(): Argument #1 ($callback) must be a valid callback, class Home does not have a method "notfound" /home/giaphah1/public_html/system/core/CodeIgniter.php 532
ERROR - 2025-10-14 01:41:14 --> Severity: error --> Exception: call_user_func_array(): Argument #1 ($callback) must be a valid callback, class Home does not have a method "notfound" /home/giaphah1/public_html/system/core/CodeIgniter.php 532
ERROR - 2025-10-14 01:41:14 --> Severity: error --> Exception: call_user_func_array(): Argument #1 ($callback) must be a valid callback, class Home does not have a method "notfound" /home/giaphah1/public_html/system/core/CodeIgniter.php 532
ERROR - 2025-10-14 01:41:14 --> Severity: error --> Exception: call_user_func_array(): Argument #1 ($callback) must be a valid callback, class Home does not have a method "notfound" /home/giaphah1/public_html/system/core/CodeIgniter.php 532
ERROR - 2025-10-14 01:41:14 --> Severity: error --> Exception: call_user_func_array(): Argument #1 ($callback) must be a valid callback, class Home does not have a method "notfound" /home/giaphah1/public_html/system/core/CodeIgniter.php 532
ERROR - 2025-10-14 01:41:15 --> Severity: error --> Exception: call_user_func_array(): Argument #1 ($callback) must be a valid callback, class Home does not have a method "notfound" /home/giaphah1/public_html/system/core/CodeIgniter.php 532
ERROR - 2025-10-14 01:41:15 --> Severity: error --> Exception: call_user_func_array(): Argument #1 ($callback) must be a valid callback, class Home does not have a method "notfound" /home/giaphah1/public_html/system/core/CodeIgniter.php 532
ERROR - 2025-10-14 01:41:15 --> Severity: error --> Exception: call_user_func_array(): Argument #1 ($callback) must be a valid callback, class Home does not have a method "notfound" /home/giaphah1/public_html/system/core/CodeIgniter.php 532
ERROR - 2025-10-14 01:41:15 --> Severity: error --> Exception: call_user_func_array(): Argument #1 ($callback) must be a valid callback, class Home does not have a method "notfound" /home/giaphah1/public_html/system/core/CodeIgniter.php 532
ERROR - 2025-10-14 01:41:15 --> Severity: error --> Exception: call_user_func_array(): Argument #1 ($callback) must be a valid callback, class Home does not have a method "notfound" /home/giaphah1/public_html/system/core/CodeIgniter.php 532
ERROR - 2025-10-14 01:41:16 --> Severity: error --> Exception: call_user_func_array(): Argument #1 ($callback) must be a valid callback, class Home does not have a method "notfound" /home/giaphah1/public_html/system/core/CodeIgniter.php 532
ERROR - 2025-10-14 01:41:16 --> Severity: error --> Exception: call_user_func_array(): Argument #1 ($callback) must be a valid callback, class Home does not have a method "notfound" /home/giaphah1/public_html/system/core/CodeIgniter.php 532
ERROR - 2025-10-14 01:41:16 --> Severity: error --> Exception: call_user_func_array(): Argument #1 ($callback) must be a valid callback, class Home does not have a method "notfound" /home/giaphah1/public_html/system/core/CodeIgniter.php 532
ERROR - 2025-10-14 01:41:16 --> Severity: error --> Exception: call_user_func_array(): Argument #1 ($callback) must be a valid callback, class Home does not have a method "notfound" /home/giaphah1/public_html/system/core/CodeIgniter.php 532
ERROR - 2025-10-14 01:41:17 --> Severity: error --> Exception: call_user_func_array(): Argument #1 ($callback) must be a valid callback, class Home does not have a method "notfound" /home/giaphah1/public_html/system/core/CodeIgniter.php 532
ERROR - 2025-10-14 01:41:17 --> Severity: error --> Exception: call_user_func_array(): Argument #1 ($callback) must be a valid callback, class Home does not have a method "notfound" /home/giaphah1/public_html/system/core/CodeIgniter.php 532
ERROR - 2025-10-14 01:42:20 --> Severity: Warning --> Undefined array key "typee" /home/giaphah1/public_html/application/controllers/Family.php 374
ERROR - 2025-10-14 01:42:20 --> Severity: Warning --> Undefined array key "doi" /home/giaphah1/public_html/application/controllers/Family.php 380
ERROR - 2025-10-14 01:47:35 --> Severity: error --> Exception: call_user_func_array(): Argument #1 ($callback) must be a valid callback, class Home does not have a method "notfound" /home/giaphah1/public_html/system/core/CodeIgniter.php 532
ERROR - 2025-10-14 02:32:14 --> Severity: error --> Exception: call_user_func_array(): Argument #1 ($callback) must be a valid callback, class Home does not have a method "notfound" /home/giaphah1/public_html/system/core/CodeIgniter.php 532
ERROR - 2025-10-14 02:32:35 --> Severity: Warning --> Undefined array key 0 /home/giaphah1/public_html/application/controllers/Family.php 270
ERROR - 2025-10-14 02:32:35 --> Severity: Warning --> Attempt to read property "id" on null /home/giaphah1/public_html/application/controllers/Family.php 271
ERROR - 2025-10-14 02:32:35 --> Severity: Warning --> Attempt to read property "id" on null /home/giaphah1/public_html/application/controllers/Family.php 273
ERROR - 2025-10-14 02:32:35 --> Severity: Warning --> Attempt to read property "full_name" on null /home/giaphah1/public_html/application/controllers/Family.php 279
ERROR - 2025-10-14 02:32:35 --> Severity: Warning --> Attempt to read property "parent_id" on null /home/giaphah1/public_html/application/controllers/Family.php 281
ERROR - 2025-10-14 02:32:35 --> Severity: Warning --> Attempt to read property "id" on null /home/giaphah1/public_html/application/controllers/Family.php 285
ERROR - 2025-10-14 02:32:35 --> Severity: Warning --> Attempt to read property "id" on null /home/giaphah1/public_html/application/controllers/Family.php 286
ERROR - 2025-10-14 02:32:35 --> Severity: Warning --> Attempt to read property "id" on null /home/giaphah1/public_html/application/controllers/Family.php 289
ERROR - 2025-10-14 05:10:20 --> Severity: error --> Exception: call_user_func_array(): Argument #1 ($callback) must be a valid callback, class Home does not have a method "notfound" /home/giaphah1/public_html/system/core/CodeIgniter.php 532
ERROR - 2025-10-14 06:00:06 --> Severity: error --> Exception: call_user_func_array(): Argument #1 ($callback) must be a valid callback, class Home does not have a method "notfound" /home/giaphah1/public_html/system/core/CodeIgniter.php 532
ERROR - 2025-10-14 06:00:07 --> Severity: error --> Exception: call_user_func_array(): Argument #1 ($callback) must be a valid callback, class Home does not have a method "notfound" /home/giaphah1/public_html/system/core/CodeIgniter.php 532
ERROR - 2025-10-14 06:00:07 --> Severity: error --> Exception: call_user_func_array(): Argument #1 ($callback) must be a valid callback, class Home does not have a method "notfound" /home/giaphah1/public_html/system/core/CodeIgniter.php 532
ERROR - 2025-10-14 06:00:08 --> Severity: error --> Exception: call_user_func_array(): Argument #1 ($callback) must be a valid callback, class Home does not have a method "notfound" /home/giaphah1/public_html/system/core/CodeIgniter.php 532
ERROR - 2025-10-14 06:00:08 --> Severity: error --> Exception: call_user_func_array(): Argument #1 ($callback) must be a valid callback, class Home does not have a method "notfound" /home/giaphah1/public_html/system/core/CodeIgniter.php 532
ERROR - 2025-10-14 06:00:09 --> Severity: error --> Exception: call_user_func_array(): Argument #1 ($callback) must be a valid callback, class Home does not have a method "notfound" /home/giaphah1/public_html/system/core/CodeIgniter.php 532
ERROR - 2025-10-14 06:00:09 --> Severity: error --> Exception: call_user_func_array(): Argument #1 ($callback) must be a valid callback, class Home does not have a method "notfound" /home/giaphah1/public_html/system/core/CodeIgniter.php 532
ERROR - 2025-10-14 06:00:09 --> Severity: error --> Exception: call_user_func_array(): Argument #1 ($callback) must be a valid callback, class Home does not have a method "notfound" /home/giaphah1/public_html/system/core/CodeIgniter.php 532
ERROR - 2025-10-14 06:00:10 --> Severity: error --> Exception: call_user_func_array(): Argument #1 ($callback) must be a valid callback, class Home does not have a method "notfound" /home/giaphah1/public_html/system/core/CodeIgniter.php 532
ERROR - 2025-10-14 06:00:10 --> Severity: error --> Exception: call_user_func_array(): Argument #1 ($callback) must be a valid callback, class Home does not have a method "notfound" /home/giaphah1/public_html/system/core/CodeIgniter.php 532
ERROR - 2025-10-14 06:00:11 --> Severity: error --> Exception: call_user_func_array(): Argument #1 ($callback) must be a valid callback, class Home does not have a method "notfound" /home/giaphah1/public_html/system/core/CodeIgniter.php 532
ERROR - 2025-10-14 06:00:11 --> Severity: error --> Exception: call_user_func_array(): Argument #1 ($callback) must be a valid callback, class Home does not have a method "notfound" /home/giaphah1/public_html/system/core/CodeIgniter.php 532
ERROR - 2025-10-14 06:00:12 --> Severity: error --> Exception: call_user_func_array(): Argument #1 ($callback) must be a valid callback, class Home does not have a method "notfound" /home/giaphah1/public_html/system/core/CodeIgniter.php 532
ERROR - 2025-10-14 06:00:12 --> Severity: error --> Exception: call_user_func_array(): Argument #1 ($callback) must be a valid callback, class Home does not have a method "notfound" /home/giaphah1/public_html/system/core/CodeIgniter.php 532
ERROR - 2025-10-14 06:00:12 --> Severity: error --> Exception: call_user_func_array(): Argument #1 ($callback) must be a valid callback, class Home does not have a method "notfound" /home/giaphah1/public_html/system/core/CodeIgniter.php 532
ERROR - 2025-10-14 06:16:13 --> Severity: error --> Exception: call_user_func_array(): Argument #1 ($callback) must be a valid callback, class Home does not have a method "notfound" /home/giaphah1/public_html/system/core/CodeIgniter.php 532
ERROR - 2025-10-14 06:16:13 --> Severity: error --> Exception: call_user_func_array(): Argument #1 ($callback) must be a valid callback, class Home does not have a method "notfound" /home/giaphah1/public_html/system/core/CodeIgniter.php 532
ERROR - 2025-10-14 06:16:13 --> Severity: error --> Exception: call_user_func_array(): Argument #1 ($callback) must be a valid callback, class Home does not have a method "notfound" /home/giaphah1/public_html/system/core/CodeIgniter.php 532
ERROR - 2025-10-14 06:16:13 --> Severity: error --> Exception: call_user_func_array(): Argument #1 ($callback) must be a valid callback, class Home does not have a method "notfound" /home/giaphah1/public_html/system/core/CodeIgniter.php 532
ERROR - 2025-10-14 06:16:13 --> Severity: error --> Exception: call_user_func_array(): Argument #1 ($callback) must be a valid callback, class Home does not have a method "notfound" /home/giaphah1/public_html/system/core/CodeIgniter.php 532
ERROR - 2025-10-14 06:16:13 --> Severity: error --> Exception: call_user_func_array(): Argument #1 ($callback) must be a valid callback, class Home does not have a method "notfound" /home/giaphah1/public_html/system/core/CodeIgniter.php 532
ERROR - 2025-10-14 06:16:13 --> Severity: error --> Exception: call_user_func_array(): Argument #1 ($callback) must be a valid callback, class Home does not have a method "notfound" /home/giaphah1/public_html/system/core/CodeIgniter.php 532
ERROR - 2025-10-14 06:16:13 --> Severity: error --> Exception: call_user_func_array(): Argument #1 ($callback) must be a valid callback, class Home does not have a method "notfound" /home/giaphah1/public_html/system/core/CodeIgniter.php 532
ERROR - 2025-10-14 06:16:13 --> Severity: error --> Exception: call_user_func_array(): Argument #1 ($callback) must be a valid callback, class Home does not have a method "notfound" /home/giaphah1/public_html/system/core/CodeIgniter.php 532
ERROR - 2025-10-14 06:16:13 --> Severity: error --> Exception: call_user_func_array(): Argument #1 ($callback) must be a valid callback, class Home does not have a method "notfound" /home/giaphah1/public_html/system/core/CodeIgniter.php 532
ERROR - 2025-10-14 06:16:13 --> Severity: error --> Exception: call_user_func_array(): Argument #1 ($callback) must be a valid callback, class Home does not have a method "notfound" /home/giaphah1/public_html/system/core/CodeIgniter.php 532
ERROR - 2025-10-14 06:16:13 --> Severity: error --> Exception: call_user_func_array(): Argument #1 ($callback) must be a valid callback, class Home does not have a method "notfound" /home/giaphah1/public_html/system/core/CodeIgniter.php 532
ERROR - 2025-10-14 06:16:13 --> Severity: error --> Exception: call_user_func_array(): Argument #1 ($callback) must be a valid callback, class Home does not have a method "notfound" /home/giaphah1/public_html/system/core/CodeIgniter.php 532
ERROR - 2025-10-14 06:16:13 --> Severity: error --> Exception: call_user_func_array(): Argument #1 ($callback) must be a valid callback, class Home does not have a method "notfound" /home/giaphah1/public_html/system/core/CodeIgniter.php 532
ERROR - 2025-10-14 06:16:13 --> Severity: error --> Exception: call_user_func_array(): Argument #1 ($callback) must be a valid callback, class Home does not have a method "notfound" /home/giaphah1/public_html/system/core/CodeIgniter.php 532
ERROR - 2025-10-14 06:16:13 --> Severity: error --> Exception: call_user_func_array(): Argument #1 ($callback) must be a valid callback, class Home does not have a method "notfound" /home/giaphah1/public_html/system/core/CodeIgniter.php 532
ERROR - 2025-10-14 06:16:13 --> Severity: error --> Exception: call_user_func_array(): Argument #1 ($callback) must be a valid callback, class Home does not have a method "notfound" /home/giaphah1/public_html/system/core/CodeIgniter.php 532
ERROR - 2025-10-14 14:13:16 --> Severity: error --> Exception: call_user_func_array(): Argument #1 ($callback) must be a valid callback, class Home does not have a method "notfound" /home/giaphah1/public_html/system/core/CodeIgniter.php 532
ERROR - 2025-10-14 14:13:17 --> Severity: error --> Exception: call_user_func_array(): Argument #1 ($callback) must be a valid callback, class Home does not have a method "notfound" /home/giaphah1/public_html/system/core/CodeIgniter.php 532
ERROR - 2025-10-14 17:19:02 --> Severity: error --> Exception: call_user_func_array(): Argument #1 ($callback) must be a valid callback, class Home does not have a method "notfound" /home/giaphah1/public_html/system/core/CodeIgniter.php 532
ERROR - 2025-10-14 17:19:03 --> Severity: error --> Exception: call_user_func_array(): Argument #1 ($callback) must be a valid callback, class Home does not have a method "notfound" /home/giaphah1/public_html/system/core/CodeIgniter.php 532
ERROR - 2025-10-14 17:19:03 --> Severity: error --> Exception: call_user_func_array(): Argument #1 ($callback) must be a valid callback, class Home does not have a method "notfound" /home/giaphah1/public_html/system/core/CodeIgniter.php 532
ERROR - 2025-10-14 17:19:04 --> Severity: error --> Exception: call_user_func_array(): Argument #1 ($callback) must be a valid callback, class Home does not have a method "notfound" /home/giaphah1/public_html/system/core/CodeIgniter.php 532
ERROR - 2025-10-14 17:19:04 --> Severity: error --> Exception: call_user_func_array(): Argument #1 ($callback) must be a valid callback, class Home does not have a method "notfound" /home/giaphah1/public_html/system/core/CodeIgniter.php 532
ERROR - 2025-10-14 17:19:04 --> Severity: error --> Exception: call_user_func_array(): Argument #1 ($callback) must be a valid callback, class Home does not have a method "notfound" /home/giaphah1/public_html/system/core/CodeIgniter.php 532
ERROR - 2025-10-14 17:19:05 --> Severity: error --> Exception: call_user_func_array(): Argument #1 ($callback) must be a valid callback, class Home does not have a method "notfound" /home/giaphah1/public_html/system/core/CodeIgniter.php 532
ERROR - 2025-10-14 17:19:05 --> Severity: error --> Exception: call_user_func_array(): Argument #1 ($callback) must be a valid callback, class Home does not have a method "notfound" /home/giaphah1/public_html/system/core/CodeIgniter.php 532
ERROR - 2025-10-14 17:19:05 --> Severity: error --> Exception: call_user_func_array(): Argument #1 ($callback) must be a valid callback, class Home does not have a method "notfound" /home/giaphah1/public_html/system/core/CodeIgniter.php 532
ERROR - 2025-10-14 17:19:06 --> Severity: error --> Exception: call_user_func_array(): Argument #1 ($callback) must be a valid callback, class Home does not have a method "notfound" /home/giaphah1/public_html/system/core/CodeIgniter.php 532
ERROR - 2025-10-14 17:19:06 --> Severity: error --> Exception: call_user_func_array(): Argument #1 ($callback) must be a valid callback, class Home does not have a method "notfound" /home/giaphah1/public_html/system/core/CodeIgniter.php 532
ERROR - 2025-10-14 17:19:06 --> Severity: error --> Exception: call_user_func_array(): Argument #1 ($callback) must be a valid callback, class Home does not have a method "notfound" /home/giaphah1/public_html/system/core/CodeIgniter.php 532
ERROR - 2025-10-14 17:19:07 --> Severity: error --> Exception: call_user_func_array(): Argument #1 ($callback) must be a valid callback, class Home does not have a method "notfound" /home/giaphah1/public_html/system/core/CodeIgniter.php 532
ERROR - 2025-10-14 17:19:07 --> Severity: error --> Exception: call_user_func_array(): Argument #1 ($callback) must be a valid callback, class Home does not have a method "notfound" /home/giaphah1/public_html/system/core/CodeIgniter.php 532
ERROR - 2025-10-14 17:19:08 --> Severity: error --> Exception: call_user_func_array(): Argument #1 ($callback) must be a valid callback, class Home does not have a method "notfound" /home/giaphah1/public_html/system/core/CodeIgniter.php 532
ERROR - 2025-10-14 18:49:05 --> Severity: error --> Exception: call_user_func_array(): Argument #1 ($callback) must be a valid callback, class Home does not have a method "notfound" /home/giaphah1/public_html/system/core/CodeIgniter.php 532
ERROR - 2025-10-14 18:49:05 --> Severity: error --> Exception: call_user_func_array(): Argument #1 ($callback) must be a valid callback, class Home does not have a method "notfound" /home/giaphah1/public_html/system/core/CodeIgniter.php 532
ERROR - 2025-10-14 18:49:05 --> Severity: error --> Exception: call_user_func_array(): Argument #1 ($callback) must be a valid callback, class Home does not have a method "notfound" /home/giaphah1/public_html/system/core/CodeIgniter.php 532
ERROR - 2025-10-14 18:49:05 --> Severity: error --> Exception: call_user_func_array(): Argument #1 ($callback) must be a valid callback, class Home does not have a method "notfound" /home/giaphah1/public_html/system/core/CodeIgniter.php 532
ERROR - 2025-10-14 18:49:05 --> Severity: error --> Exception: call_user_func_array(): Argument #1 ($callback) must be a valid callback, class Home does not have a method "notfound" /home/giaphah1/public_html/system/core/CodeIgniter.php 532
ERROR - 2025-10-14 18:49:06 --> Severity: error --> Exception: call_user_func_array(): Argument #1 ($callback) must be a valid callback, class Home does not have a method "notfound" /home/giaphah1/public_html/system/core/CodeIgniter.php 532
ERROR - 2025-10-14 18:49:06 --> Severity: error --> Exception: call_user_func_array(): Argument #1 ($callback) must be a valid callback, class Home does not have a method "notfound" /home/giaphah1/public_html/system/core/CodeIgniter.php 532
ERROR - 2025-10-14 18:49:06 --> Severity: error --> Exception: call_user_func_array(): Argument #1 ($callback) must be a valid callback, class Home does not have a method "notfound" /home/giaphah1/public_html/system/core/CodeIgniter.php 532
ERROR - 2025-10-14 18:49:06 --> Severity: error --> Exception: call_user_func_array(): Argument #1 ($callback) must be a valid callback, class Home does not have a method "notfound" /home/giaphah1/public_html/system/core/CodeIgniter.php 532
ERROR - 2025-10-14 18:49:06 --> Severity: error --> Exception: call_user_func_array(): Argument #1 ($callback) must be a valid callback, class Home does not have a method "notfound" /home/giaphah1/public_html/system/core/CodeIgniter.php 532
ERROR - 2025-10-14 18:49:07 --> Severity: error --> Exception: call_user_func_array(): Argument #1 ($callback) must be a valid callback, class Home does not have a method "notfound" /home/giaphah1/public_html/system/core/CodeIgniter.php 532
ERROR - 2025-10-14 18:49:07 --> Severity: error --> Exception: call_user_func_array(): Argument #1 ($callback) must be a valid callback, class Home does not have a method "notfound" /home/giaphah1/public_html/system/core/CodeIgniter.php 532
ERROR - 2025-10-14 18:49:07 --> Severity: error --> Exception: call_user_func_array(): Argument #1 ($callback) must be a valid callback, class Home does not have a method "notfound" /home/giaphah1/public_html/system/core/CodeIgniter.php 532
ERROR - 2025-10-14 18:49:07 --> Severity: error --> Exception: call_user_func_array(): Argument #1 ($callback) must be a valid callback, class Home does not have a method "notfound" /home/giaphah1/public_html/system/core/CodeIgniter.php 532
ERROR - 2025-10-14 18:49:08 --> Severity: error --> Exception: call_user_func_array(): Argument #1 ($callback) must be a valid callback, class Home does not have a method "notfound" /home/giaphah1/public_html/system/core/CodeIgniter.php 532
ERROR - 2025-10-14 18:49:08 --> Severity: error --> Exception: call_user_func_array(): Argument #1 ($callback) must be a valid callback, class Home does not have a method "notfound" /home/giaphah1/public_html/system/core/CodeIgniter.php 532
ERROR - 2025-10-14 18:49:08 --> Severity: error --> Exception: call_user_func_array(): Argument #1 ($callback) must be a valid callback, class Home does not have a method "notfound" /home/giaphah1/public_html/system/core/CodeIgniter.php 532
ERROR - 2025-10-14 18:49:09 --> Severity: error --> Exception: call_user_func_array(): Argument #1 ($callback) must be a valid callback, class Home does not have a method "notfound" /home/giaphah1/public_html/system/core/CodeIgniter.php 532
ERROR - 2025-10-14 20:51:14 --> Severity: error --> Exception: call_user_func_array(): Argument #1 ($callback) must be a valid callback, class Home does not have a method "notfound" /home/giaphah1/public_html/system/core/CodeIgniter.php 532
ERROR - 2025-10-14 20:51:14 --> Severity: error --> Exception: call_user_func_array(): Argument #1 ($callback) must be a valid callback, class Home does not have a method "notfound" /home/giaphah1/public_html/system/core/CodeIgniter.php 532
ERROR - 2025-10-14 20:51:15 --> Severity: error --> Exception: call_user_func_array(): Argument #1 ($callback) must be a valid callback, class Home does not have a method "notfound" /home/giaphah1/public_html/system/core/CodeIgniter.php 532
ERROR - 2025-10-14 20:51:15 --> Severity: error --> Exception: call_user_func_array(): Argument #1 ($callback) must be a valid callback, class Home does not have a method "notfound" /home/giaphah1/public_html/system/core/CodeIgniter.php 532
ERROR - 2025-10-14 20:51:15 --> Severity: error --> Exception: call_user_func_array(): Argument #1 ($callback) must be a valid callback, class Home does not have a method "notfound" /home/giaphah1/public_html/system/core/CodeIgniter.php 532
ERROR - 2025-10-14 20:51:16 --> Severity: error --> Exception: call_user_func_array(): Argument #1 ($callback) must be a valid callback, class Home does not have a method "notfound" /home/giaphah1/public_html/system/core/CodeIgniter.php 532
ERROR - 2025-10-14 20:51:16 --> Severity: error --> Exception: call_user_func_array(): Argument #1 ($callback) must be a valid callback, class Home does not have a method "notfound" /home/giaphah1/public_html/system/core/CodeIgniter.php 532
ERROR - 2025-10-14 20:51:16 --> Severity: error --> Exception: call_user_func_array(): Argument #1 ($callback) must be a valid callback, class Home does not have a method "notfound" /home/giaphah1/public_html/system/core/CodeIgniter.php 532
ERROR - 2025-10-14 20:51:16 --> Severity: error --> Exception: call_user_func_array(): Argument #1 ($callback) must be a valid callback, class Home does not have a method "notfound" /home/giaphah1/public_html/system/core/CodeIgniter.php 532
ERROR - 2025-10-14 20:51:17 --> Severity: error --> Exception: call_user_func_array(): Argument #1 ($callback) must be a valid callback, class Home does not have a method "notfound" /home/giaphah1/public_html/system/core/CodeIgniter.php 532
ERROR - 2025-10-14 20:51:17 --> Severity: error --> Exception: call_user_func_array(): Argument #1 ($callback) must be a valid callback, class Home does not have a method "notfound" /home/giaphah1/public_html/system/core/CodeIgniter.php 532
ERROR - 2025-10-14 20:51:17 --> Severity: error --> Exception: call_user_func_array(): Argument #1 ($callback) must be a valid callback, class Home does not have a method "notfound" /home/giaphah1/public_html/system/core/CodeIgniter.php 532
ERROR - 2025-10-14 20:51:17 --> Severity: error --> Exception: call_user_func_array(): Argument #1 ($callback) must be a valid callback, class Home does not have a method "notfound" /home/giaphah1/public_html/system/core/CodeIgniter.php 532
ERROR - 2025-10-14 20:51:18 --> Severity: error --> Exception: call_user_func_array(): Argument #1 ($callback) must be a valid callback, class Home does not have a method "notfound" /home/giaphah1/public_html/system/core/CodeIgniter.php 532
ERROR - 2025-10-14 20:51:18 --> Severity: error --> Exception: call_user_func_array(): Argument #1 ($callback) must be a valid callback, class Home does not have a method "notfound" /home/giaphah1/public_html/system/core/CodeIgniter.php 532
ERROR - 2025-10-14 20:51:18 --> Severity: error --> Exception: call_user_func_array(): Argument #1 ($callback) must be a valid callback, class Home does not have a method "notfound" /home/giaphah1/public_html/system/core/CodeIgniter.php 532
ERROR - 2025-10-14 20:51:18 --> Severity: error --> Exception: call_user_func_array(): Argument #1 ($callback) must be a valid callback, class Home does not have a method "notfound" /home/giaphah1/public_html/system/core/CodeIgniter.php 532
ERROR - 2025-10-14 20:51:19 --> Severity: error --> Exception: call_user_func_array(): Argument #1 ($callback) must be a valid callback, class Home does not have a method "notfound" /home/giaphah1/public_html/system/core/CodeIgniter.php 532
