ERROR - 2025-01-10 00:01:59 --> Severity: Warning --> call_user_func_array() expects parameter 1 to be a valid callback, class 'Home' does not have a method 'notfound' D:\laragon\www\giapha\system\core\CodeIgniter.php 532
ERROR - 2025-01-10 00:04:55 --> Severity: Warning --> call_user_func_array() expects parameter 1 to be a valid callback, class 'Home' does not have a method 'notfound' D:\laragon\www\giapha\system\core\CodeIgniter.php 532
ERROR - 2025-01-10 00:07:08 --> Severity: Warning --> call_user_func_array() expects parameter 1 to be a valid callback, class 'Home' does not have a method 'notfound' D:\laragon\www\giapha\system\core\CodeIgniter.php 532
ERROR - 2025-01-10 00:07:55 --> Severity: Warning --> call_user_func_array() expects parameter 1 to be a valid callback, class 'Home' does not have a method 'notfound' D:\laragon\www\giapha\system\core\CodeIgniter.php 532
ERROR - 2025-01-10 00:08:45 --> Severity: Warning --> call_user_func_array() expects parameter 1 to be a valid callback, class 'Home' does not have a method 'notfound' D:\laragon\www\giapha\system\core\CodeIgniter.php 532
ERROR - 2025-01-10 00:10:22 --> Severity: Warning --> call_user_func_array() expects parameter 1 to be a valid callback, class 'Home' does not have a method 'notfound' D:\laragon\www\giapha\system\core\CodeIgniter.php 532
ERROR - 2025-01-10 00:45:35 --> Severity: Warning --> call_user_func_array() expects parameter 1 to be a valid callback, class 'Home' does not have a method 'notfound' D:\laragon\www\giapha\system\core\CodeIgniter.php 532
ERROR - 2025-01-10 00:47:35 --> Severity: Warning --> call_user_func_array() expects parameter 1 to be a valid callback, class 'Home' does not have a method 'notfound' D:\laragon\www\giapha\system\core\CodeIgniter.php 532
ERROR - 2025-01-10 00:49:44 --> Severity: Warning --> call_user_func_array() expects parameter 1 to be a valid callback, class 'Home' does not have a method 'notfound' D:\laragon\www\giapha\system\core\CodeIgniter.php 532
ERROR - 2025-01-10 00:49:52 --> Severity: Warning --> call_user_func_array() expects parameter 1 to be a valid callback, class 'Home' does not have a method 'notfound' D:\laragon\www\giapha\system\core\CodeIgniter.php 532
ERROR - 2025-01-10 00:53:33 --> Severity: Warning --> call_user_func_array() expects parameter 1 to be a valid callback, class 'Home' does not have a method 'notfound' D:\laragon\www\giapha\system\core\CodeIgniter.php 532
ERROR - 2025-01-10 00:53:34 --> Severity: Warning --> call_user_func_array() expects parameter 1 to be a valid callback, class 'Home' does not have a method 'notfound' D:\laragon\www\giapha\system\core\CodeIgniter.php 532
ERROR - 2025-01-10 00:53:39 --> Severity: Warning --> call_user_func_array() expects parameter 1 to be a valid callback, class 'Home' does not have a method 'notfound' D:\laragon\www\giapha\system\core\CodeIgniter.php 532
ERROR - 2025-01-10 00:53:40 --> Severity: Warning --> call_user_func_array() expects parameter 1 to be a valid callback, class 'Home' does not have a method 'notfound' D:\laragon\www\giapha\system\core\CodeIgniter.php 532
ERROR - 2025-01-10 00:53:40 --> Severity: Warning --> call_user_func_array() expects parameter 1 to be a valid callback, class 'Home' does not have a method 'notfound' D:\laragon\www\giapha\system\core\CodeIgniter.php 532
ERROR - 2025-01-10 01:01:56 --> Severity: Warning --> call_user_func_array() expects parameter 1 to be a valid callback, class 'Home' does not have a method 'notfound' D:\laragon\www\giapha\system\core\CodeIgniter.php 532
ERROR - 2025-01-10 01:01:57 --> Severity: Warning --> call_user_func_array() expects parameter 1 to be a valid callback, class 'Home' does not have a method 'notfound' D:\laragon\www\giapha\system\core\CodeIgniter.php 532
ERROR - 2025-01-10 01:02:58 --> Severity: Warning --> call_user_func_array() expects parameter 1 to be a valid callback, class 'Home' does not have a method 'notfound' D:\laragon\www\giapha\system\core\CodeIgniter.php 532
ERROR - 2025-01-10 01:02:59 --> Severity: Warning --> call_user_func_array() expects parameter 1 to be a valid callback, class 'Home' does not have a method 'notfound' D:\laragon\www\giapha\system\core\CodeIgniter.php 532
ERROR - 2025-01-10 01:03:23 --> Severity: Warning --> call_user_func_array() expects parameter 1 to be a valid callback, class 'Home' does not have a method 'notfound' D:\laragon\www\giapha\system\core\CodeIgniter.php 532
ERROR - 2025-01-10 01:03:24 --> Severity: Warning --> call_user_func_array() expects parameter 1 to be a valid callback, class 'Home' does not have a method 'notfound' D:\laragon\www\giapha\system\core\CodeIgniter.php 532
ERROR - 2025-01-10 01:04:07 --> Severity: Warning --> call_user_func_array() expects parameter 1 to be a valid callback, class 'Home' does not have a method 'notfound' D:\laragon\www\giapha\system\core\CodeIgniter.php 532
ERROR - 2025-01-10 01:04:09 --> Severity: Warning --> call_user_func_array() expects parameter 1 to be a valid callback, class 'Home' does not have a method 'notfound' D:\laragon\www\giapha\system\core\CodeIgniter.php 532
ERROR - 2025-01-10 01:07:56 --> Severity: Warning --> call_user_func_array() expects parameter 1 to be a valid callback, class 'Home' does not have a method 'notfound' D:\laragon\www\giapha\system\core\CodeIgniter.php 532
ERROR - 2025-01-10 01:07:57 --> Severity: Warning --> call_user_func_array() expects parameter 1 to be a valid callback, class 'Home' does not have a method 'notfound' D:\laragon\www\giapha\system\core\CodeIgniter.php 532
ERROR - 2025-01-10 01:08:03 --> Severity: Warning --> call_user_func_array() expects parameter 1 to be a valid callback, class 'Home' does not have a method 'notfound' D:\laragon\www\giapha\system\core\CodeIgniter.php 532
ERROR - 2025-01-10 01:08:03 --> Severity: Warning --> call_user_func_array() expects parameter 1 to be a valid callback, class 'Home' does not have a method 'notfound' D:\laragon\www\giapha\system\core\CodeIgniter.php 532
ERROR - 2025-01-10 01:15:12 --> Severity: error --> Exception: Cannot use object of type stdClass as array D:\laragon\www\giapha\application\views\public\default\phado\chi_tiet.php 120
ERROR - 2025-01-10 01:15:13 --> Severity: Warning --> call_user_func_array() expects parameter 1 to be a valid callback, class 'Home' does not have a method 'notfound' D:\laragon\www\giapha\system\core\CodeIgniter.php 532
ERROR - 2025-01-10 01:15:16 --> Severity: error --> Exception: Cannot use object of type stdClass as array D:\laragon\www\giapha\application\views\public\default\phado\chi_tiet.php 120
ERROR - 2025-01-10 01:15:17 --> Severity: Warning --> call_user_func_array() expects parameter 1 to be a valid callback, class 'Home' does not have a method 'notfound' D:\laragon\www\giapha\system\core\CodeIgniter.php 532
ERROR - 2025-01-10 01:15:34 --> Severity: error --> Exception: Cannot use object of type stdClass as array D:\laragon\www\giapha\application\views\public\default\phado\chi_tiet.php 120
ERROR - 2025-01-10 01:15:34 --> Severity: Warning --> call_user_func_array() expects parameter 1 to be a valid callback, class 'Home' does not have a method 'notfound' D:\laragon\www\giapha\system\core\CodeIgniter.php 532
ERROR - 2025-01-10 01:16:17 --> Severity: error --> Exception: Cannot use object of type stdClass as array D:\laragon\www\giapha\application\views\public\default\phado\chi_tiet.php 120
ERROR - 2025-01-10 01:16:18 --> Severity: Warning --> call_user_func_array() expects parameter 1 to be a valid callback, class 'Home' does not have a method 'notfound' D:\laragon\www\giapha\system\core\CodeIgniter.php 532
ERROR - 2025-01-10 01:24:57 --> Severity: Warning --> call_user_func_array() expects parameter 1 to be a valid callback, class 'Home' does not have a method 'notfound' D:\laragon\www\giapha\system\core\CodeIgniter.php 532
ERROR - 2025-01-10 01:25:03 --> Severity: Warning --> call_user_func_array() expects parameter 1 to be a valid callback, class 'Home' does not have a method 'notfound' D:\laragon\www\giapha\system\core\CodeIgniter.php 532
ERROR - 2025-01-10 01:25:15 --> Severity: Warning --> call_user_func_array() expects parameter 1 to be a valid callback, class 'Home' does not have a method 'notfound' D:\laragon\www\giapha\system\core\CodeIgniter.php 532
ERROR - 2025-01-10 01:28:56 --> Severity: Warning --> call_user_func_array() expects parameter 1 to be a valid callback, class 'Home' does not have a method 'notfound' D:\laragon\www\giapha\system\core\CodeIgniter.php 532
ERROR - 2025-01-10 01:30:08 --> Severity: Warning --> call_user_func_array() expects parameter 1 to be a valid callback, class 'Home' does not have a method 'notfound' D:\laragon\www\giapha\system\core\CodeIgniter.php 532
ERROR - 2025-01-10 11:33:45 --> Severity: Warning --> call_user_func_array() expects parameter 1 to be a valid callback, class 'Home' does not have a method 'notfound' D:\laragon\www\giapha\system\core\CodeIgniter.php 532
ERROR - 2025-01-10 11:39:38 --> Severity: Warning --> call_user_func_array() expects parameter 1 to be a valid callback, class 'Home' does not have a method 'notfound' D:\laragon\www\giapha\system\core\CodeIgniter.php 532
ERROR - 2025-01-10 11:40:16 --> Severity: Warning --> call_user_func_array() expects parameter 1 to be a valid callback, class 'Home' does not have a method 'notfound' D:\laragon\www\giapha\system\core\CodeIgniter.php 532
ERROR - 2025-01-10 11:40:25 --> Severity: Warning --> call_user_func_array() expects parameter 1 to be a valid callback, class 'Home' does not have a method 'notfound' D:\laragon\www\giapha\system\core\CodeIgniter.php 532
ERROR - 2025-01-10 11:45:25 --> Severity: Warning --> call_user_func_array() expects parameter 1 to be a valid callback, class 'Home' does not have a method 'notfound' D:\laragon\www\giapha\system\core\CodeIgniter.php 532
ERROR - 2025-01-10 11:46:16 --> Severity: Warning --> call_user_func_array() expects parameter 1 to be a valid callback, class 'Home' does not have a method 'notfound' D:\laragon\www\giapha\system\core\CodeIgniter.php 532
ERROR - 2025-01-10 11:46:48 --> Severity: Warning --> call_user_func_array() expects parameter 1 to be a valid callback, class 'Home' does not have a method 'notfound' D:\laragon\www\giapha\system\core\CodeIgniter.php 532
ERROR - 2025-01-10 12:17:02 --> Severity: Warning --> call_user_func_array() expects parameter 1 to be a valid callback, class 'Home' does not have a method 'notfound' D:\laragon\www\giapha\system\core\CodeIgniter.php 532
ERROR - 2025-01-10 12:21:06 --> Severity: Warning --> call_user_func_array() expects parameter 1 to be a valid callback, class 'Home' does not have a method 'notfound' D:\laragon\www\giapha\system\core\CodeIgniter.php 532
ERROR - 2025-01-10 12:23:11 --> Severity: Warning --> call_user_func_array() expects parameter 1 to be a valid callback, class 'Home' does not have a method 'notfound' D:\laragon\www\giapha\system\core\CodeIgniter.php 532
ERROR - 2025-01-10 12:29:52 --> Severity: Warning --> call_user_func_array() expects parameter 1 to be a valid callback, class 'Home' does not have a method 'notfound' D:\laragon\www\giapha\system\core\CodeIgniter.php 532
ERROR - 2025-01-10 12:30:48 --> Severity: Warning --> call_user_func_array() expects parameter 1 to be a valid callback, class 'Home' does not have a method 'notfound' D:\laragon\www\giapha\system\core\CodeIgniter.php 532
ERROR - 2025-01-10 12:30:51 --> Severity: Warning --> call_user_func_array() expects parameter 1 to be a valid callback, class 'Home' does not have a method 'notfound' D:\laragon\www\giapha\system\core\CodeIgniter.php 532
ERROR - 2025-01-10 12:30:52 --> Severity: Warning --> call_user_func_array() expects parameter 1 to be a valid callback, class 'Home' does not have a method 'notfound' D:\laragon\www\giapha\system\core\CodeIgniter.php 532
ERROR - 2025-01-10 12:30:54 --> Severity: Warning --> call_user_func_array() expects parameter 1 to be a valid callback, class 'Home' does not have a method 'notfound' D:\laragon\www\giapha\system\core\CodeIgniter.php 532
ERROR - 2025-01-10 12:30:57 --> Severity: Warning --> call_user_func_array() expects parameter 1 to be a valid callback, class 'Home' does not have a method 'notfound' D:\laragon\www\giapha\system\core\CodeIgniter.php 532
ERROR - 2025-01-10 12:30:59 --> Severity: Warning --> call_user_func_array() expects parameter 1 to be a valid callback, class 'Home' does not have a method 'notfound' D:\laragon\www\giapha\system\core\CodeIgniter.php 532
ERROR - 2025-01-10 12:31:39 --> Severity: Warning --> call_user_func_array() expects parameter 1 to be a valid callback, class 'Home' does not have a method 'notfound' D:\laragon\www\giapha\system\core\CodeIgniter.php 532
ERROR - 2025-01-10 12:31:42 --> Severity: Warning --> call_user_func_array() expects parameter 1 to be a valid callback, class 'Home' does not have a method 'notfound' D:\laragon\www\giapha\system\core\CodeIgniter.php 532
ERROR - 2025-01-10 12:32:42 --> Severity: Warning --> call_user_func_array() expects parameter 1 to be a valid callback, class 'Home' does not have a method 'notfound' D:\laragon\www\giapha\system\core\CodeIgniter.php 532
ERROR - 2025-01-10 12:42:16 --> Severity: error --> Exception: Unknown column 'job_title' in 'INSERT INTO' D:\laragon\www\giapha\system\database\drivers\mysqli\mysqli_driver.php 305
ERROR - 2025-01-10 12:42:18 --> Severity: error --> Exception: Unknown column 'job_title' in 'INSERT INTO' D:\laragon\www\giapha\system\database\drivers\mysqli\mysqli_driver.php 305
ERROR - 2025-01-10 12:42:19 --> Severity: error --> Exception: Unknown column 'job_title' in 'INSERT INTO' D:\laragon\www\giapha\system\database\drivers\mysqli\mysqli_driver.php 305
ERROR - 2025-01-10 14:22:02 --> Severity: Warning --> call_user_func_array() expects parameter 1 to be a valid callback, class 'Home' does not have a method 'notfound' D:\laragon\www\giapha\system\core\CodeIgniter.php 532
ERROR - 2025-01-10 15:02:28 --> Severity: Warning --> call_user_func_array() expects parameter 1 to be a valid callback, class 'Home' does not have a method 'notfound' D:\laragon\www\giapha\system\core\CodeIgniter.php 532
ERROR - 2025-01-10 15:06:04 --> Severity: Warning --> call_user_func_array() expects parameter 1 to be a valid callback, class 'Home' does not have a method 'notfound' D:\laragon\www\giapha\system\core\CodeIgniter.php 532
ERROR - 2025-01-10 15:09:14 --> Severity: Warning --> call_user_func_array() expects parameter 1 to be a valid callback, class 'Home' does not have a method 'notfound' D:\laragon\www\giapha\system\core\CodeIgniter.php 532
ERROR - 2025-01-10 15:09:53 --> Severity: Warning --> call_user_func_array() expects parameter 1 to be a valid callback, class 'Home' does not have a method 'notfound' D:\laragon\www\giapha\system\core\CodeIgniter.php 532
ERROR - 2025-01-10 15:10:27 --> Severity: Warning --> call_user_func_array() expects parameter 1 to be a valid callback, class 'Home' does not have a method 'notfound' D:\laragon\www\giapha\system\core\CodeIgniter.php 532
ERROR - 2025-01-10 15:11:38 --> Severity: Warning --> call_user_func_array() expects parameter 1 to be a valid callback, class 'Home' does not have a method 'notfound' D:\laragon\www\giapha\system\core\CodeIgniter.php 532
ERROR - 2025-01-10 15:12:36 --> Severity: Warning --> call_user_func_array() expects parameter 1 to be a valid callback, class 'Home' does not have a method 'notfound' D:\laragon\www\giapha\system\core\CodeIgniter.php 532
ERROR - 2025-01-10 15:12:37 --> Severity: Warning --> call_user_func_array() expects parameter 1 to be a valid callback, class 'Home' does not have a method 'notfound' D:\laragon\www\giapha\system\core\CodeIgniter.php 532
ERROR - 2025-01-10 15:14:06 --> Severity: Warning --> call_user_func_array() expects parameter 1 to be a valid callback, class 'Home' does not have a method 'notfound' D:\laragon\www\giapha\system\core\CodeIgniter.php 532
ERROR - 2025-01-10 15:14:12 --> Severity: Warning --> call_user_func_array() expects parameter 1 to be a valid callback, class 'Home' does not have a method 'notfound' D:\laragon\www\giapha\system\core\CodeIgniter.php 532
ERROR - 2025-01-10 15:44:45 --> Severity: Warning --> call_user_func_array() expects parameter 1 to be a valid callback, class 'Home' does not have a method 'notfound' D:\laragon\www\giapha\system\core\CodeIgniter.php 532
ERROR - 2025-01-10 15:51:26 --> Severity: Warning --> call_user_func_array() expects parameter 1 to be a valid callback, class 'Home' does not have a method 'notfound' D:\laragon\www\giapha\system\core\CodeIgniter.php 532
ERROR - 2025-01-10 16:04:32 --> Query error: Duplicate entry '2' for key 'PRIMARY' - Invalid query: UPDATE `st_graduate` SET `id` = '2', `year` = '2024', `person_id` = '1', `university` = 'test-c4ca4238a0b923820dcc509a6f75849b'
WHERE `person_id` = '2'
ERROR - 2025-01-10 16:04:32 --> {"code":1062,"message":"Duplicate entry '2' for key 'PRIMARY'"}
ERROR - 2025-01-10 16:04:48 --> Query error: Duplicate entry '1' for key 'UNIQUE' - Invalid query: INSERT INTO `st_graduate` (`id`, `year`, `person_id`, `university`) VALUES ('0', '2022', '1', '222')
ERROR - 2025-01-10 16:04:48 --> {"code":1062,"message":"Duplicate entry '1' for key 'UNIQUE'"}
ERROR - 2025-01-10 16:06:00 --> Query error: Duplicate entry '1' for key 'UNIQUE' - Invalid query: INSERT INTO `st_graduate` (`id`, `year`, `person_id`, `university`) VALUES ('0', '22222', '1', '222')
ERROR - 2025-01-10 16:13:01 --> Query error: Duplicate entry '1' for key 'UNIQUE' - Invalid query: INSERT INTO `st_graduate` (`year`, `person_id`, `university`) VALUES ('22222', '1', '222')
ERROR - 2025-01-10 16:13:01 --> {"code":1062,"message":"Duplicate entry '1' for key 'UNIQUE'"}
ERROR - 2025-01-10 16:16:33 --> Query error: Duplicate entry '1' for key 'UNIQUE' - Invalid query: INSERT INTO `st_graduate` (`year`, `person_id`, `university`) VALUES ('2222', '1', '2')
ERROR - 2025-01-10 16:16:33 --> {"code":1062,"message":"Duplicate entry '1' for key 'UNIQUE'"}
ERROR - 2025-01-10 16:16:45 --> Query error: Duplicate entry '3' for key 'UNIQUE' - Invalid query: INSERT INTO `st_graduate` (`year`, `person_id`, `university`) VALUES ('3333', '3', '333')
ERROR - 2025-01-10 16:16:45 --> {"code":1062,"message":"Duplicate entry '3' for key 'UNIQUE'"}
ERROR - 2025-01-10 16:17:21 --> Query error: Duplicate entry '3' for key 'UNIQUE' - Invalid query: INSERT INTO `st_graduate` (`year`, `person_id`, `university`) VALUES ('2222', '3', '2222')
ERROR - 2025-01-10 16:17:21 --> {"code":1062,"message":"Duplicate entry '3' for key 'UNIQUE'"}
ERROR - 2025-01-10 16:46:30 --> Severity: Warning --> call_user_func_array() expects parameter 1 to be a valid callback, class 'Home' does not have a method 'notfound' D:\laragon\www\giapha\system\core\CodeIgniter.php 532
ERROR - 2025-01-10 16:46:30 --> Severity: Warning --> call_user_func_array() expects parameter 1 to be a valid callback, class 'Home' does not have a method 'notfound' D:\laragon\www\giapha\system\core\CodeIgniter.php 532
ERROR - 2025-01-10 16:47:54 --> Severity: Warning --> call_user_func_array() expects parameter 1 to be a valid callback, class 'Home' does not have a method 'notfound' D:\laragon\www\giapha\system\core\CodeIgniter.php 532
ERROR - 2025-01-10 16:47:54 --> Severity: Warning --> call_user_func_array() expects parameter 1 to be a valid callback, class 'Home' does not have a method 'notfound' D:\laragon\www\giapha\system\core\CodeIgniter.php 532
ERROR - 2025-01-10 16:49:46 --> Severity: Warning --> call_user_func_array() expects parameter 1 to be a valid callback, class 'Home' does not have a method 'notfound' D:\laragon\www\giapha\system\core\CodeIgniter.php 532
ERROR - 2025-01-10 16:49:47 --> Severity: Warning --> call_user_func_array() expects parameter 1 to be a valid callback, class 'Home' does not have a method 'notfound' D:\laragon\www\giapha\system\core\CodeIgniter.php 532
ERROR - 2025-01-10 16:57:22 --> Severity: Warning --> call_user_func_array() expects parameter 1 to be a valid callback, class 'Home' does not have a method 'notfound' D:\laragon\www\giapha\system\core\CodeIgniter.php 532
ERROR - 2025-01-10 16:57:22 --> Severity: Warning --> call_user_func_array() expects parameter 1 to be a valid callback, class 'Home' does not have a method 'notfound' D:\laragon\www\giapha\system\core\CodeIgniter.php 532
ERROR - 2025-01-10 16:58:53 --> Severity: Warning --> call_user_func_array() expects parameter 1 to be a valid callback, class 'Home' does not have a method 'notfound' D:\laragon\www\giapha\system\core\CodeIgniter.php 532
ERROR - 2025-01-10 16:58:53 --> Severity: Warning --> call_user_func_array() expects parameter 1 to be a valid callback, class 'Home' does not have a method 'notfound' D:\laragon\www\giapha\system\core\CodeIgniter.php 532
ERROR - 2025-01-10 17:00:03 --> Severity: Warning --> call_user_func_array() expects parameter 1 to be a valid callback, class 'Home' does not have a method 'notfound' D:\laragon\www\giapha\system\core\CodeIgniter.php 532
ERROR - 2025-01-10 17:00:03 --> Severity: Warning --> call_user_func_array() expects parameter 1 to be a valid callback, class 'Home' does not have a method 'notfound' D:\laragon\www\giapha\system\core\CodeIgniter.php 532
ERROR - 2025-01-10 17:00:34 --> Severity: Warning --> call_user_func_array() expects parameter 1 to be a valid callback, class 'Home' does not have a method 'notfound' D:\laragon\www\giapha\system\core\CodeIgniter.php 532
ERROR - 2025-01-10 17:00:34 --> Severity: Warning --> call_user_func_array() expects parameter 1 to be a valid callback, class 'Home' does not have a method 'notfound' D:\laragon\www\giapha\system\core\CodeIgniter.php 532
ERROR - 2025-01-10 17:04:36 --> Severity: Warning --> call_user_func_array() expects parameter 1 to be a valid callback, class 'Home' does not have a method 'notfound' D:\laragon\www\giapha\system\core\CodeIgniter.php 532
ERROR - 2025-01-10 17:04:37 --> Severity: Warning --> call_user_func_array() expects parameter 1 to be a valid callback, class 'Home' does not have a method 'notfound' D:\laragon\www\giapha\system\core\CodeIgniter.php 532
ERROR - 2025-01-10 17:08:39 --> Severity: Warning --> Attempt to assign property 'thumbnail' of non-object D:\laragon\www\giapha\application\controllers\Family.php 271
ERROR - 2025-01-10 17:08:39 --> Severity: Warning --> Attempt to assign property 'thumbnail' of non-object D:\laragon\www\giapha\application\controllers\Family.php 271
ERROR - 2025-01-10 17:08:39 --> Severity: Warning --> Attempt to assign property 'thumbnail' of non-object D:\laragon\www\giapha\application\controllers\Family.php 271
ERROR - 2025-01-10 17:08:40 --> Severity: Warning --> call_user_func_array() expects parameter 1 to be a valid callback, class 'Home' does not have a method 'notfound' D:\laragon\www\giapha\system\core\CodeIgniter.php 532
ERROR - 2025-01-10 17:17:24 --> Severity: Warning --> call_user_func_array() expects parameter 1 to be a valid callback, class 'Home' does not have a method 'notfound' D:\laragon\www\giapha\system\core\CodeIgniter.php 532
ERROR - 2025-01-10 17:17:27 --> Severity: Warning --> call_user_func_array() expects parameter 1 to be a valid callback, class 'Home' does not have a method 'notfound' D:\laragon\www\giapha\system\core\CodeIgniter.php 532
ERROR - 2025-01-10 17:32:33 --> Severity: Warning --> call_user_func_array() expects parameter 1 to be a valid callback, class 'Home' does not have a method 'notfound' D:\laragon\www\giapha\system\core\CodeIgniter.php 532
ERROR - 2025-01-10 17:32:39 --> Severity: Warning --> call_user_func_array() expects parameter 1 to be a valid callback, class 'Home' does not have a method 'notfound' D:\laragon\www\giapha\system\core\CodeIgniter.php 532
ERROR - 2025-01-10 17:44:51 --> Severity: Warning --> call_user_func_array() expects parameter 1 to be a valid callback, class 'Home' does not have a method 'notfound' D:\laragon\www\giapha\system\core\CodeIgniter.php 532
ERROR - 2025-01-10 17:45:03 --> Severity: Warning --> call_user_func_array() expects parameter 1 to be a valid callback, class 'Home' does not have a method 'notfound' D:\laragon\www\giapha\system\core\CodeIgniter.php 532
ERROR - 2025-01-10 17:48:58 --> Severity: Warning --> call_user_func_array() expects parameter 1 to be a valid callback, class 'Home' does not have a method 'notfound' D:\laragon\www\giapha\system\core\CodeIgniter.php 532
ERROR - 2025-01-10 17:49:01 --> Severity: Warning --> call_user_func_array() expects parameter 1 to be a valid callback, class 'Home' does not have a method 'notfound' D:\laragon\www\giapha\system\core\CodeIgniter.php 532
ERROR - 2025-01-10 17:49:28 --> Severity: Warning --> call_user_func_array() expects parameter 1 to be a valid callback, class 'Home' does not have a method 'notfound' D:\laragon\www\giapha\system\core\CodeIgniter.php 532
ERROR - 2025-01-10 17:50:37 --> Severity: Warning --> call_user_func_array() expects parameter 1 to be a valid callback, class 'Home' does not have a method 'notfound' D:\laragon\www\giapha\system\core\CodeIgniter.php 532
ERROR - 2025-01-10 17:50:59 --> Severity: Warning --> call_user_func_array() expects parameter 1 to be a valid callback, class 'Home' does not have a method 'notfound' D:\laragon\www\giapha\system\core\CodeIgniter.php 532
ERROR - 2025-01-10 17:51:06 --> Severity: Warning --> call_user_func_array() expects parameter 1 to be a valid callback, class 'Home' does not have a method 'notfound' D:\laragon\www\giapha\system\core\CodeIgniter.php 532
ERROR - 2025-01-10 17:51:09 --> Severity: Warning --> call_user_func_array() expects parameter 1 to be a valid callback, class 'Home' does not have a method 'notfound' D:\laragon\www\giapha\system\core\CodeIgniter.php 532
ERROR - 2025-01-10 17:51:13 --> Severity: Warning --> call_user_func_array() expects parameter 1 to be a valid callback, class 'Home' does not have a method 'notfound' D:\laragon\www\giapha\system\core\CodeIgniter.php 532
ERROR - 2025-01-10 17:51:19 --> Severity: Warning --> call_user_func_array() expects parameter 1 to be a valid callback, class 'Home' does not have a method 'notfound' D:\laragon\www\giapha\system\core\CodeIgniter.php 532
ERROR - 2025-01-10 17:51:22 --> Severity: Warning --> call_user_func_array() expects parameter 1 to be a valid callback, class 'Home' does not have a method 'notfound' D:\laragon\www\giapha\system\core\CodeIgniter.php 532
ERROR - 2025-01-10 17:51:23 --> Severity: Warning --> call_user_func_array() expects parameter 1 to be a valid callback, class 'Home' does not have a method 'notfound' D:\laragon\www\giapha\system\core\CodeIgniter.php 532
ERROR - 2025-01-10 17:51:25 --> Severity: Warning --> call_user_func_array() expects parameter 1 to be a valid callback, class 'Home' does not have a method 'notfound' D:\laragon\www\giapha\system\core\CodeIgniter.php 532
ERROR - 2025-01-10 17:51:27 --> Severity: Warning --> call_user_func_array() expects parameter 1 to be a valid callback, class 'Home' does not have a method 'notfound' D:\laragon\www\giapha\system\core\CodeIgniter.php 532
ERROR - 2025-01-10 17:51:32 --> Severity: Warning --> call_user_func_array() expects parameter 1 to be a valid callback, class 'Home' does not have a method 'notfound' D:\laragon\www\giapha\system\core\CodeIgniter.php 532
ERROR - 2025-01-10 17:51:38 --> Severity: Warning --> call_user_func_array() expects parameter 1 to be a valid callback, class 'Home' does not have a method 'notfound' D:\laragon\www\giapha\system\core\CodeIgniter.php 532
ERROR - 2025-01-10 17:51:57 --> Severity: Warning --> call_user_func_array() expects parameter 1 to be a valid callback, class 'Home' does not have a method 'notfound' D:\laragon\www\giapha\system\core\CodeIgniter.php 532
ERROR - 2025-01-10 17:52:02 --> Severity: Warning --> call_user_func_array() expects parameter 1 to be a valid callback, class 'Home' does not have a method 'notfound' D:\laragon\www\giapha\system\core\CodeIgniter.php 532
ERROR - 2025-01-10 17:53:03 --> Severity: Warning --> call_user_func_array() expects parameter 1 to be a valid callback, class 'Home' does not have a method 'notfound' D:\laragon\www\giapha\system\core\CodeIgniter.php 532
ERROR - 2025-01-10 17:53:11 --> Severity: Warning --> call_user_func_array() expects parameter 1 to be a valid callback, class 'Home' does not have a method 'notfound' D:\laragon\www\giapha\system\core\CodeIgniter.php 532
ERROR - 2025-01-10 17:53:52 --> Severity: Warning --> call_user_func_array() expects parameter 1 to be a valid callback, class 'Home' does not have a method 'notfound' D:\laragon\www\giapha\system\core\CodeIgniter.php 532
ERROR - 2025-01-10 17:54:09 --> Severity: Warning --> call_user_func_array() expects parameter 1 to be a valid callback, class 'Home' does not have a method 'notfound' D:\laragon\www\giapha\system\core\CodeIgniter.php 532
ERROR - 2025-01-10 17:54:19 --> Severity: Warning --> call_user_func_array() expects parameter 1 to be a valid callback, class 'Home' does not have a method 'notfound' D:\laragon\www\giapha\system\core\CodeIgniter.php 532
ERROR - 2025-01-10 17:54:30 --> Severity: Warning --> call_user_func_array() expects parameter 1 to be a valid callback, class 'Home' does not have a method 'notfound' D:\laragon\www\giapha\system\core\CodeIgniter.php 532
ERROR - 2025-01-10 17:54:32 --> Severity: Warning --> call_user_func_array() expects parameter 1 to be a valid callback, class 'Home' does not have a method 'notfound' D:\laragon\www\giapha\system\core\CodeIgniter.php 532
ERROR - 2025-01-10 17:54:35 --> Severity: Warning --> call_user_func_array() expects parameter 1 to be a valid callback, class 'Home' does not have a method 'notfound' D:\laragon\www\giapha\system\core\CodeIgniter.php 532
ERROR - 2025-01-10 17:54:37 --> Severity: Warning --> call_user_func_array() expects parameter 1 to be a valid callback, class 'Home' does not have a method 'notfound' D:\laragon\www\giapha\system\core\CodeIgniter.php 532
ERROR - 2025-01-10 17:54:37 --> Severity: Warning --> call_user_func_array() expects parameter 1 to be a valid callback, class 'Home' does not have a method 'notfound' D:\laragon\www\giapha\system\core\CodeIgniter.php 532
ERROR - 2025-01-10 17:55:38 --> Severity: Warning --> call_user_func_array() expects parameter 1 to be a valid callback, class 'Home' does not have a method 'notfound' D:\laragon\www\giapha\system\core\CodeIgniter.php 532
ERROR - 2025-01-10 17:55:39 --> Severity: Warning --> call_user_func_array() expects parameter 1 to be a valid callback, class 'Home' does not have a method 'notfound' D:\laragon\www\giapha\system\core\CodeIgniter.php 532
ERROR - 2025-01-10 17:56:55 --> Severity: Warning --> call_user_func_array() expects parameter 1 to be a valid callback, class 'Home' does not have a method 'notfound' D:\laragon\www\giapha\system\core\CodeIgniter.php 532
ERROR - 2025-01-10 17:56:55 --> Severity: Warning --> call_user_func_array() expects parameter 1 to be a valid callback, class 'Home' does not have a method 'notfound' D:\laragon\www\giapha\system\core\CodeIgniter.php 532
ERROR - 2025-01-10 17:59:14 --> Severity: Warning --> call_user_func_array() expects parameter 1 to be a valid callback, class 'Home' does not have a method 'notfound' D:\laragon\www\giapha\system\core\CodeIgniter.php 532
ERROR - 2025-01-10 17:59:15 --> Severity: Warning --> call_user_func_array() expects parameter 1 to be a valid callback, class 'Home' does not have a method 'notfound' D:\laragon\www\giapha\system\core\CodeIgniter.php 532
ERROR - 2025-01-10 17:59:17 --> Severity: Warning --> call_user_func_array() expects parameter 1 to be a valid callback, class 'Home' does not have a method 'notfound' D:\laragon\www\giapha\system\core\CodeIgniter.php 532
ERROR - 2025-01-10 17:59:18 --> Severity: Warning --> call_user_func_array() expects parameter 1 to be a valid callback, class 'Home' does not have a method 'notfound' D:\laragon\www\giapha\system\core\CodeIgniter.php 532
ERROR - 2025-01-10 17:59:37 --> Severity: Warning --> call_user_func_array() expects parameter 1 to be a valid callback, class 'Home' does not have a method 'notfound' D:\laragon\www\giapha\system\core\CodeIgniter.php 532
ERROR - 2025-01-10 17:59:38 --> Severity: Warning --> call_user_func_array() expects parameter 1 to be a valid callback, class 'Home' does not have a method 'notfound' D:\laragon\www\giapha\system\core\CodeIgniter.php 532
ERROR - 2025-01-10 17:59:55 --> Severity: Warning --> call_user_func_array() expects parameter 1 to be a valid callback, class 'Home' does not have a method 'notfound' D:\laragon\www\giapha\system\core\CodeIgniter.php 532
ERROR - 2025-01-10 17:59:56 --> Severity: Warning --> call_user_func_array() expects parameter 1 to be a valid callback, class 'Home' does not have a method 'notfound' D:\laragon\www\giapha\system\core\CodeIgniter.php 532
ERROR - 2025-01-10 18:00:02 --> Severity: Warning --> call_user_func_array() expects parameter 1 to be a valid callback, class 'Home' does not have a method 'notfound' D:\laragon\www\giapha\system\core\CodeIgniter.php 532
ERROR - 2025-01-10 18:00:08 --> Severity: Warning --> call_user_func_array() expects parameter 1 to be a valid callback, class 'Home' does not have a method 'notfound' D:\laragon\www\giapha\system\core\CodeIgniter.php 532
ERROR - 2025-01-10 18:00:16 --> Severity: Warning --> call_user_func_array() expects parameter 1 to be a valid callback, class 'Home' does not have a method 'notfound' D:\laragon\www\giapha\system\core\CodeIgniter.php 532
ERROR - 2025-01-10 18:00:20 --> Severity: Warning --> call_user_func_array() expects parameter 1 to be a valid callback, class 'Home' does not have a method 'notfound' D:\laragon\www\giapha\system\core\CodeIgniter.php 532
ERROR - 2025-01-10 18:04:58 --> Severity: Warning --> call_user_func_array() expects parameter 1 to be a valid callback, class 'Home' does not have a method 'notfound' D:\laragon\www\giapha\system\core\CodeIgniter.php 532
ERROR - 2025-01-10 18:05:12 --> Severity: Warning --> call_user_func_array() expects parameter 1 to be a valid callback, class 'Home' does not have a method 'notfound' D:\laragon\www\giapha\system\core\CodeIgniter.php 532
ERROR - 2025-01-10 18:05:22 --> Severity: Warning --> call_user_func_array() expects parameter 1 to be a valid callback, class 'Home' does not have a method 'notfound' D:\laragon\www\giapha\system\core\CodeIgniter.php 532
ERROR - 2025-01-10 18:05:27 --> Severity: Warning --> call_user_func_array() expects parameter 1 to be a valid callback, class 'Home' does not have a method 'notfound' D:\laragon\www\giapha\system\core\CodeIgniter.php 532
ERROR - 2025-01-10 18:05:35 --> Severity: Warning --> call_user_func_array() expects parameter 1 to be a valid callback, class 'Home' does not have a method 'notfound' D:\laragon\www\giapha\system\core\CodeIgniter.php 532
ERROR - 2025-01-10 18:05:40 --> Severity: Warning --> call_user_func_array() expects parameter 1 to be a valid callback, class 'Home' does not have a method 'notfound' D:\laragon\www\giapha\system\core\CodeIgniter.php 532
ERROR - 2025-01-10 18:06:04 --> Severity: Warning --> call_user_func_array() expects parameter 1 to be a valid callback, class 'Home' does not have a method 'notfound' D:\laragon\www\giapha\system\core\CodeIgniter.php 532
ERROR - 2025-01-10 18:06:04 --> Severity: Warning --> call_user_func_array() expects parameter 1 to be a valid callback, class 'Home' does not have a method 'notfound' D:\laragon\www\giapha\system\core\CodeIgniter.php 532
ERROR - 2025-01-10 18:06:10 --> Severity: Warning --> call_user_func_array() expects parameter 1 to be a valid callback, class 'Home' does not have a method 'notfound' D:\laragon\www\giapha\system\core\CodeIgniter.php 532
ERROR - 2025-01-10 18:08:32 --> Severity: Warning --> call_user_func_array() expects parameter 1 to be a valid callback, class 'Home' does not have a method 'notfound' D:\laragon\www\giapha\system\core\CodeIgniter.php 532
ERROR - 2025-01-10 18:08:37 --> Severity: Warning --> call_user_func_array() expects parameter 1 to be a valid callback, class 'Home' does not have a method 'notfound' D:\laragon\www\giapha\system\core\CodeIgniter.php 532
ERROR - 2025-01-10 18:08:40 --> Severity: Warning --> call_user_func_array() expects parameter 1 to be a valid callback, class 'Home' does not have a method 'notfound' D:\laragon\www\giapha\system\core\CodeIgniter.php 532
ERROR - 2025-01-10 18:09:35 --> Severity: Warning --> call_user_func_array() expects parameter 1 to be a valid callback, class 'Home' does not have a method 'notfound' D:\laragon\www\giapha\system\core\CodeIgniter.php 532
ERROR - 2025-01-10 18:09:52 --> Severity: Warning --> call_user_func_array() expects parameter 1 to be a valid callback, class 'Home' does not have a method 'notfound' D:\laragon\www\giapha\system\core\CodeIgniter.php 532
ERROR - 2025-01-10 18:10:13 --> Severity: Warning --> call_user_func_array() expects parameter 1 to be a valid callback, class 'Home' does not have a method 'notfound' D:\laragon\www\giapha\system\core\CodeIgniter.php 532
ERROR - 2025-01-10 18:10:16 --> Severity: Warning --> call_user_func_array() expects parameter 1 to be a valid callback, class 'Home' does not have a method 'notfound' D:\laragon\www\giapha\system\core\CodeIgniter.php 532
ERROR - 2025-01-10 18:10:19 --> Severity: Warning --> call_user_func_array() expects parameter 1 to be a valid callback, class 'Home' does not have a method 'notfound' D:\laragon\www\giapha\system\core\CodeIgniter.php 532
ERROR - 2025-01-10 18:10:54 --> Severity: Warning --> call_user_func_array() expects parameter 1 to be a valid callback, class 'Home' does not have a method 'notfound' D:\laragon\www\giapha\system\core\CodeIgniter.php 532
ERROR - 2025-01-10 18:10:59 --> Severity: Warning --> call_user_func_array() expects parameter 1 to be a valid callback, class 'Home' does not have a method 'notfound' D:\laragon\www\giapha\system\core\CodeIgniter.php 532
ERROR - 2025-01-10 18:11:03 --> Severity: Warning --> call_user_func_array() expects parameter 1 to be a valid callback, class 'Home' does not have a method 'notfound' D:\laragon\www\giapha\system\core\CodeIgniter.php 532
ERROR - 2025-01-10 18:12:47 --> Severity: Warning --> call_user_func_array() expects parameter 1 to be a valid callback, class 'Home' does not have a method 'notfound' D:\laragon\www\giapha\system\core\CodeIgniter.php 532
ERROR - 2025-01-10 18:13:23 --> Severity: Warning --> call_user_func_array() expects parameter 1 to be a valid callback, class 'Home' does not have a method 'notfound' D:\laragon\www\giapha\system\core\CodeIgniter.php 532
ERROR - 2025-01-10 18:14:47 --> Severity: Warning --> call_user_func_array() expects parameter 1 to be a valid callback, class 'Home' does not have a method 'notfound' D:\laragon\www\giapha\system\core\CodeIgniter.php 532
ERROR - 2025-01-10 18:15:40 --> Severity: Warning --> call_user_func_array() expects parameter 1 to be a valid callback, class 'Home' does not have a method 'notfound' D:\laragon\www\giapha\system\core\CodeIgniter.php 532
ERROR - 2025-01-10 18:17:00 --> Severity: Warning --> call_user_func_array() expects parameter 1 to be a valid callback, class 'Home' does not have a method 'notfound' D:\laragon\www\giapha\system\core\CodeIgniter.php 532
ERROR - 2025-01-10 18:18:02 --> Severity: Warning --> call_user_func_array() expects parameter 1 to be a valid callback, class 'Home' does not have a method 'notfound' D:\laragon\www\giapha\system\core\CodeIgniter.php 532
ERROR - 2025-01-10 18:18:09 --> Severity: Warning --> call_user_func_array() expects parameter 1 to be a valid callback, class 'Home' does not have a method 'notfound' D:\laragon\www\giapha\system\core\CodeIgniter.php 532
ERROR - 2025-01-10 18:26:28 --> Severity: Warning --> call_user_func_array() expects parameter 1 to be a valid callback, class 'Home' does not have a method 'notfound' D:\laragon\www\giapha\system\core\CodeIgniter.php 532
ERROR - 2025-01-10 18:26:30 --> Severity: Warning --> call_user_func_array() expects parameter 1 to be a valid callback, class 'Home' does not have a method 'notfound' D:\laragon\www\giapha\system\core\CodeIgniter.php 532
ERROR - 2025-01-10 18:26:31 --> Severity: Warning --> call_user_func_array() expects parameter 1 to be a valid callback, class 'Home' does not have a method 'notfound' D:\laragon\www\giapha\system\core\CodeIgniter.php 532
ERROR - 2025-01-10 18:27:18 --> Severity: Warning --> call_user_func_array() expects parameter 1 to be a valid callback, class 'Home' does not have a method 'notfound' D:\laragon\www\giapha\system\core\CodeIgniter.php 532
ERROR - 2025-01-10 18:27:19 --> Severity: Warning --> call_user_func_array() expects parameter 1 to be a valid callback, class 'Home' does not have a method 'notfound' D:\laragon\www\giapha\system\core\CodeIgniter.php 532
ERROR - 2025-01-10 18:29:26 --> Severity: Warning --> call_user_func_array() expects parameter 1 to be a valid callback, class 'Home' does not have a method 'notfound' D:\laragon\www\giapha\system\core\CodeIgniter.php 532
ERROR - 2025-01-10 18:29:27 --> Severity: Warning --> call_user_func_array() expects parameter 1 to be a valid callback, class 'Home' does not have a method 'notfound' D:\laragon\www\giapha\system\core\CodeIgniter.php 532
ERROR - 2025-01-10 18:31:35 --> Severity: Warning --> call_user_func_array() expects parameter 1 to be a valid callback, class 'Home' does not have a method 'notfound' D:\laragon\www\giapha\system\core\CodeIgniter.php 532
ERROR - 2025-01-10 18:31:36 --> Severity: Warning --> call_user_func_array() expects parameter 1 to be a valid callback, class 'Home' does not have a method 'notfound' D:\laragon\www\giapha\system\core\CodeIgniter.php 532
ERROR - 2025-01-10 18:41:46 --> Severity: Warning --> call_user_func_array() expects parameter 1 to be a valid callback, class 'Home' does not have a method 'notfound' D:\laragon\www\giapha\system\core\CodeIgniter.php 532
ERROR - 2025-01-10 18:41:47 --> Severity: Warning --> call_user_func_array() expects parameter 1 to be a valid callback, class 'Home' does not have a method 'notfound' D:\laragon\www\giapha\system\core\CodeIgniter.php 532
ERROR - 2025-01-10 18:50:52 --> Severity: Warning --> call_user_func_array() expects parameter 1 to be a valid callback, class 'Home' does not have a method 'notfound' D:\laragon\www\giapha\system\core\CodeIgniter.php 532
ERROR - 2025-01-10 18:50:52 --> Severity: Warning --> call_user_func_array() expects parameter 1 to be a valid callback, class 'Home' does not have a method 'notfound' D:\laragon\www\giapha\system\core\CodeIgniter.php 532
ERROR - 2025-01-10 18:50:57 --> Severity: Warning --> Attempt to assign property 'thumbnail' of non-object D:\laragon\www\giapha\application\controllers\Family.php 271
ERROR - 2025-01-10 18:50:57 --> Severity: Warning --> Attempt to assign property 'thumbnail' of non-object D:\laragon\www\giapha\application\controllers\Family.php 271
ERROR - 2025-01-10 18:50:57 --> Severity: Warning --> Attempt to assign property 'thumbnail' of non-object D:\laragon\www\giapha\application\controllers\Family.php 271
ERROR - 2025-01-10 18:51:26 --> Severity: Warning --> call_user_func_array() expects parameter 1 to be a valid callback, class 'Home' does not have a method 'notfound' D:\laragon\www\giapha\system\core\CodeIgniter.php 532
ERROR - 2025-01-10 18:51:27 --> Severity: Warning --> call_user_func_array() expects parameter 1 to be a valid callback, class 'Home' does not have a method 'notfound' D:\laragon\www\giapha\system\core\CodeIgniter.php 532
ERROR - 2025-01-10 18:52:22 --> Severity: Warning --> call_user_func_array() expects parameter 1 to be a valid callback, class 'Home' does not have a method 'notfound' D:\laragon\www\giapha\system\core\CodeIgniter.php 532
ERROR - 2025-01-10 18:52:22 --> Severity: Warning --> call_user_func_array() expects parameter 1 to be a valid callback, class 'Home' does not have a method 'notfound' D:\laragon\www\giapha\system\core\CodeIgniter.php 532
ERROR - 2025-01-10 18:53:22 --> Severity: Warning --> call_user_func_array() expects parameter 1 to be a valid callback, class 'Home' does not have a method 'notfound' D:\laragon\www\giapha\system\core\CodeIgniter.php 532
ERROR - 2025-01-10 18:53:22 --> Severity: Warning --> call_user_func_array() expects parameter 1 to be a valid callback, class 'Home' does not have a method 'notfound' D:\laragon\www\giapha\system\core\CodeIgniter.php 532
ERROR - 2025-01-10 18:55:51 --> Severity: Warning --> call_user_func_array() expects parameter 1 to be a valid callback, class 'Home' does not have a method 'notfound' D:\laragon\www\giapha\system\core\CodeIgniter.php 532
ERROR - 2025-01-10 18:55:52 --> Severity: Warning --> call_user_func_array() expects parameter 1 to be a valid callback, class 'Home' does not have a method 'notfound' D:\laragon\www\giapha\system\core\CodeIgniter.php 532
ERROR - 2025-01-10 18:56:52 --> Severity: Warning --> call_user_func_array() expects parameter 1 to be a valid callback, class 'Home' does not have a method 'notfound' D:\laragon\www\giapha\system\core\CodeIgniter.php 532
ERROR - 2025-01-10 18:56:53 --> Severity: Warning --> call_user_func_array() expects parameter 1 to be a valid callback, class 'Home' does not have a method 'notfound' D:\laragon\www\giapha\system\core\CodeIgniter.php 532
ERROR - 2025-01-10 18:57:53 --> Severity: Warning --> call_user_func_array() expects parameter 1 to be a valid callback, class 'Home' does not have a method 'notfound' D:\laragon\www\giapha\system\core\CodeIgniter.php 532
ERROR - 2025-01-10 18:57:53 --> Severity: Warning --> call_user_func_array() expects parameter 1 to be a valid callback, class 'Home' does not have a method 'notfound' D:\laragon\www\giapha\system\core\CodeIgniter.php 532
ERROR - 2025-01-10 18:58:27 --> Severity: Warning --> call_user_func_array() expects parameter 1 to be a valid callback, class 'Home' does not have a method 'notfound' D:\laragon\www\giapha\system\core\CodeIgniter.php 532
ERROR - 2025-01-10 18:58:28 --> Severity: Warning --> call_user_func_array() expects parameter 1 to be a valid callback, class 'Home' does not have a method 'notfound' D:\laragon\www\giapha\system\core\CodeIgniter.php 532
ERROR - 2025-01-10 18:58:38 --> Severity: Warning --> call_user_func_array() expects parameter 1 to be a valid callback, class 'Home' does not have a method 'notfound' D:\laragon\www\giapha\system\core\CodeIgniter.php 532
ERROR - 2025-01-10 18:58:38 --> Severity: Warning --> call_user_func_array() expects parameter 1 to be a valid callback, class 'Home' does not have a method 'notfound' D:\laragon\www\giapha\system\core\CodeIgniter.php 532
ERROR - 2025-01-10 18:59:06 --> Severity: Warning --> call_user_func_array() expects parameter 1 to be a valid callback, class 'Home' does not have a method 'notfound' D:\laragon\www\giapha\system\core\CodeIgniter.php 532
ERROR - 2025-01-10 18:59:07 --> Severity: Warning --> call_user_func_array() expects parameter 1 to be a valid callback, class 'Home' does not have a method 'notfound' D:\laragon\www\giapha\system\core\CodeIgniter.php 532
ERROR - 2025-01-10 18:59:22 --> Severity: Warning --> call_user_func_array() expects parameter 1 to be a valid callback, class 'Home' does not have a method 'notfound' D:\laragon\www\giapha\system\core\CodeIgniter.php 532
ERROR - 2025-01-10 18:59:22 --> Severity: Warning --> call_user_func_array() expects parameter 1 to be a valid callback, class 'Home' does not have a method 'notfound' D:\laragon\www\giapha\system\core\CodeIgniter.php 532
ERROR - 2025-01-10 19:06:26 --> Severity: error --> Exception: Cannot use object of type stdClass as array D:\laragon\www\giapha\application\views\public\default\phado\chi_tiet.php 165
ERROR - 2025-01-10 19:06:27 --> Severity: Warning --> call_user_func_array() expects parameter 1 to be a valid callback, class 'Home' does not have a method 'notfound' D:\laragon\www\giapha\system\core\CodeIgniter.php 532
ERROR - 2025-01-10 19:06:28 --> Severity: error --> Exception: Cannot use object of type stdClass as array D:\laragon\www\giapha\application\views\public\default\phado\chi_tiet.php 165
ERROR - 2025-01-10 19:06:29 --> Severity: Warning --> call_user_func_array() expects parameter 1 to be a valid callback, class 'Home' does not have a method 'notfound' D:\laragon\www\giapha\system\core\CodeIgniter.php 532
ERROR - 2025-01-10 19:09:44 --> Severity: Warning --> call_user_func_array() expects parameter 1 to be a valid callback, class 'Home' does not have a method 'notfound' D:\laragon\www\giapha\system\core\CodeIgniter.php 532
ERROR - 2025-01-10 19:55:39 --> Severity: Warning --> call_user_func_array() expects parameter 1 to be a valid callback, class 'Home' does not have a method 'notfound' D:\laragon\www\giapha\system\core\CodeIgniter.php 532
ERROR - 2025-01-10 19:55:44 --> Severity: Warning --> call_user_func_array() expects parameter 1 to be a valid callback, class 'Home' does not have a method 'notfound' D:\laragon\www\giapha\system\core\CodeIgniter.php 532
ERROR - 2025-01-10 19:58:43 --> Severity: Warning --> call_user_func_array() expects parameter 1 to be a valid callback, class 'Home' does not have a method 'notfound' D:\laragon\www\giapha\system\core\CodeIgniter.php 532
ERROR - 2025-01-10 20:01:03 --> Severity: Warning --> call_user_func_array() expects parameter 1 to be a valid callback, class 'Home' does not have a method 'notfound' D:\laragon\www\giapha\system\core\CodeIgniter.php 532
ERROR - 2025-01-10 20:31:55 --> Severity: Warning --> call_user_func_array() expects parameter 1 to be a valid callback, class 'Home' does not have a method 'notfound' D:\laragon\www\giapha\system\core\CodeIgniter.php 532
ERROR - 2025-01-10 20:32:59 --> Severity: Warning --> call_user_func_array() expects parameter 1 to be a valid callback, class 'Home' does not have a method 'notfound' D:\laragon\www\giapha\system\core\CodeIgniter.php 532
ERROR - 2025-01-10 20:34:53 --> Severity: Warning --> call_user_func_array() expects parameter 1 to be a valid callback, class 'Home' does not have a method 'notfound' D:\laragon\www\giapha\system\core\CodeIgniter.php 532
ERROR - 2025-01-10 20:35:38 --> Severity: Warning --> call_user_func_array() expects parameter 1 to be a valid callback, class 'Home' does not have a method 'notfound' D:\laragon\www\giapha\system\core\CodeIgniter.php 532
ERROR - 2025-01-10 20:36:38 --> Severity: Warning --> call_user_func_array() expects parameter 1 to be a valid callback, class 'Home' does not have a method 'notfound' D:\laragon\www\giapha\system\core\CodeIgniter.php 532
ERROR - 2025-01-10 20:37:22 --> Severity: Warning --> call_user_func_array() expects parameter 1 to be a valid callback, class 'Home' does not have a method 'notfound' D:\laragon\www\giapha\system\core\CodeIgniter.php 532
ERROR - 2025-01-10 20:38:43 --> Severity: Warning --> call_user_func_array() expects parameter 1 to be a valid callback, class 'Home' does not have a method 'notfound' D:\laragon\www\giapha\system\core\CodeIgniter.php 532
ERROR - 2025-01-10 20:41:38 --> Severity: Warning --> call_user_func_array() expects parameter 1 to be a valid callback, class 'Home' does not have a method 'notfound' D:\laragon\www\giapha\system\core\CodeIgniter.php 532
ERROR - 2025-01-10 20:41:40 --> Severity: Warning --> call_user_func_array() expects parameter 1 to be a valid callback, class 'Home' does not have a method 'notfound' D:\laragon\www\giapha\system\core\CodeIgniter.php 532
ERROR - 2025-01-10 20:43:34 --> Severity: Warning --> call_user_func_array() expects parameter 1 to be a valid callback, class 'Home' does not have a method 'notfound' D:\laragon\www\giapha\system\core\CodeIgniter.php 532
ERROR - 2025-01-10 20:51:07 --> Severity: Warning --> call_user_func_array() expects parameter 1 to be a valid callback, class 'Home' does not have a method 'notfound' D:\laragon\www\giapha\system\core\CodeIgniter.php 532
ERROR - 2025-01-10 20:51:58 --> Severity: Warning --> call_user_func_array() expects parameter 1 to be a valid callback, class 'Home' does not have a method 'notfound' D:\laragon\www\giapha\system\core\CodeIgniter.php 532
ERROR - 2025-01-10 20:52:01 --> Severity: Warning --> call_user_func_array() expects parameter 1 to be a valid callback, class 'Home' does not have a method 'notfound' D:\laragon\www\giapha\system\core\CodeIgniter.php 532
ERROR - 2025-01-10 20:52:17 --> Severity: Warning --> call_user_func_array() expects parameter 1 to be a valid callback, class 'Home' does not have a method 'notfound' D:\laragon\www\giapha\system\core\CodeIgniter.php 532
ERROR - 2025-01-10 20:52:43 --> Severity: Warning --> call_user_func_array() expects parameter 1 to be a valid callback, class 'Home' does not have a method 'notfound' D:\laragon\www\giapha\system\core\CodeIgniter.php 532
ERROR - 2025-01-10 20:53:53 --> Severity: Warning --> call_user_func_array() expects parameter 1 to be a valid callback, class 'Home' does not have a method 'notfound' D:\laragon\www\giapha\system\core\CodeIgniter.php 532
ERROR - 2025-01-10 20:56:54 --> Severity: Warning --> mysqli::real_connect(): (HY000/1045): Access denied for user 'kvprjwpd_giapha'@'localhost' (using password: YES) D:\laragon\www\giapha\system\database\drivers\mysqli\mysqli_driver.php 201
ERROR - 2025-01-10 20:56:54 --> Unable to connect to the database
ERROR - 2025-01-10 20:56:54 --> Severity: error --> Exception: Call to a member function real_escape_string() on bool D:\laragon\www\giapha\system\database\drivers\mysqli\mysqli_driver.php 391
ERROR - 2025-01-10 21:23:59 --> Severity: Warning --> call_user_func_array() expects parameter 1 to be a valid callback, class 'Home' does not have a method 'notfound' D:\laragon\www\giapha\system\core\CodeIgniter.php 532
ERROR - 2025-01-10 21:25:55 --> Severity: Warning --> call_user_func_array() expects parameter 1 to be a valid callback, class 'Home' does not have a method 'notfound' D:\laragon\www\giapha\system\core\CodeIgniter.php 532
ERROR - 2025-01-10 21:25:56 --> 404: 
ERROR - 2025-01-10 21:25:56 --> /demo.html
ERROR - 2025-01-10 21:36:41 --> Severity: Warning --> call_user_func_array() expects parameter 1 to be a valid callback, class 'Home' does not have a method 'notfound' D:\laragon\www\giapha\system\core\CodeIgniter.php 532
ERROR - 2025-01-10 21:42:22 --> Severity: Warning --> mysqli::real_connect(): (HY000/1045): Access denied for user 'kvprjwpd_giapha'@'localhost' (using password: YES) D:\laragon\www\giapha\system\database\drivers\mysqli\mysqli_driver.php 201
ERROR - 2025-01-10 21:42:22 --> Unable to connect to the database
ERROR - 2025-01-10 21:42:22 --> Severity: error --> Exception: Call to a member function real_escape_string() on bool D:\laragon\www\giapha\system\database\drivers\mysqli\mysqli_driver.php 391
