ERROR - 2025-08-06 01:09:52 --> Severity: error --> Exception: call_user_func_array(): Argument #1 ($callback) must be a valid callback, class Home does not have a method "notfound" /home/giaphah1/public_html/system/core/CodeIgniter.php 532
ERROR - 2025-08-06 05:00:59 --> Severity: error --> Exception: call_user_func_array(): Argument #1 ($callback) must be a valid callback, class Home does not have a method "notfound" /home/giaphah1/public_html/system/core/CodeIgniter.php 532
ERROR - 2025-08-06 05:01:18 --> Severity: Warning --> Undefined array key 0 /home/giaphah1/public_html/application/controllers/Family.php 270
ERROR - 2025-08-06 05:01:18 --> Severity: Warning --> Attempt to read property "id" on null /home/giaphah1/public_html/application/controllers/Family.php 271
ERROR - 2025-08-06 05:01:18 --> Severity: Warning --> Attempt to read property "id" on null /home/giaphah1/public_html/application/controllers/Family.php 273
ERROR - 2025-08-06 05:01:18 --> Severity: Warning --> Attempt to read property "full_name" on null /home/giaphah1/public_html/application/controllers/Family.php 279
ERROR - 2025-08-06 05:01:18 --> Severity: Warning --> Attempt to read property "parent_id" on null /home/giaphah1/public_html/application/controllers/Family.php 281
ERROR - 2025-08-06 05:01:18 --> Severity: Warning --> Attempt to read property "id" on null /home/giaphah1/public_html/application/controllers/Family.php 285
ERROR - 2025-08-06 05:01:18 --> Severity: Warning --> Attempt to read property "id" on null /home/giaphah1/public_html/application/controllers/Family.php 286
ERROR - 2025-08-06 05:01:18 --> Severity: Warning --> Attempt to read property "id" on null /home/giaphah1/public_html/application/controllers/Family.php 289
ERROR - 2025-08-06 06:36:00 --> Severity: error --> Exception: call_user_func_array(): Argument #1 ($callback) must be a valid callback, class Home does not have a method "notfound" /home/giaphah1/public_html/system/core/CodeIgniter.php 532
ERROR - 2025-08-06 06:36:25 --> Severity: Warning --> Undefined array key 0 /home/giaphah1/public_html/application/controllers/Family.php 270
ERROR - 2025-08-06 06:36:25 --> Severity: Warning --> Attempt to read property "id" on null /home/giaphah1/public_html/application/controllers/Family.php 271
ERROR - 2025-08-06 06:36:25 --> Severity: Warning --> Attempt to read property "id" on null /home/giaphah1/public_html/application/controllers/Family.php 273
ERROR - 2025-08-06 06:36:25 --> Severity: Warning --> Attempt to read property "full_name" on null /home/giaphah1/public_html/application/controllers/Family.php 279
ERROR - 2025-08-06 06:36:25 --> Severity: Warning --> Attempt to read property "parent_id" on null /home/giaphah1/public_html/application/controllers/Family.php 281
ERROR - 2025-08-06 06:36:25 --> Severity: Warning --> Attempt to read property "id" on null /home/giaphah1/public_html/application/controllers/Family.php 285
ERROR - 2025-08-06 06:36:25 --> Severity: Warning --> Attempt to read property "id" on null /home/giaphah1/public_html/application/controllers/Family.php 286
ERROR - 2025-08-06 06:36:25 --> Severity: Warning --> Attempt to read property "id" on null /home/giaphah1/public_html/application/controllers/Family.php 289
ERROR - 2025-08-06 08:26:35 --> Severity: error --> Exception: call_user_func_array(): Argument #1 ($callback) must be a valid callback, class Home does not have a method "notfound" /home/giaphah1/public_html/system/core/CodeIgniter.php 532
ERROR - 2025-08-06 09:32:47 --> Severity: Warning --> Undefined array key "typee" /home/giaphah1/public_html/application/controllers/Family.php 374
ERROR - 2025-08-06 09:32:47 --> Severity: Warning --> Undefined array key "doi" /home/giaphah1/public_html/application/controllers/Family.php 380
ERROR - 2025-08-06 09:55:34 --> Severity: error --> Exception: call_user_func_array(): Argument #1 ($callback) must be a valid callback, class Home does not have a method "notfound" /home/giaphah1/public_html/system/core/CodeIgniter.php 532
ERROR - 2025-08-06 10:23:27 --> Severity: error --> Exception: call_user_func_array(): Argument #1 ($callback) must be a valid callback, class Home does not have a method "notfound" /home/giaphah1/public_html/system/core/CodeIgniter.php 532
ERROR - 2025-08-06 14:29:00 --> Severity: error --> Exception: call_user_func_array(): Argument #1 ($callback) must be a valid callback, class Home does not have a method "notfound" /home/giaphah1/public_html/system/core/CodeIgniter.php 532
ERROR - 2025-08-06 14:49:49 --> Severity: error --> Exception: call_user_func_array(): Argument #1 ($callback) must be a valid callback, class Home does not have a method "notfound" /home/giaphah1/public_html/system/core/CodeIgniter.php 532
ERROR - 2025-08-06 16:53:54 --> Severity: error --> Exception: call_user_func_array(): Argument #1 ($callback) must be a valid callback, class Home does not have a method "notfound" /home/giaphah1/public_html/system/core/CodeIgniter.php 532
ERROR - 2025-08-06 17:25:01 --> Severity: error --> Exception: call_user_func_array(): Argument #1 ($callback) must be a valid callback, class Home does not have a method "notfound" /home/giaphah1/public_html/system/core/CodeIgniter.php 532
ERROR - 2025-08-06 17:25:03 --> Severity: error --> Exception: call_user_func_array(): Argument #1 ($callback) must be a valid callback, class Home does not have a method "notfound" /home/giaphah1/public_html/system/core/CodeIgniter.php 532
ERROR - 2025-08-06 23:38:00 --> Severity: error --> Exception: call_user_func_array(): Argument #1 ($callback) must be a valid callback, class Home does not have a method "notfound" /home/giaphah1/public_html/system/core/CodeIgniter.php 532
ERROR - 2025-08-06 23:38:10 --> Severity: Warning --> Undefined array key 0 /home/giaphah1/public_html/application/controllers/Family.php 270
ERROR - 2025-08-06 23:38:10 --> Severity: Warning --> Attempt to read property "id" on null /home/giaphah1/public_html/application/controllers/Family.php 271
ERROR - 2025-08-06 23:38:10 --> Severity: Warning --> Attempt to read property "id" on null /home/giaphah1/public_html/application/controllers/Family.php 273
ERROR - 2025-08-06 23:38:10 --> Severity: Warning --> Attempt to read property "full_name" on null /home/giaphah1/public_html/application/controllers/Family.php 279
ERROR - 2025-08-06 23:38:10 --> Severity: Warning --> Attempt to read property "parent_id" on null /home/giaphah1/public_html/application/controllers/Family.php 281
ERROR - 2025-08-06 23:38:10 --> Severity: Warning --> Attempt to read property "id" on null /home/giaphah1/public_html/application/controllers/Family.php 285
ERROR - 2025-08-06 23:38:10 --> Severity: Warning --> Attempt to read property "id" on null /home/giaphah1/public_html/application/controllers/Family.php 286
ERROR - 2025-08-06 23:38:10 --> Severity: Warning --> Attempt to read property "id" on null /home/giaphah1/public_html/application/controllers/Family.php 289
ERROR - 2025-08-06 23:43:32 --> Severity: error --> Exception: call_user_func_array(): Argument #1 ($callback) must be a valid callback, class Home does not have a method "notfound" /home/giaphah1/public_html/system/core/CodeIgniter.php 532
