ERROR - 2025-05-17 00:03:16 --> Severity: Warning --> call_user_func_array() expects parameter 1 to be a valid callback, class 'Home' does not have a method 'notfound' /home/ketsatph/nguyendinhhongthanh.vn/system/core/CodeIgniter.php 532
ERROR - 2025-05-17 00:03:16 --> 404: 
ERROR - 2025-05-17 00:03:16 --> /uploads/shell.php5
ERROR - 2025-05-17 00:03:16 --> Severity: error --> Exception: Call to undefined function site_url() /home/ketsatph/nguyendinhhongthanh.vn/application/views/errors/html/error_404.php 12
ERROR - 2025-05-17 00:03:16 --> Severity: Warning --> call_user_func_array() expects parameter 1 to be a valid callback, class 'Home' does not have a method 'notfound' /home/ketsatph/nguyendinhhongthanh.vn/system/core/CodeIgniter.php 532
ERROR - 2025-05-17 00:03:16 --> Severity: Warning --> call_user_func_array() expects parameter 1 to be a valid callback, class 'Home' does not have a method 'notfound' /home/ketsatph/nguyendinhhongthanh.vn/system/core/CodeIgniter.php 532
ERROR - 2025-05-17 00:03:17 --> Severity: Warning --> call_user_func_array() expects parameter 1 to be a valid callback, class 'Home' does not have a method 'notfound' /home/ketsatph/nguyendinhhongthanh.vn/system/core/CodeIgniter.php 532
ERROR - 2025-05-17 00:03:17 --> Severity: Warning --> call_user_func_array() expects parameter 1 to be a valid callback, class 'Home' does not have a method 'notfound' /home/ketsatph/nguyendinhhongthanh.vn/system/core/CodeIgniter.php 532
ERROR - 2025-05-17 00:03:17 --> Severity: Warning --> call_user_func_array() expects parameter 1 to be a valid callback, class 'Home' does not have a method 'notfound' /home/ketsatph/nguyendinhhongthanh.vn/system/core/CodeIgniter.php 532
ERROR - 2025-05-17 00:03:17 --> Severity: Warning --> call_user_func_array() expects parameter 1 to be a valid callback, class 'Home' does not have a method 'notfound' /home/ketsatph/nguyendinhhongthanh.vn/system/core/CodeIgniter.php 532
ERROR - 2025-05-17 00:03:18 --> Severity: Warning --> call_user_func_array() expects parameter 1 to be a valid callback, class 'Home' does not have a method 'notfound' /home/ketsatph/nguyendinhhongthanh.vn/system/core/CodeIgniter.php 532
ERROR - 2025-05-17 00:03:18 --> Severity: Warning --> call_user_func_array() expects parameter 1 to be a valid callback, class 'Home' does not have a method 'notfound' /home/ketsatph/nguyendinhhongthanh.vn/system/core/CodeIgniter.php 532
ERROR - 2025-05-17 00:03:18 --> Severity: Warning --> call_user_func_array() expects parameter 1 to be a valid callback, class 'Home' does not have a method 'notfound' /home/ketsatph/nguyendinhhongthanh.vn/system/core/CodeIgniter.php 532
ERROR - 2025-05-17 00:03:19 --> Severity: Warning --> call_user_func_array() expects parameter 1 to be a valid callback, class 'Home' does not have a method 'notfound' /home/ketsatph/nguyendinhhongthanh.vn/system/core/CodeIgniter.php 532
ERROR - 2025-05-17 00:03:19 --> Severity: Warning --> call_user_func_array() expects parameter 1 to be a valid callback, class 'Home' does not have a method 'notfound' /home/ketsatph/nguyendinhhongthanh.vn/system/core/CodeIgniter.php 532
ERROR - 2025-05-17 00:03:19 --> Severity: Warning --> call_user_func_array() expects parameter 1 to be a valid callback, class 'Home' does not have a method 'notfound' /home/ketsatph/nguyendinhhongthanh.vn/system/core/CodeIgniter.php 532
ERROR - 2025-05-17 00:03:20 --> Severity: Warning --> call_user_func_array() expects parameter 1 to be a valid callback, class 'Home' does not have a method 'notfound' /home/ketsatph/nguyendinhhongthanh.vn/system/core/CodeIgniter.php 532
ERROR - 2025-05-17 00:03:20 --> Severity: Warning --> call_user_func_array() expects parameter 1 to be a valid callback, class 'Home' does not have a method 'notfound' /home/ketsatph/nguyendinhhongthanh.vn/system/core/CodeIgniter.php 532
ERROR - 2025-05-17 00:03:20 --> Severity: Warning --> call_user_func_array() expects parameter 1 to be a valid callback, class 'Home' does not have a method 'notfound' /home/ketsatph/nguyendinhhongthanh.vn/system/core/CodeIgniter.php 532
ERROR - 2025-05-17 00:03:21 --> Severity: Warning --> call_user_func_array() expects parameter 1 to be a valid callback, class 'Home' does not have a method 'notfound' /home/ketsatph/nguyendinhhongthanh.vn/system/core/CodeIgniter.php 532
ERROR - 2025-05-17 00:03:21 --> Severity: Warning --> call_user_func_array() expects parameter 1 to be a valid callback, class 'Home' does not have a method 'notfound' /home/ketsatph/nguyendinhhongthanh.vn/system/core/CodeIgniter.php 532
ERROR - 2025-05-17 00:03:21 --> Severity: Warning --> call_user_func_array() expects parameter 1 to be a valid callback, class 'Home' does not have a method 'notfound' /home/ketsatph/nguyendinhhongthanh.vn/system/core/CodeIgniter.php 532
ERROR - 2025-05-17 00:03:22 --> Severity: Warning --> call_user_func_array() expects parameter 1 to be a valid callback, class 'Home' does not have a method 'notfound' /home/ketsatph/nguyendinhhongthanh.vn/system/core/CodeIgniter.php 532
ERROR - 2025-05-17 00:03:22 --> Severity: Warning --> call_user_func_array() expects parameter 1 to be a valid callback, class 'Home' does not have a method 'notfound' /home/ketsatph/nguyendinhhongthanh.vn/system/core/CodeIgniter.php 532
ERROR - 2025-05-17 00:03:22 --> Severity: Warning --> call_user_func_array() expects parameter 1 to be a valid callback, class 'Home' does not have a method 'notfound' /home/ketsatph/nguyendinhhongthanh.vn/system/core/CodeIgniter.php 532
ERROR - 2025-05-17 00:03:22 --> Severity: Warning --> call_user_func_array() expects parameter 1 to be a valid callback, class 'Home' does not have a method 'notfound' /home/ketsatph/nguyendinhhongthanh.vn/system/core/CodeIgniter.php 532
ERROR - 2025-05-17 00:03:23 --> Severity: Warning --> call_user_func_array() expects parameter 1 to be a valid callback, class 'Home' does not have a method 'notfound' /home/ketsatph/nguyendinhhongthanh.vn/system/core/CodeIgniter.php 532
ERROR - 2025-05-17 00:03:23 --> Severity: Warning --> call_user_func_array() expects parameter 1 to be a valid callback, class 'Home' does not have a method 'notfound' /home/ketsatph/nguyendinhhongthanh.vn/system/core/CodeIgniter.php 532
ERROR - 2025-05-17 00:03:23 --> Severity: Warning --> call_user_func_array() expects parameter 1 to be a valid callback, class 'Home' does not have a method 'notfound' /home/ketsatph/nguyendinhhongthanh.vn/system/core/CodeIgniter.php 532
ERROR - 2025-05-17 00:03:23 --> Severity: Warning --> call_user_func_array() expects parameter 1 to be a valid callback, class 'Home' does not have a method 'notfound' /home/ketsatph/nguyendinhhongthanh.vn/system/core/CodeIgniter.php 532
ERROR - 2025-05-17 00:03:24 --> Severity: Warning --> call_user_func_array() expects parameter 1 to be a valid callback, class 'Home' does not have a method 'notfound' /home/ketsatph/nguyendinhhongthanh.vn/system/core/CodeIgniter.php 532
ERROR - 2025-05-17 00:03:24 --> Severity: Warning --> call_user_func_array() expects parameter 1 to be a valid callback, class 'Home' does not have a method 'notfound' /home/ketsatph/nguyendinhhongthanh.vn/system/core/CodeIgniter.php 532
ERROR - 2025-05-17 00:03:24 --> Severity: Warning --> call_user_func_array() expects parameter 1 to be a valid callback, class 'Home' does not have a method 'notfound' /home/ketsatph/nguyendinhhongthanh.vn/system/core/CodeIgniter.php 532
ERROR - 2025-05-17 00:03:24 --> Severity: Warning --> call_user_func_array() expects parameter 1 to be a valid callback, class 'Home' does not have a method 'notfound' /home/ketsatph/nguyendinhhongthanh.vn/system/core/CodeIgniter.php 532
ERROR - 2025-05-17 00:03:25 --> Severity: Warning --> call_user_func_array() expects parameter 1 to be a valid callback, class 'Home' does not have a method 'notfound' /home/ketsatph/nguyendinhhongthanh.vn/system/core/CodeIgniter.php 532
ERROR - 2025-05-17 00:03:25 --> Severity: Warning --> call_user_func_array() expects parameter 1 to be a valid callback, class 'Home' does not have a method 'notfound' /home/ketsatph/nguyendinhhongthanh.vn/system/core/CodeIgniter.php 532
ERROR - 2025-05-17 00:03:26 --> Severity: Warning --> call_user_func_array() expects parameter 1 to be a valid callback, class 'Home' does not have a method 'notfound' /home/ketsatph/nguyendinhhongthanh.vn/system/core/CodeIgniter.php 532
ERROR - 2025-05-17 00:03:26 --> Severity: Warning --> call_user_func_array() expects parameter 1 to be a valid callback, class 'Home' does not have a method 'notfound' /home/ketsatph/nguyendinhhongthanh.vn/system/core/CodeIgniter.php 532
ERROR - 2025-05-17 00:03:26 --> Severity: Warning --> call_user_func_array() expects parameter 1 to be a valid callback, class 'Home' does not have a method 'notfound' /home/ketsatph/nguyendinhhongthanh.vn/system/core/CodeIgniter.php 532
ERROR - 2025-05-17 00:03:26 --> Severity: Warning --> call_user_func_array() expects parameter 1 to be a valid callback, class 'Home' does not have a method 'notfound' /home/ketsatph/nguyendinhhongthanh.vn/system/core/CodeIgniter.php 532
ERROR - 2025-05-17 00:03:27 --> Severity: Warning --> call_user_func_array() expects parameter 1 to be a valid callback, class 'Home' does not have a method 'notfound' /home/ketsatph/nguyendinhhongthanh.vn/system/core/CodeIgniter.php 532
ERROR - 2025-05-17 00:03:27 --> Severity: Warning --> call_user_func_array() expects parameter 1 to be a valid callback, class 'Home' does not have a method 'notfound' /home/ketsatph/nguyendinhhongthanh.vn/system/core/CodeIgniter.php 532
ERROR - 2025-05-17 00:03:27 --> Severity: Warning --> call_user_func_array() expects parameter 1 to be a valid callback, class 'Home' does not have a method 'notfound' /home/ketsatph/nguyendinhhongthanh.vn/system/core/CodeIgniter.php 532
ERROR - 2025-05-17 00:03:27 --> Severity: Warning --> call_user_func_array() expects parameter 1 to be a valid callback, class 'Home' does not have a method 'notfound' /home/ketsatph/nguyendinhhongthanh.vn/system/core/CodeIgniter.php 532
ERROR - 2025-05-17 00:03:28 --> Severity: Warning --> call_user_func_array() expects parameter 1 to be a valid callback, class 'Home' does not have a method 'notfound' /home/ketsatph/nguyendinhhongthanh.vn/system/core/CodeIgniter.php 532
ERROR - 2025-05-17 00:03:28 --> Severity: Warning --> call_user_func_array() expects parameter 1 to be a valid callback, class 'Home' does not have a method 'notfound' /home/ketsatph/nguyendinhhongthanh.vn/system/core/CodeIgniter.php 532
ERROR - 2025-05-17 00:03:29 --> Severity: Warning --> call_user_func_array() expects parameter 1 to be a valid callback, class 'Home' does not have a method 'notfound' /home/ketsatph/nguyendinhhongthanh.vn/system/core/CodeIgniter.php 532
ERROR - 2025-05-17 00:03:29 --> Severity: Warning --> call_user_func_array() expects parameter 1 to be a valid callback, class 'Home' does not have a method 'notfound' /home/ketsatph/nguyendinhhongthanh.vn/system/core/CodeIgniter.php 532
ERROR - 2025-05-17 00:03:29 --> Severity: Warning --> call_user_func_array() expects parameter 1 to be a valid callback, class 'Home' does not have a method 'notfound' /home/ketsatph/nguyendinhhongthanh.vn/system/core/CodeIgniter.php 532
ERROR - 2025-05-17 00:03:29 --> Severity: Warning --> call_user_func_array() expects parameter 1 to be a valid callback, class 'Home' does not have a method 'notfound' /home/ketsatph/nguyendinhhongthanh.vn/system/core/CodeIgniter.php 532
ERROR - 2025-05-17 00:03:30 --> Severity: Warning --> call_user_func_array() expects parameter 1 to be a valid callback, class 'Home' does not have a method 'notfound' /home/ketsatph/nguyendinhhongthanh.vn/system/core/CodeIgniter.php 532
ERROR - 2025-05-17 00:03:30 --> Severity: Warning --> call_user_func_array() expects parameter 1 to be a valid callback, class 'Home' does not have a method 'notfound' /home/ketsatph/nguyendinhhongthanh.vn/system/core/CodeIgniter.php 532
ERROR - 2025-05-17 00:03:32 --> Severity: Warning --> call_user_func_array() expects parameter 1 to be a valid callback, class 'Home' does not have a method 'notfound' /home/ketsatph/nguyendinhhongthanh.vn/system/core/CodeIgniter.php 532
ERROR - 2025-05-17 00:03:32 --> Severity: Warning --> call_user_func_array() expects parameter 1 to be a valid callback, class 'Home' does not have a method 'notfound' /home/ketsatph/nguyendinhhongthanh.vn/system/core/CodeIgniter.php 532
ERROR - 2025-05-17 00:03:32 --> Severity: Warning --> call_user_func_array() expects parameter 1 to be a valid callback, class 'Home' does not have a method 'notfound' /home/ketsatph/nguyendinhhongthanh.vn/system/core/CodeIgniter.php 532
ERROR - 2025-05-17 00:03:33 --> Severity: Warning --> call_user_func_array() expects parameter 1 to be a valid callback, class 'Home' does not have a method 'notfound' /home/ketsatph/nguyendinhhongthanh.vn/system/core/CodeIgniter.php 532
ERROR - 2025-05-17 00:03:33 --> Severity: Warning --> call_user_func_array() expects parameter 1 to be a valid callback, class 'Home' does not have a method 'notfound' /home/ketsatph/nguyendinhhongthanh.vn/system/core/CodeIgniter.php 532
ERROR - 2025-05-17 00:03:33 --> Severity: Warning --> call_user_func_array() expects parameter 1 to be a valid callback, class 'Home' does not have a method 'notfound' /home/ketsatph/nguyendinhhongthanh.vn/system/core/CodeIgniter.php 532
ERROR - 2025-05-17 00:03:34 --> Severity: Warning --> call_user_func_array() expects parameter 1 to be a valid callback, class 'Home' does not have a method 'notfound' /home/ketsatph/nguyendinhhongthanh.vn/system/core/CodeIgniter.php 532
ERROR - 2025-05-17 00:03:34 --> Severity: Warning --> call_user_func_array() expects parameter 1 to be a valid callback, class 'Home' does not have a method 'notfound' /home/ketsatph/nguyendinhhongthanh.vn/system/core/CodeIgniter.php 532
ERROR - 2025-05-17 00:03:34 --> Severity: Warning --> call_user_func_array() expects parameter 1 to be a valid callback, class 'Home' does not have a method 'notfound' /home/ketsatph/nguyendinhhongthanh.vn/system/core/CodeIgniter.php 532
ERROR - 2025-05-17 00:03:34 --> Severity: Warning --> call_user_func_array() expects parameter 1 to be a valid callback, class 'Home' does not have a method 'notfound' /home/ketsatph/nguyendinhhongthanh.vn/system/core/CodeIgniter.php 532
ERROR - 2025-05-17 00:03:35 --> Severity: Warning --> call_user_func_array() expects parameter 1 to be a valid callback, class 'Home' does not have a method 'notfound' /home/ketsatph/nguyendinhhongthanh.vn/system/core/CodeIgniter.php 532
ERROR - 2025-05-17 00:03:35 --> Severity: Warning --> call_user_func_array() expects parameter 1 to be a valid callback, class 'Home' does not have a method 'notfound' /home/ketsatph/nguyendinhhongthanh.vn/system/core/CodeIgniter.php 532
ERROR - 2025-05-17 00:03:35 --> Severity: Warning --> call_user_func_array() expects parameter 1 to be a valid callback, class 'Home' does not have a method 'notfound' /home/ketsatph/nguyendinhhongthanh.vn/system/core/CodeIgniter.php 532
ERROR - 2025-05-17 00:03:35 --> Severity: Warning --> call_user_func_array() expects parameter 1 to be a valid callback, class 'Home' does not have a method 'notfound' /home/ketsatph/nguyendinhhongthanh.vn/system/core/CodeIgniter.php 532
ERROR - 2025-05-17 00:03:36 --> Severity: Warning --> call_user_func_array() expects parameter 1 to be a valid callback, class 'Home' does not have a method 'notfound' /home/ketsatph/nguyendinhhongthanh.vn/system/core/CodeIgniter.php 532
ERROR - 2025-05-17 00:03:36 --> Severity: Warning --> call_user_func_array() expects parameter 1 to be a valid callback, class 'Home' does not have a method 'notfound' /home/ketsatph/nguyendinhhongthanh.vn/system/core/CodeIgniter.php 532
ERROR - 2025-05-17 00:03:37 --> Severity: Warning --> call_user_func_array() expects parameter 1 to be a valid callback, class 'Home' does not have a method 'notfound' /home/ketsatph/nguyendinhhongthanh.vn/system/core/CodeIgniter.php 532
ERROR - 2025-05-17 00:03:37 --> Severity: Warning --> call_user_func_array() expects parameter 1 to be a valid callback, class 'Home' does not have a method 'notfound' /home/ketsatph/nguyendinhhongthanh.vn/system/core/CodeIgniter.php 532
ERROR - 2025-05-17 00:03:37 --> Severity: Warning --> call_user_func_array() expects parameter 1 to be a valid callback, class 'Home' does not have a method 'notfound' /home/ketsatph/nguyendinhhongthanh.vn/system/core/CodeIgniter.php 532
ERROR - 2025-05-17 00:03:37 --> Severity: Warning --> call_user_func_array() expects parameter 1 to be a valid callback, class 'Home' does not have a method 'notfound' /home/ketsatph/nguyendinhhongthanh.vn/system/core/CodeIgniter.php 532
ERROR - 2025-05-17 00:03:38 --> Severity: Warning --> call_user_func_array() expects parameter 1 to be a valid callback, class 'Home' does not have a method 'notfound' /home/ketsatph/nguyendinhhongthanh.vn/system/core/CodeIgniter.php 532
ERROR - 2025-05-17 00:03:38 --> Severity: Warning --> call_user_func_array() expects parameter 1 to be a valid callback, class 'Home' does not have a method 'notfound' /home/ketsatph/nguyendinhhongthanh.vn/system/core/CodeIgniter.php 532
ERROR - 2025-05-17 00:03:38 --> Severity: Warning --> call_user_func_array() expects parameter 1 to be a valid callback, class 'Home' does not have a method 'notfound' /home/ketsatph/nguyendinhhongthanh.vn/system/core/CodeIgniter.php 532
ERROR - 2025-05-17 00:03:39 --> Severity: Warning --> call_user_func_array() expects parameter 1 to be a valid callback, class 'Home' does not have a method 'notfound' /home/ketsatph/nguyendinhhongthanh.vn/system/core/CodeIgniter.php 532
ERROR - 2025-05-17 00:03:39 --> Severity: Warning --> call_user_func_array() expects parameter 1 to be a valid callback, class 'Home' does not have a method 'notfound' /home/ketsatph/nguyendinhhongthanh.vn/system/core/CodeIgniter.php 532
ERROR - 2025-05-17 00:03:42 --> Severity: Warning --> call_user_func_array() expects parameter 1 to be a valid callback, class 'Home' does not have a method 'notfound' /home/ketsatph/nguyendinhhongthanh.vn/system/core/CodeIgniter.php 532
ERROR - 2025-05-17 00:03:42 --> Severity: Warning --> call_user_func_array() expects parameter 1 to be a valid callback, class 'Home' does not have a method 'notfound' /home/ketsatph/nguyendinhhongthanh.vn/system/core/CodeIgniter.php 532
ERROR - 2025-05-17 00:03:42 --> Severity: Warning --> call_user_func_array() expects parameter 1 to be a valid callback, class 'Home' does not have a method 'notfound' /home/ketsatph/nguyendinhhongthanh.vn/system/core/CodeIgniter.php 532
ERROR - 2025-05-17 00:03:43 --> Severity: Warning --> call_user_func_array() expects parameter 1 to be a valid callback, class 'Home' does not have a method 'notfound' /home/ketsatph/nguyendinhhongthanh.vn/system/core/CodeIgniter.php 532
ERROR - 2025-05-17 00:03:43 --> Severity: Warning --> call_user_func_array() expects parameter 1 to be a valid callback, class 'Home' does not have a method 'notfound' /home/ketsatph/nguyendinhhongthanh.vn/system/core/CodeIgniter.php 532
ERROR - 2025-05-17 00:03:43 --> Severity: Warning --> call_user_func_array() expects parameter 1 to be a valid callback, class 'Home' does not have a method 'notfound' /home/ketsatph/nguyendinhhongthanh.vn/system/core/CodeIgniter.php 532
ERROR - 2025-05-17 00:03:44 --> Severity: Warning --> call_user_func_array() expects parameter 1 to be a valid callback, class 'Home' does not have a method 'notfound' /home/ketsatph/nguyendinhhongthanh.vn/system/core/CodeIgniter.php 532
ERROR - 2025-05-17 00:03:44 --> Severity: Warning --> call_user_func_array() expects parameter 1 to be a valid callback, class 'Home' does not have a method 'notfound' /home/ketsatph/nguyendinhhongthanh.vn/system/core/CodeIgniter.php 532
ERROR - 2025-05-17 00:03:44 --> Severity: Warning --> call_user_func_array() expects parameter 1 to be a valid callback, class 'Home' does not have a method 'notfound' /home/ketsatph/nguyendinhhongthanh.vn/system/core/CodeIgniter.php 532
ERROR - 2025-05-17 00:03:45 --> Severity: Warning --> call_user_func_array() expects parameter 1 to be a valid callback, class 'Home' does not have a method 'notfound' /home/ketsatph/nguyendinhhongthanh.vn/system/core/CodeIgniter.php 532
ERROR - 2025-05-17 00:03:45 --> Severity: Warning --> call_user_func_array() expects parameter 1 to be a valid callback, class 'Home' does not have a method 'notfound' /home/ketsatph/nguyendinhhongthanh.vn/system/core/CodeIgniter.php 532
ERROR - 2025-05-17 00:03:45 --> Severity: Warning --> call_user_func_array() expects parameter 1 to be a valid callback, class 'Home' does not have a method 'notfound' /home/ketsatph/nguyendinhhongthanh.vn/system/core/CodeIgniter.php 532
ERROR - 2025-05-17 00:03:46 --> Severity: Warning --> call_user_func_array() expects parameter 1 to be a valid callback, class 'Home' does not have a method 'notfound' /home/ketsatph/nguyendinhhongthanh.vn/system/core/CodeIgniter.php 532
ERROR - 2025-05-17 00:03:46 --> Severity: Warning --> call_user_func_array() expects parameter 1 to be a valid callback, class 'Home' does not have a method 'notfound' /home/ketsatph/nguyendinhhongthanh.vn/system/core/CodeIgniter.php 532
ERROR - 2025-05-17 00:03:47 --> 404: 
ERROR - 2025-05-17 00:03:47 --> /uploads/tmp/.stealth.php
ERROR - 2025-05-17 00:03:47 --> Severity: error --> Exception: Call to undefined function site_url() /home/ketsatph/nguyendinhhongthanh.vn/application/views/errors/html/error_404.php 12
ERROR - 2025-05-17 00:03:47 --> 404: 
ERROR - 2025-05-17 00:03:47 --> /uploads/debug/.hidden.php
ERROR - 2025-05-17 00:03:47 --> Severity: error --> Exception: Call to undefined function site_url() /home/ketsatph/nguyendinhhongthanh.vn/application/views/errors/html/error_404.php 12
ERROR - 2025-05-17 00:03:48 --> 404: 
ERROR - 2025-05-17 00:03:48 --> /uploads/2024/.backup.php
ERROR - 2025-05-17 00:03:48 --> Severity: error --> Exception: Call to undefined function site_url() /home/ketsatph/nguyendinhhongthanh.vn/application/views/errors/html/error_404.php 12
ERROR - 2025-05-17 00:03:48 --> 404: 
ERROR - 2025-05-17 00:03:48 --> /uploads/images/.config.php
ERROR - 2025-05-17 00:03:48 --> Severity: error --> Exception: Call to undefined function site_url() /home/ketsatph/nguyendinhhongthanh.vn/application/views/errors/html/error_404.php 12
ERROR - 2025-05-17 00:03:48 --> 404: 
ERROR - 2025-05-17 00:03:48 --> /uploads/logs/.shell.php
ERROR - 2025-05-17 00:03:48 --> Severity: error --> Exception: Call to undefined function site_url() /home/ketsatph/nguyendinhhongthanh.vn/application/views/errors/html/error_404.php 12
ERROR - 2025-05-17 00:03:49 --> 404: 
ERROR - 2025-05-17 00:03:49 --> /uploads/captcha/.stealth.php
ERROR - 2025-05-17 00:03:49 --> Severity: error --> Exception: Call to undefined function site_url() /home/ketsatph/nguyendinhhongthanh.vn/application/views/errors/html/error_404.php 12
ERROR - 2025-05-17 00:03:49 --> Severity: Warning --> call_user_func_array() expects parameter 1 to be a valid callback, class 'Home' does not have a method 'notfound' /home/ketsatph/nguyendinhhongthanh.vn/system/core/CodeIgniter.php 532
ERROR - 2025-05-17 00:03:49 --> Severity: Warning --> call_user_func_array() expects parameter 1 to be a valid callback, class 'Home' does not have a method 'notfound' /home/ketsatph/nguyendinhhongthanh.vn/system/core/CodeIgniter.php 532
ERROR - 2025-05-17 00:03:49 --> Severity: Warning --> call_user_func_array() expects parameter 1 to be a valid callback, class 'Home' does not have a method 'notfound' /home/ketsatph/nguyendinhhongthanh.vn/system/core/CodeIgniter.php 532
ERROR - 2025-05-17 00:03:50 --> Severity: Warning --> call_user_func_array() expects parameter 1 to be a valid callback, class 'Home' does not have a method 'notfound' /home/ketsatph/nguyendinhhongthanh.vn/system/core/CodeIgniter.php 532
ERROR - 2025-05-17 00:03:50 --> Severity: Warning --> call_user_func_array() expects parameter 1 to be a valid callback, class 'Home' does not have a method 'notfound' /home/ketsatph/nguyendinhhongthanh.vn/system/core/CodeIgniter.php 532
ERROR - 2025-05-17 00:03:50 --> Severity: Warning --> call_user_func_array() expects parameter 1 to be a valid callback, class 'Home' does not have a method 'notfound' /home/ketsatph/nguyendinhhongthanh.vn/system/core/CodeIgniter.php 532
ERROR - 2025-05-17 00:03:50 --> Severity: Warning --> call_user_func_array() expects parameter 1 to be a valid callback, class 'Home' does not have a method 'notfound' /home/ketsatph/nguyendinhhongthanh.vn/system/core/CodeIgniter.php 532
ERROR - 2025-05-17 00:03:51 --> Severity: Warning --> call_user_func_array() expects parameter 1 to be a valid callback, class 'Home' does not have a method 'notfound' /home/ketsatph/nguyendinhhongthanh.vn/system/core/CodeIgniter.php 532
ERROR - 2025-05-17 00:03:51 --> Severity: Warning --> call_user_func_array() expects parameter 1 to be a valid callback, class 'Home' does not have a method 'notfound' /home/ketsatph/nguyendinhhongthanh.vn/system/core/CodeIgniter.php 532
ERROR - 2025-05-17 00:03:51 --> Severity: Warning --> call_user_func_array() expects parameter 1 to be a valid callback, class 'Home' does not have a method 'notfound' /home/ketsatph/nguyendinhhongthanh.vn/system/core/CodeIgniter.php 532
ERROR - 2025-05-17 00:03:51 --> Severity: Warning --> call_user_func_array() expects parameter 1 to be a valid callback, class 'Home' does not have a method 'notfound' /home/ketsatph/nguyendinhhongthanh.vn/system/core/CodeIgniter.php 532
ERROR - 2025-05-17 00:03:52 --> Severity: Warning --> call_user_func_array() expects parameter 1 to be a valid callback, class 'Home' does not have a method 'notfound' /home/ketsatph/nguyendinhhongthanh.vn/system/core/CodeIgniter.php 532
ERROR - 2025-05-17 00:03:52 --> Severity: Warning --> call_user_func_array() expects parameter 1 to be a valid callback, class 'Home' does not have a method 'notfound' /home/ketsatph/nguyendinhhongthanh.vn/system/core/CodeIgniter.php 532
ERROR - 2025-05-17 00:03:52 --> Severity: Warning --> call_user_func_array() expects parameter 1 to be a valid callback, class 'Home' does not have a method 'notfound' /home/ketsatph/nguyendinhhongthanh.vn/system/core/CodeIgniter.php 532
ERROR - 2025-05-17 00:03:53 --> Severity: Warning --> call_user_func_array() expects parameter 1 to be a valid callback, class 'Home' does not have a method 'notfound' /home/ketsatph/nguyendinhhongthanh.vn/system/core/CodeIgniter.php 532
ERROR - 2025-05-17 00:03:53 --> Severity: Warning --> call_user_func_array() expects parameter 1 to be a valid callback, class 'Home' does not have a method 'notfound' /home/ketsatph/nguyendinhhongthanh.vn/system/core/CodeIgniter.php 532
ERROR - 2025-05-17 00:03:53 --> Severity: Warning --> call_user_func_array() expects parameter 1 to be a valid callback, class 'Home' does not have a method 'notfound' /home/ketsatph/nguyendinhhongthanh.vn/system/core/CodeIgniter.php 532
ERROR - 2025-05-17 00:03:53 --> Severity: Warning --> call_user_func_array() expects parameter 1 to be a valid callback, class 'Home' does not have a method 'notfound' /home/ketsatph/nguyendinhhongthanh.vn/system/core/CodeIgniter.php 532
ERROR - 2025-05-17 00:03:54 --> Severity: Warning --> call_user_func_array() expects parameter 1 to be a valid callback, class 'Home' does not have a method 'notfound' /home/ketsatph/nguyendinhhongthanh.vn/system/core/CodeIgniter.php 532
ERROR - 2025-05-17 00:03:54 --> Severity: Warning --> call_user_func_array() expects parameter 1 to be a valid callback, class 'Home' does not have a method 'notfound' /home/ketsatph/nguyendinhhongthanh.vn/system/core/CodeIgniter.php 532
ERROR - 2025-05-17 00:03:54 --> Severity: Warning --> call_user_func_array() expects parameter 1 to be a valid callback, class 'Home' does not have a method 'notfound' /home/ketsatph/nguyendinhhongthanh.vn/system/core/CodeIgniter.php 532
ERROR - 2025-05-17 00:03:55 --> Severity: Warning --> call_user_func_array() expects parameter 1 to be a valid callback, class 'Home' does not have a method 'notfound' /home/ketsatph/nguyendinhhongthanh.vn/system/core/CodeIgniter.php 532
ERROR - 2025-05-17 00:03:55 --> Severity: Warning --> call_user_func_array() expects parameter 1 to be a valid callback, class 'Home' does not have a method 'notfound' /home/ketsatph/nguyendinhhongthanh.vn/system/core/CodeIgniter.php 532
ERROR - 2025-05-17 00:03:55 --> Severity: Warning --> call_user_func_array() expects parameter 1 to be a valid callback, class 'Home' does not have a method 'notfound' /home/ketsatph/nguyendinhhongthanh.vn/system/core/CodeIgniter.php 532
ERROR - 2025-05-17 00:03:55 --> Severity: Warning --> call_user_func_array() expects parameter 1 to be a valid callback, class 'Home' does not have a method 'notfound' /home/ketsatph/nguyendinhhongthanh.vn/system/core/CodeIgniter.php 532
ERROR - 2025-05-17 00:03:56 --> Severity: Warning --> call_user_func_array() expects parameter 1 to be a valid callback, class 'Home' does not have a method 'notfound' /home/ketsatph/nguyendinhhongthanh.vn/system/core/CodeIgniter.php 532
ERROR - 2025-05-17 00:03:56 --> Severity: Warning --> call_user_func_array() expects parameter 1 to be a valid callback, class 'Home' does not have a method 'notfound' /home/ketsatph/nguyendinhhongthanh.vn/system/core/CodeIgniter.php 532
ERROR - 2025-05-17 00:03:56 --> Severity: Warning --> call_user_func_array() expects parameter 1 to be a valid callback, class 'Home' does not have a method 'notfound' /home/ketsatph/nguyendinhhongthanh.vn/system/core/CodeIgniter.php 532
ERROR - 2025-05-17 00:03:56 --> Severity: Warning --> call_user_func_array() expects parameter 1 to be a valid callback, class 'Home' does not have a method 'notfound' /home/ketsatph/nguyendinhhongthanh.vn/system/core/CodeIgniter.php 532
ERROR - 2025-05-17 00:03:57 --> Severity: Warning --> call_user_func_array() expects parameter 1 to be a valid callback, class 'Home' does not have a method 'notfound' /home/ketsatph/nguyendinhhongthanh.vn/system/core/CodeIgniter.php 532
ERROR - 2025-05-17 00:03:57 --> Severity: Warning --> call_user_func_array() expects parameter 1 to be a valid callback, class 'Home' does not have a method 'notfound' /home/ketsatph/nguyendinhhongthanh.vn/system/core/CodeIgniter.php 532
ERROR - 2025-05-17 00:03:58 --> Severity: Warning --> call_user_func_array() expects parameter 1 to be a valid callback, class 'Home' does not have a method 'notfound' /home/ketsatph/nguyendinhhongthanh.vn/system/core/CodeIgniter.php 532
ERROR - 2025-05-17 00:03:58 --> Severity: Warning --> call_user_func_array() expects parameter 1 to be a valid callback, class 'Home' does not have a method 'notfound' /home/ketsatph/nguyendinhhongthanh.vn/system/core/CodeIgniter.php 532
ERROR - 2025-05-17 00:03:58 --> Severity: Warning --> call_user_func_array() expects parameter 1 to be a valid callback, class 'Home' does not have a method 'notfound' /home/ketsatph/nguyendinhhongthanh.vn/system/core/CodeIgniter.php 532
ERROR - 2025-05-17 00:03:58 --> Severity: Warning --> call_user_func_array() expects parameter 1 to be a valid callback, class 'Home' does not have a method 'notfound' /home/ketsatph/nguyendinhhongthanh.vn/system/core/CodeIgniter.php 532
ERROR - 2025-05-17 00:03:59 --> Severity: Warning --> call_user_func_array() expects parameter 1 to be a valid callback, class 'Home' does not have a method 'notfound' /home/ketsatph/nguyendinhhongthanh.vn/system/core/CodeIgniter.php 532
ERROR - 2025-05-17 00:03:59 --> Severity: Warning --> call_user_func_array() expects parameter 1 to be a valid callback, class 'Home' does not have a method 'notfound' /home/ketsatph/nguyendinhhongthanh.vn/system/core/CodeIgniter.php 532
ERROR - 2025-05-17 00:03:59 --> Severity: Warning --> call_user_func_array() expects parameter 1 to be a valid callback, class 'Home' does not have a method 'notfound' /home/ketsatph/nguyendinhhongthanh.vn/system/core/CodeIgniter.php 532
ERROR - 2025-05-17 00:03:59 --> Severity: Warning --> call_user_func_array() expects parameter 1 to be a valid callback, class 'Home' does not have a method 'notfound' /home/ketsatph/nguyendinhhongthanh.vn/system/core/CodeIgniter.php 532
ERROR - 2025-05-17 00:04:00 --> Severity: Warning --> call_user_func_array() expects parameter 1 to be a valid callback, class 'Home' does not have a method 'notfound' /home/ketsatph/nguyendinhhongthanh.vn/system/core/CodeIgniter.php 532
ERROR - 2025-05-17 08:59:26 --> Severity: Warning --> call_user_func_array() expects parameter 1 to be a valid callback, class 'Home' does not have a method 'notfound' /home/ketsatph/nguyendinhhongthanh.vn/system/core/CodeIgniter.php 532
ERROR - 2025-05-17 08:59:30 --> Severity: Warning --> call_user_func_array() expects parameter 1 to be a valid callback, class 'Home' does not have a method 'notfound' /home/ketsatph/nguyendinhhongthanh.vn/system/core/CodeIgniter.php 532
ERROR - 2025-05-17 12:00:15 --> Severity: Warning --> call_user_func_array() expects parameter 1 to be a valid callback, class 'Home' does not have a method 'notfound' /home/ketsatph/nguyendinhhongthanh.vn/system/core/CodeIgniter.php 532
ERROR - 2025-05-17 12:00:23 --> Severity: Warning --> call_user_func_array() expects parameter 1 to be a valid callback, class 'Home' does not have a method 'notfound' /home/ketsatph/nguyendinhhongthanh.vn/system/core/CodeIgniter.php 532
ERROR - 2025-05-17 20:02:41 --> Severity: Warning --> call_user_func_array() expects parameter 1 to be a valid callback, class 'Home' does not have a method 'notfound' /home/ketsatph/nguyendinhhongthanh.vn/system/core/CodeIgniter.php 532
ERROR - 2025-05-17 20:02:42 --> Severity: Warning --> call_user_func_array() expects parameter 1 to be a valid callback, class 'Home' does not have a method 'notfound' /home/ketsatph/nguyendinhhongthanh.vn/system/core/CodeIgniter.php 532
ERROR - 2025-05-17 20:02:43 --> Severity: Warning --> call_user_func_array() expects parameter 1 to be a valid callback, class 'Home' does not have a method 'notfound' /home/ketsatph/nguyendinhhongthanh.vn/system/core/CodeIgniter.php 532
ERROR - 2025-05-17 20:02:43 --> Severity: Warning --> call_user_func_array() expects parameter 1 to be a valid callback, class 'Home' does not have a method 'notfound' /home/ketsatph/nguyendinhhongthanh.vn/system/core/CodeIgniter.php 532
ERROR - 2025-05-17 20:02:43 --> Severity: Warning --> call_user_func_array() expects parameter 1 to be a valid callback, class 'Home' does not have a method 'notfound' /home/ketsatph/nguyendinhhongthanh.vn/system/core/CodeIgniter.php 532
ERROR - 2025-05-17 20:02:43 --> Severity: Warning --> call_user_func_array() expects parameter 1 to be a valid callback, class 'Home' does not have a method 'notfound' /home/ketsatph/nguyendinhhongthanh.vn/system/core/CodeIgniter.php 532
ERROR - 2025-05-17 20:02:44 --> Severity: Warning --> call_user_func_array() expects parameter 1 to be a valid callback, class 'Home' does not have a method 'notfound' /home/ketsatph/nguyendinhhongthanh.vn/system/core/CodeIgniter.php 532
ERROR - 2025-05-17 20:02:44 --> Severity: Warning --> call_user_func_array() expects parameter 1 to be a valid callback, class 'Home' does not have a method 'notfound' /home/ketsatph/nguyendinhhongthanh.vn/system/core/CodeIgniter.php 532
ERROR - 2025-05-17 20:02:44 --> Severity: Warning --> call_user_func_array() expects parameter 1 to be a valid callback, class 'Home' does not have a method 'notfound' /home/ketsatph/nguyendinhhongthanh.vn/system/core/CodeIgniter.php 532
ERROR - 2025-05-17 20:02:44 --> Severity: Warning --> call_user_func_array() expects parameter 1 to be a valid callback, class 'Home' does not have a method 'notfound' /home/ketsatph/nguyendinhhongthanh.vn/system/core/CodeIgniter.php 532
ERROR - 2025-05-17 20:02:45 --> Severity: Warning --> call_user_func_array() expects parameter 1 to be a valid callback, class 'Home' does not have a method 'notfound' /home/ketsatph/nguyendinhhongthanh.vn/system/core/CodeIgniter.php 532
ERROR - 2025-05-17 20:02:45 --> Severity: Warning --> call_user_func_array() expects parameter 1 to be a valid callback, class 'Home' does not have a method 'notfound' /home/ketsatph/nguyendinhhongthanh.vn/system/core/CodeIgniter.php 532
ERROR - 2025-05-17 20:02:45 --> Severity: Warning --> call_user_func_array() expects parameter 1 to be a valid callback, class 'Home' does not have a method 'notfound' /home/ketsatph/nguyendinhhongthanh.vn/system/core/CodeIgniter.php 532
ERROR - 2025-05-17 20:02:45 --> Severity: Warning --> call_user_func_array() expects parameter 1 to be a valid callback, class 'Home' does not have a method 'notfound' /home/ketsatph/nguyendinhhongthanh.vn/system/core/CodeIgniter.php 532
ERROR - 2025-05-17 20:02:45 --> Severity: Warning --> call_user_func_array() expects parameter 1 to be a valid callback, class 'Home' does not have a method 'notfound' /home/ketsatph/nguyendinhhongthanh.vn/system/core/CodeIgniter.php 532
ERROR - 2025-05-17 20:02:46 --> Severity: Warning --> call_user_func_array() expects parameter 1 to be a valid callback, class 'Home' does not have a method 'notfound' /home/ketsatph/nguyendinhhongthanh.vn/system/core/CodeIgniter.php 532
ERROR - 2025-05-17 20:02:46 --> Severity: Warning --> call_user_func_array() expects parameter 1 to be a valid callback, class 'Home' does not have a method 'notfound' /home/ketsatph/nguyendinhhongthanh.vn/system/core/CodeIgniter.php 532
ERROR - 2025-05-17 20:02:46 --> Severity: Warning --> call_user_func_array() expects parameter 1 to be a valid callback, class 'Home' does not have a method 'notfound' /home/ketsatph/nguyendinhhongthanh.vn/system/core/CodeIgniter.php 532
ERROR - 2025-05-17 20:02:46 --> Severity: Warning --> call_user_func_array() expects parameter 1 to be a valid callback, class 'Home' does not have a method 'notfound' /home/ketsatph/nguyendinhhongthanh.vn/system/core/CodeIgniter.php 532
ERROR - 2025-05-17 20:02:46 --> Severity: Warning --> call_user_func_array() expects parameter 1 to be a valid callback, class 'Home' does not have a method 'notfound' /home/ketsatph/nguyendinhhongthanh.vn/system/core/CodeIgniter.php 532
