ERROR - 2025-01-15 00:06:13 --> Severity: Warning --> call_user_func_array() expects parameter 1 to be a valid callback, class 'Home' does not have a method 'notfound' /home/giaphaho/giapha.webest.asia/system/core/CodeIgniter.php 532
ERROR - 2025-01-15 00:15:33 --> Severity: Warning --> call_user_func_array() expects parameter 1 to be a valid callback, class 'Home' does not have a method 'notfound' /home/giaphaho/giapha.webest.asia/system/core/CodeIgniter.php 532
ERROR - 2025-01-15 00:16:21 --> Severity: Warning --> call_user_func_array() expects parameter 1 to be a valid callback, class 'Home' does not have a method 'notfound' /home/giaphaho/giapha.webest.asia/system/core/CodeIgniter.php 532
ERROR - 2025-01-15 00:17:32 --> Severity: Warning --> call_user_func_array() expects parameter 1 to be a valid callback, class 'Home' does not have a method 'notfound' /home/giaphaho/giapha.webest.asia/system/core/CodeIgniter.php 532
ERROR - 2025-01-15 00:33:44 --> Severity: Warning --> call_user_func_array() expects parameter 1 to be a valid callback, class 'Home' does not have a method 'notfound' /home/giaphaho/giapha.webest.asia/system/core/CodeIgniter.php 532
ERROR - 2025-01-15 00:50:51 --> Severity: Warning --> call_user_func_array() expects parameter 1 to be a valid callback, class 'Home' does not have a method 'notfound' /home/giaphaho/giapha.webest.asia/system/core/CodeIgniter.php 532
ERROR - 2025-01-15 01:31:58 --> Severity: Warning --> call_user_func_array() expects parameter 1 to be a valid callback, class 'Home' does not have a method 'notfound' /home/giaphaho/giapha.webest.asia/system/core/CodeIgniter.php 532
ERROR - 2025-01-15 01:32:40 --> Severity: Warning --> call_user_func_array() expects parameter 1 to be a valid callback, class 'Home' does not have a method 'notfound' /home/giaphaho/giapha.webest.asia/system/core/CodeIgniter.php 532
ERROR - 2025-01-15 01:32:48 --> Severity: Warning --> call_user_func_array() expects parameter 1 to be a valid callback, class 'Home' does not have a method 'notfound' /home/giaphaho/giapha.webest.asia/system/core/CodeIgniter.php 532
ERROR - 2025-01-15 01:32:55 --> Severity: Warning --> call_user_func_array() expects parameter 1 to be a valid callback, class 'Home' does not have a method 'notfound' /home/giaphaho/giapha.webest.asia/system/core/CodeIgniter.php 532
ERROR - 2025-01-15 01:32:57 --> Severity: Warning --> call_user_func_array() expects parameter 1 to be a valid callback, class 'Home' does not have a method 'notfound' /home/giaphaho/giapha.webest.asia/system/core/CodeIgniter.php 532
ERROR - 2025-01-15 02:11:38 --> Severity: error --> Exception: Too few arguments to function Family::get_all_father(), 0 passed in /home/giaphaho/giapha.webest.asia/system/core/CodeIgniter.php on line 532 and exactly 1 expected /home/giaphaho/giapha.webest.asia/application/controllers/admin/Family.php 232
ERROR - 2025-01-15 03:01:21 --> Severity: error --> Exception: Call to undefined method Family_model::get() /home/giaphaho/giapha.webest.asia/application/controllers/admin/Family.php 182
ERROR - 2025-01-15 03:01:37 --> Severity: error --> Exception: Call to undefined method Family_model::get() /home/giaphaho/giapha.webest.asia/application/controllers/admin/Family.php 182
ERROR - 2025-01-15 03:05:29 --> Severity: error --> Exception: Call to undefined method Family_model::get() /home/giaphaho/giapha.webest.asia/application/controllers/admin/Family.php 182
ERROR - 2025-01-15 03:05:36 --> Severity: error --> Exception: Call to undefined method Family_model::get() /home/giaphaho/giapha.webest.asia/application/controllers/admin/Family.php 182
ERROR - 2025-01-15 09:32:09 --> Severity: Warning --> call_user_func_array() expects parameter 1 to be a valid callback, class 'Home' does not have a method 'notfound' /home/giaphaho/giapha.webest.asia/system/core/CodeIgniter.php 532
ERROR - 2025-01-15 11:41:59 --> Severity: Warning --> call_user_func_array() expects parameter 1 to be a valid callback, class 'Home' does not have a method 'notfound' /home/giaphaho/giapha.webest.asia/system/core/CodeIgniter.php 532
ERROR - 2025-01-15 11:42:28 --> Severity: Warning --> call_user_func_array() expects parameter 1 to be a valid callback, class 'Home' does not have a method 'notfound' /home/giaphaho/giapha.webest.asia/system/core/CodeIgniter.php 532
ERROR - 2025-01-15 11:42:56 --> Severity: Warning --> call_user_func_array() expects parameter 1 to be a valid callback, class 'Home' does not have a method 'notfound' /home/giaphaho/giapha.webest.asia/system/core/CodeIgniter.php 532
ERROR - 2025-01-15 11:44:15 --> Severity: Warning --> call_user_func_array() expects parameter 1 to be a valid callback, class 'Home' does not have a method 'notfound' /home/giaphaho/giapha.webest.asia/system/core/CodeIgniter.php 532
ERROR - 2025-01-15 11:44:25 --> Severity: Warning --> call_user_func_array() expects parameter 1 to be a valid callback, class 'Home' does not have a method 'notfound' /home/giaphaho/giapha.webest.asia/system/core/CodeIgniter.php 532
ERROR - 2025-01-15 11:44:35 --> Severity: Warning --> call_user_func_array() expects parameter 1 to be a valid callback, class 'Home' does not have a method 'notfound' /home/giaphaho/giapha.webest.asia/system/core/CodeIgniter.php 532
ERROR - 2025-01-15 11:44:56 --> Severity: Warning --> call_user_func_array() expects parameter 1 to be a valid callback, class 'Home' does not have a method 'notfound' /home/giaphaho/giapha.webest.asia/system/core/CodeIgniter.php 532
ERROR - 2025-01-15 11:44:58 --> Severity: Warning --> call_user_func_array() expects parameter 1 to be a valid callback, class 'Home' does not have a method 'notfound' /home/giaphaho/giapha.webest.asia/system/core/CodeIgniter.php 532
ERROR - 2025-01-15 11:45:48 --> Severity: Warning --> call_user_func_array() expects parameter 1 to be a valid callback, class 'Home' does not have a method 'notfound' /home/giaphaho/giapha.webest.asia/system/core/CodeIgniter.php 532
ERROR - 2025-01-15 11:45:50 --> Severity: Warning --> call_user_func_array() expects parameter 1 to be a valid callback, class 'Home' does not have a method 'notfound' /home/giaphaho/giapha.webest.asia/system/core/CodeIgniter.php 532
ERROR - 2025-01-15 11:45:54 --> Severity: Warning --> call_user_func_array() expects parameter 1 to be a valid callback, class 'Home' does not have a method 'notfound' /home/giaphaho/giapha.webest.asia/system/core/CodeIgniter.php 532
ERROR - 2025-01-15 13:07:50 --> Severity: Warning --> call_user_func_array() expects parameter 1 to be a valid callback, class 'Home' does not have a method 'notfound' /home/giaphaho/giapha.webest.asia/system/core/CodeIgniter.php 532
ERROR - 2025-01-15 13:08:51 --> Severity: Warning --> call_user_func_array() expects parameter 1 to be a valid callback, class 'Home' does not have a method 'notfound' /home/giaphaho/giapha.webest.asia/system/core/CodeIgniter.php 532
ERROR - 2025-01-15 16:02:29 --> Severity: Warning --> call_user_func_array() expects parameter 1 to be a valid callback, class 'Home' does not have a method 'notfound' /home/giaphaho/giapha.webest.asia/system/core/CodeIgniter.php 532
ERROR - 2025-01-15 16:05:27 --> Severity: Warning --> call_user_func_array() expects parameter 1 to be a valid callback, class 'Home' does not have a method 'notfound' /home/giaphaho/giapha.webest.asia/system/core/CodeIgniter.php 532
ERROR - 2025-01-15 16:06:32 --> Severity: Warning --> call_user_func_array() expects parameter 1 to be a valid callback, class 'Home' does not have a method 'notfound' /home/giaphaho/giapha.webest.asia/system/core/CodeIgniter.php 532
ERROR - 2025-01-15 16:07:22 --> Severity: Warning --> call_user_func_array() expects parameter 1 to be a valid callback, class 'Home' does not have a method 'notfound' /home/giaphaho/giapha.webest.asia/system/core/CodeIgniter.php 532
ERROR - 2025-01-15 16:07:56 --> Severity: Warning --> call_user_func_array() expects parameter 1 to be a valid callback, class 'Home' does not have a method 'notfound' /home/giaphaho/giapha.webest.asia/system/core/CodeIgniter.php 532
ERROR - 2025-01-15 16:07:56 --> Severity: Warning --> call_user_func_array() expects parameter 1 to be a valid callback, class 'Home' does not have a method 'notfound' /home/giaphaho/giapha.webest.asia/system/core/CodeIgniter.php 532
ERROR - 2025-01-15 16:07:58 --> Severity: Warning --> call_user_func_array() expects parameter 1 to be a valid callback, class 'Home' does not have a method 'notfound' /home/giaphaho/giapha.webest.asia/system/core/CodeIgniter.php 532
ERROR - 2025-01-15 16:08:01 --> Severity: Warning --> call_user_func_array() expects parameter 1 to be a valid callback, class 'Home' does not have a method 'notfound' /home/giaphaho/giapha.webest.asia/system/core/CodeIgniter.php 532
ERROR - 2025-01-15 16:08:02 --> Severity: Warning --> call_user_func_array() expects parameter 1 to be a valid callback, class 'Home' does not have a method 'notfound' /home/giaphaho/giapha.webest.asia/system/core/CodeIgniter.php 532
ERROR - 2025-01-15 16:08:30 --> Severity: Warning --> call_user_func_array() expects parameter 1 to be a valid callback, class 'Home' does not have a method 'notfound' /home/giaphaho/giapha.webest.asia/system/core/CodeIgniter.php 532
ERROR - 2025-01-15 16:08:38 --> Severity: Warning --> call_user_func_array() expects parameter 1 to be a valid callback, class 'Home' does not have a method 'notfound' /home/giaphaho/giapha.webest.asia/system/core/CodeIgniter.php 532
ERROR - 2025-01-15 16:08:40 --> Severity: Warning --> call_user_func_array() expects parameter 1 to be a valid callback, class 'Home' does not have a method 'notfound' /home/giaphaho/giapha.webest.asia/system/core/CodeIgniter.php 532
ERROR - 2025-01-15 16:08:41 --> Severity: Warning --> call_user_func_array() expects parameter 1 to be a valid callback, class 'Home' does not have a method 'notfound' /home/giaphaho/giapha.webest.asia/system/core/CodeIgniter.php 532
ERROR - 2025-01-15 16:08:43 --> Severity: Warning --> call_user_func_array() expects parameter 1 to be a valid callback, class 'Home' does not have a method 'notfound' /home/giaphaho/giapha.webest.asia/system/core/CodeIgniter.php 532
ERROR - 2025-01-15 16:08:46 --> Severity: Warning --> call_user_func_array() expects parameter 1 to be a valid callback, class 'Home' does not have a method 'notfound' /home/giaphaho/giapha.webest.asia/system/core/CodeIgniter.php 532
ERROR - 2025-01-15 16:09:24 --> Severity: Warning --> call_user_func_array() expects parameter 1 to be a valid callback, class 'Home' does not have a method 'notfound' /home/giaphaho/giapha.webest.asia/system/core/CodeIgniter.php 532
ERROR - 2025-01-15 16:09:27 --> Severity: Warning --> call_user_func_array() expects parameter 1 to be a valid callback, class 'Home' does not have a method 'notfound' /home/giaphaho/giapha.webest.asia/system/core/CodeIgniter.php 532
ERROR - 2025-01-15 16:10:14 --> Severity: Warning --> call_user_func_array() expects parameter 1 to be a valid callback, class 'Home' does not have a method 'notfound' /home/giaphaho/giapha.webest.asia/system/core/CodeIgniter.php 532
ERROR - 2025-01-15 16:10:17 --> Severity: Warning --> call_user_func_array() expects parameter 1 to be a valid callback, class 'Home' does not have a method 'notfound' /home/giaphaho/giapha.webest.asia/system/core/CodeIgniter.php 532
ERROR - 2025-01-15 16:10:19 --> Severity: Warning --> call_user_func_array() expects parameter 1 to be a valid callback, class 'Home' does not have a method 'notfound' /home/giaphaho/giapha.webest.asia/system/core/CodeIgniter.php 532
ERROR - 2025-01-15 16:10:20 --> Severity: Warning --> call_user_func_array() expects parameter 1 to be a valid callback, class 'Home' does not have a method 'notfound' /home/giaphaho/giapha.webest.asia/system/core/CodeIgniter.php 532
ERROR - 2025-01-15 16:10:22 --> Severity: Warning --> call_user_func_array() expects parameter 1 to be a valid callback, class 'Home' does not have a method 'notfound' /home/giaphaho/giapha.webest.asia/system/core/CodeIgniter.php 532
ERROR - 2025-01-15 16:10:24 --> Severity: Warning --> call_user_func_array() expects parameter 1 to be a valid callback, class 'Home' does not have a method 'notfound' /home/giaphaho/giapha.webest.asia/system/core/CodeIgniter.php 532
ERROR - 2025-01-15 16:10:28 --> Severity: Warning --> call_user_func_array() expects parameter 1 to be a valid callback, class 'Home' does not have a method 'notfound' /home/giaphaho/giapha.webest.asia/system/core/CodeIgniter.php 532
ERROR - 2025-01-15 16:10:33 --> Severity: Warning --> call_user_func_array() expects parameter 1 to be a valid callback, class 'Home' does not have a method 'notfound' /home/giaphaho/giapha.webest.asia/system/core/CodeIgniter.php 532
ERROR - 2025-01-15 16:10:35 --> Severity: Warning --> call_user_func_array() expects parameter 1 to be a valid callback, class 'Home' does not have a method 'notfound' /home/giaphaho/giapha.webest.asia/system/core/CodeIgniter.php 532
ERROR - 2025-01-15 16:10:37 --> Severity: Warning --> call_user_func_array() expects parameter 1 to be a valid callback, class 'Home' does not have a method 'notfound' /home/giaphaho/giapha.webest.asia/system/core/CodeIgniter.php 532
ERROR - 2025-01-15 16:11:33 --> Severity: Warning --> call_user_func_array() expects parameter 1 to be a valid callback, class 'Home' does not have a method 'notfound' /home/giaphaho/giapha.webest.asia/system/core/CodeIgniter.php 532
ERROR - 2025-01-15 16:11:37 --> Severity: Warning --> call_user_func_array() expects parameter 1 to be a valid callback, class 'Home' does not have a method 'notfound' /home/giaphaho/giapha.webest.asia/system/core/CodeIgniter.php 532
ERROR - 2025-01-15 16:11:39 --> Severity: Warning --> call_user_func_array() expects parameter 1 to be a valid callback, class 'Home' does not have a method 'notfound' /home/giaphaho/giapha.webest.asia/system/core/CodeIgniter.php 532
ERROR - 2025-01-15 16:11:40 --> Severity: Warning --> call_user_func_array() expects parameter 1 to be a valid callback, class 'Home' does not have a method 'notfound' /home/giaphaho/giapha.webest.asia/system/core/CodeIgniter.php 532
ERROR - 2025-01-15 16:11:42 --> Severity: Warning --> call_user_func_array() expects parameter 1 to be a valid callback, class 'Home' does not have a method 'notfound' /home/giaphaho/giapha.webest.asia/system/core/CodeIgniter.php 532
ERROR - 2025-01-15 16:18:07 --> Severity: Warning --> call_user_func_array() expects parameter 1 to be a valid callback, class 'Home' does not have a method 'notfound' /home/giaphaho/giapha.webest.asia/system/core/CodeIgniter.php 532
ERROR - 2025-01-15 16:18:36 --> Severity: Warning --> call_user_func_array() expects parameter 1 to be a valid callback, class 'Home' does not have a method 'notfound' /home/giaphaho/giapha.webest.asia/system/core/CodeIgniter.php 532
ERROR - 2025-01-15 16:20:34 --> Severity: Warning --> call_user_func_array() expects parameter 1 to be a valid callback, class 'Home' does not have a method 'notfound' /home/giaphaho/giapha.webest.asia/system/core/CodeIgniter.php 532
ERROR - 2025-01-15 16:24:26 --> Severity: Warning --> call_user_func_array() expects parameter 1 to be a valid callback, class 'Home' does not have a method 'notfound' /home/giaphaho/giapha.webest.asia/system/core/CodeIgniter.php 532
ERROR - 2025-01-15 16:24:35 --> Severity: Warning --> call_user_func_array() expects parameter 1 to be a valid callback, class 'Home' does not have a method 'notfound' /home/giaphaho/giapha.webest.asia/system/core/CodeIgniter.php 532
ERROR - 2025-01-15 16:24:57 --> Severity: Warning --> call_user_func_array() expects parameter 1 to be a valid callback, class 'Home' does not have a method 'notfound' /home/giaphaho/giapha.webest.asia/system/core/CodeIgniter.php 532
ERROR - 2025-01-15 16:25:17 --> Severity: Warning --> call_user_func_array() expects parameter 1 to be a valid callback, class 'Home' does not have a method 'notfound' /home/giaphaho/giapha.webest.asia/system/core/CodeIgniter.php 532
ERROR - 2025-01-15 16:25:22 --> Severity: Warning --> call_user_func_array() expects parameter 1 to be a valid callback, class 'Home' does not have a method 'notfound' /home/giaphaho/giapha.webest.asia/system/core/CodeIgniter.php 532
ERROR - 2025-01-15 16:25:27 --> Severity: Warning --> call_user_func_array() expects parameter 1 to be a valid callback, class 'Home' does not have a method 'notfound' /home/giaphaho/giapha.webest.asia/system/core/CodeIgniter.php 532
ERROR - 2025-01-15 16:25:29 --> Severity: Warning --> call_user_func_array() expects parameter 1 to be a valid callback, class 'Home' does not have a method 'notfound' /home/giaphaho/giapha.webest.asia/system/core/CodeIgniter.php 532
ERROR - 2025-01-15 16:25:42 --> Severity: Warning --> call_user_func_array() expects parameter 1 to be a valid callback, class 'Home' does not have a method 'notfound' /home/giaphaho/giapha.webest.asia/system/core/CodeIgniter.php 532
ERROR - 2025-01-15 16:25:44 --> Severity: Warning --> call_user_func_array() expects parameter 1 to be a valid callback, class 'Home' does not have a method 'notfound' /home/giaphaho/giapha.webest.asia/system/core/CodeIgniter.php 532
ERROR - 2025-01-15 16:27:03 --> Severity: Warning --> call_user_func_array() expects parameter 1 to be a valid callback, class 'Home' does not have a method 'notfound' /home/giaphaho/giapha.webest.asia/system/core/CodeIgniter.php 532
ERROR - 2025-01-15 16:28:27 --> Severity: Warning --> call_user_func_array() expects parameter 1 to be a valid callback, class 'Home' does not have a method 'notfound' /home/giaphaho/giapha.webest.asia/system/core/CodeIgniter.php 532
ERROR - 2025-01-15 16:29:29 --> Severity: Warning --> call_user_func_array() expects parameter 1 to be a valid callback, class 'Home' does not have a method 'notfound' /home/giaphaho/giapha.webest.asia/system/core/CodeIgniter.php 532
ERROR - 2025-01-15 16:30:25 --> Severity: Warning --> call_user_func_array() expects parameter 1 to be a valid callback, class 'Home' does not have a method 'notfound' /home/giaphaho/giapha.webest.asia/system/core/CodeIgniter.php 532
ERROR - 2025-01-15 16:30:28 --> Severity: Warning --> call_user_func_array() expects parameter 1 to be a valid callback, class 'Home' does not have a method 'notfound' /home/giaphaho/giapha.webest.asia/system/core/CodeIgniter.php 532
ERROR - 2025-01-15 16:30:29 --> Severity: Warning --> call_user_func_array() expects parameter 1 to be a valid callback, class 'Home' does not have a method 'notfound' /home/giaphaho/giapha.webest.asia/system/core/CodeIgniter.php 532
ERROR - 2025-01-15 16:30:32 --> Severity: Warning --> call_user_func_array() expects parameter 1 to be a valid callback, class 'Home' does not have a method 'notfound' /home/giaphaho/giapha.webest.asia/system/core/CodeIgniter.php 532
ERROR - 2025-01-15 16:30:34 --> Severity: Warning --> call_user_func_array() expects parameter 1 to be a valid callback, class 'Home' does not have a method 'notfound' /home/giaphaho/giapha.webest.asia/system/core/CodeIgniter.php 532
ERROR - 2025-01-15 17:03:50 --> Severity: Warning --> call_user_func_array() expects parameter 1 to be a valid callback, class 'Home' does not have a method 'notfound' /home/giaphaho/giapha.webest.asia/system/core/CodeIgniter.php 532
ERROR - 2025-01-15 17:03:52 --> Severity: Warning --> call_user_func_array() expects parameter 1 to be a valid callback, class 'Home' does not have a method 'notfound' /home/giaphaho/giapha.webest.asia/system/core/CodeIgniter.php 532
ERROR - 2025-01-15 17:03:59 --> Severity: Warning --> call_user_func_array() expects parameter 1 to be a valid callback, class 'Home' does not have a method 'notfound' /home/giaphaho/giapha.webest.asia/system/core/CodeIgniter.php 532
ERROR - 2025-01-15 17:06:08 --> Severity: Warning --> call_user_func_array() expects parameter 1 to be a valid callback, class 'Home' does not have a method 'notfound' /home/giaphaho/giapha.webest.asia/system/core/CodeIgniter.php 532
ERROR - 2025-01-15 17:06:38 --> Severity: Warning --> call_user_func_array() expects parameter 1 to be a valid callback, class 'Home' does not have a method 'notfound' /home/giaphaho/giapha.webest.asia/system/core/CodeIgniter.php 532
ERROR - 2025-01-15 17:16:50 --> Severity: Warning --> call_user_func_array() expects parameter 1 to be a valid callback, class 'Home' does not have a method 'notfound' /home/giaphaho/giapha.webest.asia/system/core/CodeIgniter.php 532
ERROR - 2025-01-15 17:16:52 --> Severity: Warning --> call_user_func_array() expects parameter 1 to be a valid callback, class 'Home' does not have a method 'notfound' /home/giaphaho/giapha.webest.asia/system/core/CodeIgniter.php 532
ERROR - 2025-01-15 17:16:54 --> Severity: Warning --> call_user_func_array() expects parameter 1 to be a valid callback, class 'Home' does not have a method 'notfound' /home/giaphaho/giapha.webest.asia/system/core/CodeIgniter.php 532
ERROR - 2025-01-15 20:32:19 --> Severity: Warning --> call_user_func_array() expects parameter 1 to be a valid callback, class 'Home' does not have a method 'notfound' /home/giaphaho/giapha.webest.asia/system/core/CodeIgniter.php 532
ERROR - 2025-01-15 20:32:19 --> Severity: Warning --> call_user_func_array() expects parameter 1 to be a valid callback, class 'Home' does not have a method 'notfound' /home/giaphaho/giapha.webest.asia/system/core/CodeIgniter.php 532
ERROR - 2025-01-15 20:32:19 --> Severity: Warning --> call_user_func_array() expects parameter 1 to be a valid callback, class 'Home' does not have a method 'notfound' /home/giaphaho/giapha.webest.asia/system/core/CodeIgniter.php 532
ERROR - 2025-01-15 20:32:19 --> Severity: Warning --> call_user_func_array() expects parameter 1 to be a valid callback, class 'Home' does not have a method 'notfound' /home/giaphaho/giapha.webest.asia/system/core/CodeIgniter.php 532
ERROR - 2025-01-15 20:32:19 --> Severity: Warning --> call_user_func_array() expects parameter 1 to be a valid callback, class 'Home' does not have a method 'notfound' /home/giaphaho/giapha.webest.asia/system/core/CodeIgniter.php 532
ERROR - 2025-01-15 20:32:19 --> Severity: Warning --> call_user_func_array() expects parameter 1 to be a valid callback, class 'Home' does not have a method 'notfound' /home/giaphaho/giapha.webest.asia/system/core/CodeIgniter.php 532
ERROR - 2025-01-15 20:32:19 --> Severity: Warning --> call_user_func_array() expects parameter 1 to be a valid callback, class 'Home' does not have a method 'notfound' /home/giaphaho/giapha.webest.asia/system/core/CodeIgniter.php 532
ERROR - 2025-01-15 20:32:19 --> Severity: Warning --> call_user_func_array() expects parameter 1 to be a valid callback, class 'Home' does not have a method 'notfound' /home/giaphaho/giapha.webest.asia/system/core/CodeIgniter.php 532
ERROR - 2025-01-15 22:07:41 --> Severity: Warning --> call_user_func_array() expects parameter 1 to be a valid callback, class 'Home' does not have a method 'notfound' /home/giaphaho/giapha.webest.asia/system/core/CodeIgniter.php 532
ERROR - 2025-01-15 22:07:41 --> Severity: Warning --> call_user_func_array() expects parameter 1 to be a valid callback, class 'Home' does not have a method 'notfound' /home/giaphaho/giapha.webest.asia/system/core/CodeIgniter.php 532
ERROR - 2025-01-15 22:25:04 --> Severity: Warning --> mysqli::real_connect(): (HY000/2002): Can't connect to server on '127.0.0.1' (115) /home/giaphaho/giapha.webest.asia/system/database/drivers/mysqli/mysqli_driver.php 201
ERROR - 2025-01-15 22:25:04 --> Unable to connect to the database
ERROR - 2025-01-15 22:25:04 --> Severity: error --> Exception: Call to a member function real_escape_string() on bool /home/giaphaho/giapha.webest.asia/system/database/drivers/mysqli/mysqli_driver.php 391
ERROR - 2025-01-15 22:25:04 --> Severity: Warning --> mysqli::real_connect(): (HY000/2002): Can't connect to server on '127.0.0.1' (115) /home/giaphaho/giapha.webest.asia/system/database/drivers/mysqli/mysqli_driver.php 201
ERROR - 2025-01-15 22:25:04 --> Unable to connect to the database
ERROR - 2025-01-15 22:25:04 --> Severity: error --> Exception: Call to a member function real_escape_string() on bool /home/giaphaho/giapha.webest.asia/system/database/drivers/mysqli/mysqli_driver.php 391
ERROR - 2025-01-15 22:25:04 --> Severity: Warning --> mysqli::real_connect(): (HY000/2002): Can't connect to server on '127.0.0.1' (115) /home/giaphaho/giapha.webest.asia/system/database/drivers/mysqli/mysqli_driver.php 201
ERROR - 2025-01-15 22:25:04 --> Unable to connect to the database
ERROR - 2025-01-15 22:25:04 --> Severity: error --> Exception: Call to a member function real_escape_string() on bool /home/giaphaho/giapha.webest.asia/system/database/drivers/mysqli/mysqli_driver.php 391
ERROR - 2025-01-15 22:25:04 --> Severity: Warning --> mysqli::real_connect(): (HY000/2002): Can't connect to server on '127.0.0.1' (115) /home/giaphaho/giapha.webest.asia/system/database/drivers/mysqli/mysqli_driver.php 201
ERROR - 2025-01-15 22:25:04 --> Unable to connect to the database
ERROR - 2025-01-15 22:25:04 --> Severity: error --> Exception: Call to a member function real_escape_string() on bool /home/giaphaho/giapha.webest.asia/system/database/drivers/mysqli/mysqli_driver.php 391
ERROR - 2025-01-15 22:25:04 --> Severity: Warning --> mysqli::real_connect(): (HY000/2002): Can't connect to server on '127.0.0.1' (115) /home/giaphaho/giapha.webest.asia/system/database/drivers/mysqli/mysqli_driver.php 201
ERROR - 2025-01-15 22:25:04 --> Unable to connect to the database
ERROR - 2025-01-15 22:25:04 --> Severity: error --> Exception: Call to a member function real_escape_string() on bool /home/giaphaho/giapha.webest.asia/system/database/drivers/mysqli/mysqli_driver.php 391
ERROR - 2025-01-15 22:25:05 --> Severity: Warning --> mysqli::real_connect(): (HY000/2002): Can't connect to server on '127.0.0.1' (115) /home/giaphaho/giapha.webest.asia/system/database/drivers/mysqli/mysqli_driver.php 201
ERROR - 2025-01-15 22:25:05 --> Unable to connect to the database
ERROR - 2025-01-15 22:25:05 --> Severity: error --> Exception: Call to a member function real_escape_string() on bool /home/giaphaho/giapha.webest.asia/system/database/drivers/mysqli/mysqli_driver.php 391
ERROR - 2025-01-15 22:25:05 --> Severity: Warning --> mysqli::real_connect(): (HY000/2002): Can't connect to server on '127.0.0.1' (115) /home/giaphaho/giapha.webest.asia/system/database/drivers/mysqli/mysqli_driver.php 201
ERROR - 2025-01-15 22:25:05 --> Unable to connect to the database
ERROR - 2025-01-15 22:25:05 --> Severity: error --> Exception: Call to a member function real_escape_string() on bool /home/giaphaho/giapha.webest.asia/system/database/drivers/mysqli/mysqli_driver.php 391
ERROR - 2025-01-15 22:25:05 --> Severity: Warning --> mysqli::real_connect(): (HY000/2002): Can't connect to server on '127.0.0.1' (115) /home/giaphaho/giapha.webest.asia/system/database/drivers/mysqli/mysqli_driver.php 201
ERROR - 2025-01-15 22:25:05 --> Unable to connect to the database
ERROR - 2025-01-15 22:25:05 --> Severity: error --> Exception: Call to a member function real_escape_string() on bool /home/giaphaho/giapha.webest.asia/system/database/drivers/mysqli/mysqli_driver.php 391
ERROR - 2025-01-15 22:25:05 --> Severity: Warning --> mysqli::real_connect(): (HY000/2002): Can't connect to server on '127.0.0.1' (115) /home/giaphaho/giapha.webest.asia/system/database/drivers/mysqli/mysqli_driver.php 201
ERROR - 2025-01-15 22:25:05 --> Unable to connect to the database
ERROR - 2025-01-15 22:25:05 --> Severity: error --> Exception: Call to a member function real_escape_string() on bool /home/giaphaho/giapha.webest.asia/system/database/drivers/mysqli/mysqli_driver.php 391
ERROR - 2025-01-15 22:25:05 --> Severity: Warning --> mysqli::real_connect(): (HY000/2002): Can't connect to server on '127.0.0.1' (115) /home/giaphaho/giapha.webest.asia/system/database/drivers/mysqli/mysqli_driver.php 201
ERROR - 2025-01-15 22:25:05 --> Unable to connect to the database
ERROR - 2025-01-15 22:25:05 --> Severity: error --> Exception: Call to a member function real_escape_string() on bool /home/giaphaho/giapha.webest.asia/system/database/drivers/mysqli/mysqli_driver.php 391
ERROR - 2025-01-15 22:25:05 --> Severity: Warning --> mysqli::real_connect(): (HY000/2002): Can't connect to server on '127.0.0.1' (115) /home/giaphaho/giapha.webest.asia/system/database/drivers/mysqli/mysqli_driver.php 201
ERROR - 2025-01-15 22:25:05 --> Unable to connect to the database
ERROR - 2025-01-15 22:25:05 --> Severity: error --> Exception: Call to a member function real_escape_string() on bool /home/giaphaho/giapha.webest.asia/system/database/drivers/mysqli/mysqli_driver.php 391
ERROR - 2025-01-15 22:25:05 --> Severity: Warning --> mysqli::real_connect(): (HY000/2002): Can't connect to server on '127.0.0.1' (115) /home/giaphaho/giapha.webest.asia/system/database/drivers/mysqli/mysqli_driver.php 201
ERROR - 2025-01-15 22:25:05 --> Unable to connect to the database
ERROR - 2025-01-15 22:25:05 --> Severity: error --> Exception: Call to a member function real_escape_string() on bool /home/giaphaho/giapha.webest.asia/system/database/drivers/mysqli/mysqli_driver.php 391
ERROR - 2025-01-15 22:25:05 --> Severity: Warning --> mysqli::real_connect(): (HY000/2002): Can't connect to server on '127.0.0.1' (115) /home/giaphaho/giapha.webest.asia/system/database/drivers/mysqli/mysqli_driver.php 201
ERROR - 2025-01-15 22:25:05 --> Unable to connect to the database
ERROR - 2025-01-15 22:25:05 --> Severity: error --> Exception: Call to a member function real_escape_string() on bool /home/giaphaho/giapha.webest.asia/system/database/drivers/mysqli/mysqli_driver.php 391
ERROR - 2025-01-15 22:25:06 --> Severity: Warning --> mysqli::real_connect(): (HY000/2002): Can't connect to server on '127.0.0.1' (115) /home/giaphaho/giapha.webest.asia/system/database/drivers/mysqli/mysqli_driver.php 201
ERROR - 2025-01-15 22:25:06 --> Unable to connect to the database
ERROR - 2025-01-15 22:25:06 --> Severity: error --> Exception: Call to a member function real_escape_string() on bool /home/giaphaho/giapha.webest.asia/system/database/drivers/mysqli/mysqli_driver.php 391
ERROR - 2025-01-15 22:25:06 --> Severity: Warning --> mysqli::real_connect(): (HY000/2002): Can't connect to server on '127.0.0.1' (115) /home/giaphaho/giapha.webest.asia/system/database/drivers/mysqli/mysqli_driver.php 201
ERROR - 2025-01-15 22:25:06 --> Unable to connect to the database
ERROR - 2025-01-15 22:25:06 --> Severity: error --> Exception: Call to a member function real_escape_string() on bool /home/giaphaho/giapha.webest.asia/system/database/drivers/mysqli/mysqli_driver.php 391
ERROR - 2025-01-15 22:25:06 --> Severity: Warning --> mysqli::real_connect(): (HY000/2002): Can't connect to server on '127.0.0.1' (115) /home/giaphaho/giapha.webest.asia/system/database/drivers/mysqli/mysqli_driver.php 201
ERROR - 2025-01-15 22:25:06 --> Unable to connect to the database
ERROR - 2025-01-15 22:25:06 --> Severity: error --> Exception: Call to a member function real_escape_string() on bool /home/giaphaho/giapha.webest.asia/system/database/drivers/mysqli/mysqli_driver.php 391
ERROR - 2025-01-15 22:25:06 --> Severity: Warning --> mysqli::real_connect(): (HY000/2002): Can't connect to server on '127.0.0.1' (115) /home/giaphaho/giapha.webest.asia/system/database/drivers/mysqli/mysqli_driver.php 201
ERROR - 2025-01-15 22:25:06 --> Unable to connect to the database
ERROR - 2025-01-15 22:25:06 --> Severity: error --> Exception: Call to a member function real_escape_string() on bool /home/giaphaho/giapha.webest.asia/system/database/drivers/mysqli/mysqli_driver.php 391
ERROR - 2025-01-15 22:25:06 --> Severity: Warning --> mysqli::real_connect(): (HY000/2002): Can't connect to server on '127.0.0.1' (115) /home/giaphaho/giapha.webest.asia/system/database/drivers/mysqli/mysqli_driver.php 201
ERROR - 2025-01-15 22:25:06 --> Unable to connect to the database
ERROR - 2025-01-15 22:25:06 --> Severity: error --> Exception: Call to a member function real_escape_string() on bool /home/giaphaho/giapha.webest.asia/system/database/drivers/mysqli/mysqli_driver.php 391
