ERROR - 2024-10-16 08:15:12 --> Cache adapter "file" and backup "file" are both unavailable. Cache is now using "Dummy" adapter.
ERROR - 2024-10-16 08:15:30 --> Cache adapter "file" and backup "file" are both unavailable. Cache is now using "Dummy" adapter.
ERROR - 2024-10-16 08:15:32 --> Cache adapter "file" and backup "file" are both unavailable. Cache is now using "Dummy" adapter.
ERROR - 2024-10-16 08:15:38 --> Cache adapter "file" and backup "file" are both unavailable. Cache is now using "Dummy" adapter.
ERROR - 2024-10-16 08:15:50 --> Cache adapter "file" and backup "file" are both unavailable. Cache is now using "Dummy" adapter.
ERROR - 2024-10-16 08:15:50 --> Query error: Table 'ketsatg1_ketsatgiaan.st_setting' doesn't exist - Invalid query: SELECT *
FROM `st_setting`
WHERE `key_setting` = 'data_seo'
ERROR - 2024-10-16 08:15:50 --> Severity: error --> Exception: Call to a member function row() on bool D:\laragon\www\ketsatphugiaan.vn\application\models\Setting_model.php 17
ERROR - 2024-10-16 08:21:53 --> Cache adapter "file" and backup "file" are both unavailable. Cache is now using "Dummy" adapter.
ERROR - 2024-10-16 08:21:54 --> Query error: Table 'ketsatg1_ketsatgiaan.st_setting' doesn't exist - Invalid query: SELECT *
FROM `st_setting`
WHERE `key_setting` = 'data_seo'
ERROR - 2024-10-16 08:21:54 --> Severity: error --> Exception: Call to a member function row() on bool D:\laragon\www\ketsatphugiaan.vn\application\models\Setting_model.php 17
ERROR - 2024-10-16 08:22:00 --> Cache adapter "file" and backup "file" are both unavailable. Cache is now using "Dummy" adapter.
ERROR - 2024-10-16 08:22:00 --> Query error: Table 'ketsatg1_ketsatgiaan.st_setting' doesn't exist - Invalid query: SELECT *
FROM `st_setting`
WHERE `key_setting` = 'data_seo'
ERROR - 2024-10-16 08:22:00 --> Severity: error --> Exception: Call to a member function row() on bool D:\laragon\www\ketsatphugiaan.vn\application\models\Setting_model.php 17
ERROR - 2024-10-16 08:22:03 --> Cache adapter "file" and backup "file" are both unavailable. Cache is now using "Dummy" adapter.
ERROR - 2024-10-16 08:22:03 --> Query error: Table 'ketsatg1_ketsatgiaan.st_setting' doesn't exist - Invalid query: SELECT *
FROM `st_setting`
WHERE `key_setting` = 'data_seo'
ERROR - 2024-10-16 08:22:03 --> Severity: error --> Exception: Call to a member function row() on bool D:\laragon\www\ketsatphugiaan.vn\application\models\Setting_model.php 17
ERROR - 2024-10-16 08:22:04 --> Cache adapter "file" and backup "file" are both unavailable. Cache is now using "Dummy" adapter.
ERROR - 2024-10-16 08:22:04 --> Query error: Table 'ketsatg1_ketsatgiaan.st_setting' doesn't exist - Invalid query: SELECT *
FROM `st_setting`
WHERE `key_setting` = 'data_seo'
ERROR - 2024-10-16 08:22:04 --> Severity: error --> Exception: Call to a member function row() on bool D:\laragon\www\ketsatphugiaan.vn\application\models\Setting_model.php 17
ERROR - 2024-10-16 08:22:12 --> Cache adapter "file" and backup "file" are both unavailable. Cache is now using "Dummy" adapter.
ERROR - 2024-10-16 08:22:12 --> Query error: Table 'ketsatg1_ketsatgiaan.st_setting' doesn't exist - Invalid query: SELECT *
FROM `st_setting`
WHERE `key_setting` = 'data_seo'
ERROR - 2024-10-16 08:22:12 --> Severity: error --> Exception: Call to a member function row() on bool D:\laragon\www\ketsatphugiaan.vn\application\models\Setting_model.php 17
ERROR - 2024-10-16 08:22:12 --> Cache adapter "file" and backup "file" are both unavailable. Cache is now using "Dummy" adapter.
ERROR - 2024-10-16 08:22:12 --> Query error: Table 'ketsatg1_ketsatgiaan.st_setting' doesn't exist - Invalid query: SELECT *
FROM `st_setting`
WHERE `key_setting` = 'data_seo'
ERROR - 2024-10-16 08:22:12 --> Severity: error --> Exception: Call to a member function row() on bool D:\laragon\www\ketsatphugiaan.vn\application\models\Setting_model.php 17
ERROR - 2024-10-16 08:25:52 --> Cache adapter "file" and backup "file" are both unavailable. Cache is now using "Dummy" adapter.
ERROR - 2024-10-16 08:25:56 --> Unable to write cache file: D:\laragon\www\ketsatphugiaan.vn\application\cache/
ERROR - 2024-10-16 08:26:31 --> Cache adapter "file" and backup "file" are both unavailable. Cache is now using "Dummy" adapter.
ERROR - 2024-10-16 08:26:34 --> Unable to write cache file: D:\laragon\www\ketsatphugiaan.vn\application\cache/
ERROR - 2024-10-16 08:32:48 --> Cache adapter "file" and backup "file" are both unavailable. Cache is now using "Dummy" adapter.
ERROR - 2024-10-16 08:32:49 --> Cache adapter "file" and backup "file" are both unavailable. Cache is now using "Dummy" adapter.
ERROR - 2024-10-16 08:33:16 --> Cache adapter "file" and backup "file" are both unavailable. Cache is now using "Dummy" adapter.
ERROR - 2024-10-16 08:33:19 --> Cache adapter "file" and backup "file" are both unavailable. Cache is now using "Dummy" adapter.
ERROR - 2024-10-16 08:33:28 --> Cache adapter "file" and backup "file" are both unavailable. Cache is now using "Dummy" adapter.
ERROR - 2024-10-16 08:38:21 --> Cache adapter "file" and backup "file" are both unavailable. Cache is now using "Dummy" adapter.
ERROR - 2024-10-16 08:38:25 --> Cache adapter "file" and backup "file" are both unavailable. Cache is now using "Dummy" adapter.
ERROR - 2024-10-16 08:38:28 --> Unable to write cache file: D:\laragon\www\ketsatphugiaan.vn\application\cache/
ERROR - 2024-10-16 08:38:39 --> Cache adapter "file" and backup "file" are both unavailable. Cache is now using "Dummy" adapter.
ERROR - 2024-10-16 08:43:02 --> Cache adapter "file" and backup "file" are both unavailable. Cache is now using "Dummy" adapter.
ERROR - 2024-10-16 08:43:05 --> Unable to write cache file: D:\laragon\www\ketsatphugiaan.vn\application\cache/
ERROR - 2024-10-16 09:02:56 --> Cache adapter "file" and backup "file" are both unavailable. Cache is now using "Dummy" adapter.
ERROR - 2024-10-16 09:02:59 --> Unable to write cache file: D:\laragon\www\ketsatphugiaan.vn\application\cache/
ERROR - 2024-10-16 09:11:05 --> Cache adapter "file" and backup "file" are both unavailable. Cache is now using "Dummy" adapter.
ERROR - 2024-10-16 09:11:09 --> Unable to write cache file: D:\laragon\www\ketsatphugiaan.vn\application\cache/
