ERROR - 2025-01-06 14:09:09 --> Severity: Notice --> Trying to get property 'value_setting' of non-object D:\laragon\www\giapha\application\helpers\data_helper.php 145
ERROR - 2025-01-06 14:09:09 --> Severity: Notice --> Trying to get property 'footer_info' of non-object D:\laragon\www\giapha\application\views\public\default\_footer.php 12
ERROR - 2025-01-06 14:09:11 --> Severity: Warning --> call_user_func_array() expects parameter 1 to be a valid callback, class 'Home' does not have a method 'notfound' D:\laragon\www\giapha\system\core\CodeIgniter.php 532
ERROR - 2025-01-06 14:09:18 --> Severity: Warning --> call_user_func_array() expects parameter 1 to be a valid callback, class 'Home' does not have a method 'notfound' D:\laragon\www\giapha\system\core\CodeIgniter.php 532
ERROR - 2025-01-06 15:13:10 --> Severity: Notice --> Trying to get property 'value_setting' of non-object D:\laragon\www\giapha\application\helpers\data_helper.php 145
ERROR - 2025-01-06 15:13:10 --> Severity: Notice --> Trying to get property 'footer_info' of non-object D:\laragon\www\giapha\application\views\public\default\_footer.php 12
ERROR - 2025-01-06 15:13:11 --> Severity: Warning --> call_user_func_array() expects parameter 1 to be a valid callback, class 'Home' does not have a method 'notfound' D:\laragon\www\giapha\system\core\CodeIgniter.php 532
ERROR - 2025-01-06 15:13:12 --> Severity: Notice --> Trying to get property 'value_setting' of non-object D:\laragon\www\giapha\application\helpers\data_helper.php 145
ERROR - 2025-01-06 15:13:12 --> Severity: Notice --> Trying to get property 'footer_info' of non-object D:\laragon\www\giapha\application\views\public\default\_footer.php 12
ERROR - 2025-01-06 15:13:13 --> Severity: Warning --> call_user_func_array() expects parameter 1 to be a valid callback, class 'Home' does not have a method 'notfound' D:\laragon\www\giapha\system\core\CodeIgniter.php 532
ERROR - 2025-01-06 15:13:15 --> Severity: Warning --> call_user_func_array() expects parameter 1 to be a valid callback, class 'Home' does not have a method 'notfound' D:\laragon\www\giapha\system\core\CodeIgniter.php 532
ERROR - 2025-01-06 15:13:17 --> Severity: Notice --> Trying to get property 'value_setting' of non-object D:\laragon\www\giapha\application\helpers\data_helper.php 145
ERROR - 2025-01-06 15:13:17 --> Severity: Notice --> Trying to get property 'footer_info' of non-object D:\laragon\www\giapha\application\views\public\default\_footer.php 12
ERROR - 2025-01-06 15:13:18 --> Severity: Notice --> Trying to get property 'full_name' of non-object D:\laragon\www\giapha\application\controllers\Family.php 211
ERROR - 2025-01-06 15:13:22 --> Severity: Warning --> call_user_func_array() expects parameter 1 to be a valid callback, class 'Home' does not have a method 'notfound' D:\laragon\www\giapha\system\core\CodeIgniter.php 532
ERROR - 2025-01-06 15:13:26 --> Severity: Warning --> call_user_func_array() expects parameter 1 to be a valid callback, class 'Home' does not have a method 'notfound' D:\laragon\www\giapha\system\core\CodeIgniter.php 532
ERROR - 2025-01-06 15:13:27 --> Severity: Warning --> call_user_func_array() expects parameter 1 to be a valid callback, class 'Home' does not have a method 'notfound' D:\laragon\www\giapha\system\core\CodeIgniter.php 532
ERROR - 2025-01-06 15:13:29 --> Severity: Warning --> call_user_func_array() expects parameter 1 to be a valid callback, class 'Home' does not have a method 'notfound' D:\laragon\www\giapha\system\core\CodeIgniter.php 532
ERROR - 2025-01-06 15:13:30 --> Severity: Warning --> call_user_func_array() expects parameter 1 to be a valid callback, class 'Home' does not have a method 'notfound' D:\laragon\www\giapha\system\core\CodeIgniter.php 532
ERROR - 2025-01-06 15:13:30 --> Severity: Notice --> Trying to get property 'full_name' of non-object D:\laragon\www\giapha\application\controllers\Family.php 211
ERROR - 2025-01-06 15:13:31 --> Severity: Warning --> call_user_func_array() expects parameter 1 to be a valid callback, class 'Home' does not have a method 'notfound' D:\laragon\www\giapha\system\core\CodeIgniter.php 532
ERROR - 2025-01-06 15:13:42 --> Severity: Warning --> call_user_func_array() expects parameter 1 to be a valid callback, class 'Home' does not have a method 'notfound' D:\laragon\www\giapha\system\core\CodeIgniter.php 532
ERROR - 2025-01-06 15:13:50 --> Severity: Warning --> call_user_func_array() expects parameter 1 to be a valid callback, class 'Home' does not have a method 'notfound' D:\laragon\www\giapha\system\core\CodeIgniter.php 532
ERROR - 2025-01-06 15:13:51 --> Severity: Notice --> Trying to get property 'full_name' of non-object D:\laragon\www\giapha\application\controllers\Family.php 211
ERROR - 2025-01-06 15:13:51 --> Severity: Warning --> call_user_func_array() expects parameter 1 to be a valid callback, class 'Home' does not have a method 'notfound' D:\laragon\www\giapha\system\core\CodeIgniter.php 532
ERROR - 2025-01-06 15:15:56 --> Severity: Warning --> call_user_func_array() expects parameter 1 to be a valid callback, class 'Home' does not have a method 'notfound' D:\laragon\www\giapha\system\core\CodeIgniter.php 532
ERROR - 2025-01-06 15:15:58 --> Severity: Notice --> Trying to get property 'full_name' of non-object D:\laragon\www\giapha\application\controllers\Family.php 211
ERROR - 2025-01-06 15:15:58 --> Severity: Warning --> call_user_func_array() expects parameter 1 to be a valid callback, class 'Home' does not have a method 'notfound' D:\laragon\www\giapha\system\core\CodeIgniter.php 532
ERROR - 2025-01-06 15:16:01 --> Severity: Warning --> call_user_func_array() expects parameter 1 to be a valid callback, class 'Home' does not have a method 'notfound' D:\laragon\www\giapha\system\core\CodeIgniter.php 532
ERROR - 2025-01-06 15:16:46 --> Severity: Warning --> call_user_func_array() expects parameter 1 to be a valid callback, class 'Home' does not have a method 'notfound' D:\laragon\www\giapha\system\core\CodeIgniter.php 532
ERROR - 2025-01-06 15:16:58 --> Severity: Warning --> call_user_func_array() expects parameter 1 to be a valid callback, class 'Home' does not have a method 'notfound' D:\laragon\www\giapha\system\core\CodeIgniter.php 532
ERROR - 2025-01-06 15:16:59 --> Severity: Warning --> call_user_func_array() expects parameter 1 to be a valid callback, class 'Home' does not have a method 'notfound' D:\laragon\www\giapha\system\core\CodeIgniter.php 532
ERROR - 2025-01-06 15:17:00 --> Severity: Warning --> call_user_func_array() expects parameter 1 to be a valid callback, class 'Home' does not have a method 'notfound' D:\laragon\www\giapha\system\core\CodeIgniter.php 532
ERROR - 2025-01-06 15:17:08 --> Severity: Warning --> call_user_func_array() expects parameter 1 to be a valid callback, class 'Home' does not have a method 'notfound' D:\laragon\www\giapha\system\core\CodeIgniter.php 532
ERROR - 2025-01-06 15:17:13 --> Severity: Warning --> call_user_func_array() expects parameter 1 to be a valid callback, class 'Home' does not have a method 'notfound' D:\laragon\www\giapha\system\core\CodeIgniter.php 532
ERROR - 2025-01-06 15:17:14 --> Severity: Notice --> Trying to get property 'full_name' of non-object D:\laragon\www\giapha\application\controllers\Family.php 211
ERROR - 2025-01-06 15:17:14 --> Severity: Warning --> call_user_func_array() expects parameter 1 to be a valid callback, class 'Home' does not have a method 'notfound' D:\laragon\www\giapha\system\core\CodeIgniter.php 532
ERROR - 2025-01-06 15:17:20 --> Severity: Notice --> Trying to get property 'full_name' of non-object D:\laragon\www\giapha\application\controllers\Family.php 211
ERROR - 2025-01-06 15:17:24 --> Severity: Warning --> call_user_func_array() expects parameter 1 to be a valid callback, class 'Home' does not have a method 'notfound' D:\laragon\www\giapha\system\core\CodeIgniter.php 532
ERROR - 2025-01-06 15:18:09 --> Severity: Warning --> call_user_func_array() expects parameter 1 to be a valid callback, class 'Home' does not have a method 'notfound' D:\laragon\www\giapha\system\core\CodeIgniter.php 532
ERROR - 2025-01-06 15:18:09 --> Severity: Warning --> call_user_func_array() expects parameter 1 to be a valid callback, class 'Home' does not have a method 'notfound' D:\laragon\www\giapha\system\core\CodeIgniter.php 532
ERROR - 2025-01-06 15:18:11 --> Severity: Warning --> call_user_func_array() expects parameter 1 to be a valid callback, class 'Home' does not have a method 'notfound' D:\laragon\www\giapha\system\core\CodeIgniter.php 532
ERROR - 2025-01-06 15:18:12 --> Severity: Warning --> call_user_func_array() expects parameter 1 to be a valid callback, class 'Home' does not have a method 'notfound' D:\laragon\www\giapha\system\core\CodeIgniter.php 532
ERROR - 2025-01-06 15:18:12 --> Severity: Notice --> Trying to get property 'full_name' of non-object D:\laragon\www\giapha\application\controllers\Family.php 211
ERROR - 2025-01-06 15:18:12 --> Severity: Warning --> call_user_func_array() expects parameter 1 to be a valid callback, class 'Home' does not have a method 'notfound' D:\laragon\www\giapha\system\core\CodeIgniter.php 532
ERROR - 2025-01-06 15:19:21 --> Severity: Warning --> call_user_func_array() expects parameter 1 to be a valid callback, class 'Home' does not have a method 'notfound' D:\laragon\www\giapha\system\core\CodeIgniter.php 532
ERROR - 2025-01-06 15:19:21 --> Severity: Warning --> call_user_func_array() expects parameter 1 to be a valid callback, class 'Home' does not have a method 'notfound' D:\laragon\www\giapha\system\core\CodeIgniter.php 532
ERROR - 2025-01-06 15:19:27 --> Severity: Notice --> Trying to get property 'gender' of non-object D:\laragon\www\giapha\application\views\public\default\phado\chi_tiet.php 120
ERROR - 2025-01-06 15:19:28 --> Severity: Warning --> call_user_func_array() expects parameter 1 to be a valid callback, class 'Home' does not have a method 'notfound' D:\laragon\www\giapha\system\core\CodeIgniter.php 532
ERROR - 2025-01-06 15:19:41 --> Severity: Warning --> call_user_func_array() expects parameter 1 to be a valid callback, class 'Home' does not have a method 'notfound' D:\laragon\www\giapha\system\core\CodeIgniter.php 532
ERROR - 2025-01-06 15:20:53 --> Severity: Warning --> call_user_func_array() expects parameter 1 to be a valid callback, class 'Home' does not have a method 'notfound' D:\laragon\www\giapha\system\core\CodeIgniter.php 532
ERROR - 2025-01-06 15:32:26 --> Severity: Warning --> call_user_func_array() expects parameter 1 to be a valid callback, class 'Home' does not have a method 'notfound' D:\laragon\www\giapha\system\core\CodeIgniter.php 532
ERROR - 2025-01-06 15:32:27 --> Severity: Warning --> call_user_func_array() expects parameter 1 to be a valid callback, class 'Home' does not have a method 'notfound' D:\laragon\www\giapha\system\core\CodeIgniter.php 532
ERROR - 2025-01-06 15:32:34 --> Severity: Warning --> call_user_func_array() expects parameter 1 to be a valid callback, class 'Home' does not have a method 'notfound' D:\laragon\www\giapha\system\core\CodeIgniter.php 532
ERROR - 2025-01-06 15:32:34 --> Severity: Warning --> call_user_func_array() expects parameter 1 to be a valid callback, class 'Home' does not have a method 'notfound' D:\laragon\www\giapha\system\core\CodeIgniter.php 532
ERROR - 2025-01-06 15:33:56 --> Severity: error --> Exception: Call to a member function last_query() on array D:\laragon\www\giapha\application\helpers\debug_helper.php 31
ERROR - 2025-01-06 15:33:58 --> Severity: error --> Exception: Call to a member function last_query() on array D:\laragon\www\giapha\application\helpers\debug_helper.php 31
ERROR - 2025-01-06 15:35:17 --> Severity: Warning --> call_user_func_array() expects parameter 1 to be a valid callback, class 'Home' does not have a method 'notfound' D:\laragon\www\giapha\system\core\CodeIgniter.php 532
ERROR - 2025-01-06 15:35:41 --> Severity: Warning --> call_user_func_array() expects parameter 1 to be a valid callback, class 'Home' does not have a method 'notfound' D:\laragon\www\giapha\system\core\CodeIgniter.php 532
ERROR - 2025-01-06 15:35:47 --> Severity: Warning --> call_user_func_array() expects parameter 1 to be a valid callback, class 'Home' does not have a method 'notfound' D:\laragon\www\giapha\system\core\CodeIgniter.php 532
ERROR - 2025-01-06 15:38:11 --> Severity: error --> Exception: Call to a member function last_query() on array D:\laragon\www\giapha\application\helpers\debug_helper.php 31
ERROR - 2025-01-06 15:56:20 --> Severity: error --> Exception: Call to undefined method CI_DB_mysqli_result::last_query() D:\laragon\www\giapha\application\helpers\debug_helper.php 31
ERROR - 2025-01-06 16:00:20 --> Severity: error --> Exception: Cannot use object of type stdClass as array D:\laragon\www\giapha\application\controllers\admin\Category.php 107
ERROR - 2025-01-06 16:02:05 --> Severity: error --> Exception: Cannot use object of type stdClass as array D:\laragon\www\giapha\application\controllers\admin\Category.php 107
ERROR - 2025-01-06 16:12:19 --> Severity: error --> Exception: Cannot use object of type stdClass as array D:\laragon\www\giapha\application\controllers\admin\Category.php 106
ERROR - 2025-01-06 16:12:53 --> Severity: error --> Exception: Cannot use object of type stdClass as array D:\laragon\www\giapha\application\controllers\admin\Category.php 106
ERROR - 2025-01-06 16:14:20 --> Severity: Warning --> call_user_func_array() expects parameter 1 to be a valid callback, class 'Home' does not have a method 'notfound' D:\laragon\www\giapha\system\core\CodeIgniter.php 532
ERROR - 2025-01-06 16:14:23 --> Severity: Warning --> call_user_func_array() expects parameter 1 to be a valid callback, class 'Home' does not have a method 'notfound' D:\laragon\www\giapha\system\core\CodeIgniter.php 532
ERROR - 2025-01-06 16:14:25 --> Severity: Warning --> call_user_func_array() expects parameter 1 to be a valid callback, class 'Home' does not have a method 'notfound' D:\laragon\www\giapha\system\core\CodeIgniter.php 532
ERROR - 2025-01-06 16:14:27 --> Severity: Warning --> call_user_func_array() expects parameter 1 to be a valid callback, class 'Home' does not have a method 'notfound' D:\laragon\www\giapha\system\core\CodeIgniter.php 532
ERROR - 2025-01-06 16:14:30 --> Severity: Warning --> call_user_func_array() expects parameter 1 to be a valid callback, class 'Home' does not have a method 'notfound' D:\laragon\www\giapha\system\core\CodeIgniter.php 532
ERROR - 2025-01-06 16:14:31 --> Severity: Warning --> call_user_func_array() expects parameter 1 to be a valid callback, class 'Home' does not have a method 'notfound' D:\laragon\www\giapha\system\core\CodeIgniter.php 532
ERROR - 2025-01-06 16:14:34 --> Severity: Warning --> call_user_func_array() expects parameter 1 to be a valid callback, class 'Home' does not have a method 'notfound' D:\laragon\www\giapha\system\core\CodeIgniter.php 532
ERROR - 2025-01-06 16:14:35 --> Severity: Warning --> call_user_func_array() expects parameter 1 to be a valid callback, class 'Home' does not have a method 'notfound' D:\laragon\www\giapha\system\core\CodeIgniter.php 532
ERROR - 2025-01-06 16:14:37 --> Severity: Warning --> call_user_func_array() expects parameter 1 to be a valid callback, class 'Home' does not have a method 'notfound' D:\laragon\www\giapha\system\core\CodeIgniter.php 532
ERROR - 2025-01-06 16:14:42 --> Severity: Warning --> call_user_func_array() expects parameter 1 to be a valid callback, class 'Home' does not have a method 'notfound' D:\laragon\www\giapha\system\core\CodeIgniter.php 532
ERROR - 2025-01-06 16:14:43 --> Severity: Warning --> call_user_func_array() expects parameter 1 to be a valid callback, class 'Home' does not have a method 'notfound' D:\laragon\www\giapha\system\core\CodeIgniter.php 532
ERROR - 2025-01-06 16:14:58 --> Đường dẫn tải lên có vẻ không đúng.
ERROR - 2025-01-06 16:19:05 --> Severity: Notice --> Undefined index: slug D:\laragon\www\giapha\application\controllers\admin\Category.php 303
ERROR - 2025-01-06 16:19:07 --> Severity: Notice --> Undefined index: slug D:\laragon\www\giapha\application\controllers\admin\Category.php 303
ERROR - 2025-01-06 16:19:12 --> Severity: Notice --> Undefined index: slug D:\laragon\www\giapha\application\controllers\admin\Category.php 303
ERROR - 2025-01-06 16:19:53 --> Severity: Warning --> call_user_func_array() expects parameter 1 to be a valid callback, class 'Home' does not have a method 'notfound' D:\laragon\www\giapha\system\core\CodeIgniter.php 532
ERROR - 2025-01-06 16:19:58 --> Severity: Warning --> call_user_func_array() expects parameter 1 to be a valid callback, class 'Home' does not have a method 'notfound' D:\laragon\www\giapha\system\core\CodeIgniter.php 532
ERROR - 2025-01-06 16:20:49 --> Severity: Warning --> call_user_func_array() expects parameter 1 to be a valid callback, class 'Home' does not have a method 'notfound' D:\laragon\www\giapha\system\core\CodeIgniter.php 532
ERROR - 2025-01-06 16:22:16 --> Severity: Warning --> call_user_func_array() expects parameter 1 to be a valid callback, class 'Home' does not have a method 'notfound' D:\laragon\www\giapha\system\core\CodeIgniter.php 532
ERROR - 2025-01-06 16:22:16 --> Severity: Warning --> call_user_func_array() expects parameter 1 to be a valid callback, class 'Home' does not have a method 'notfound' D:\laragon\www\giapha\system\core\CodeIgniter.php 532
ERROR - 2025-01-06 16:22:17 --> Severity: Warning --> call_user_func_array() expects parameter 1 to be a valid callback, class 'Home' does not have a method 'notfound' D:\laragon\www\giapha\system\core\CodeIgniter.php 532
ERROR - 2025-01-06 16:22:58 --> Severity: Warning --> call_user_func_array() expects parameter 1 to be a valid callback, class 'Home' does not have a method 'notfound' D:\laragon\www\giapha\system\core\CodeIgniter.php 532
ERROR - 2025-01-06 16:22:58 --> Severity: Warning --> call_user_func_array() expects parameter 1 to be a valid callback, class 'Home' does not have a method 'notfound' D:\laragon\www\giapha\system\core\CodeIgniter.php 532
ERROR - 2025-01-06 16:22:59 --> Severity: Warning --> call_user_func_array() expects parameter 1 to be a valid callback, class 'Home' does not have a method 'notfound' D:\laragon\www\giapha\system\core\CodeIgniter.php 532
ERROR - 2025-01-06 16:25:37 --> Severity: Warning --> call_user_func_array() expects parameter 1 to be a valid callback, class 'Home' does not have a method 'notfound' D:\laragon\www\giapha\system\core\CodeIgniter.php 532
ERROR - 2025-01-06 16:25:38 --> Severity: Warning --> call_user_func_array() expects parameter 1 to be a valid callback, class 'Home' does not have a method 'notfound' D:\laragon\www\giapha\system\core\CodeIgniter.php 532
ERROR - 2025-01-06 16:25:38 --> Severity: Warning --> call_user_func_array() expects parameter 1 to be a valid callback, class 'Home' does not have a method 'notfound' D:\laragon\www\giapha\system\core\CodeIgniter.php 532
ERROR - 2025-01-06 16:25:50 --> Severity: Warning --> call_user_func_array() expects parameter 1 to be a valid callback, class 'Home' does not have a method 'notfound' D:\laragon\www\giapha\system\core\CodeIgniter.php 532
ERROR - 2025-01-06 16:25:50 --> Severity: Warning --> call_user_func_array() expects parameter 1 to be a valid callback, class 'Home' does not have a method 'notfound' D:\laragon\www\giapha\system\core\CodeIgniter.php 532
ERROR - 2025-01-06 16:25:51 --> Severity: Warning --> call_user_func_array() expects parameter 1 to be a valid callback, class 'Home' does not have a method 'notfound' D:\laragon\www\giapha\system\core\CodeIgniter.php 532
ERROR - 2025-01-06 16:26:40 --> Severity: Warning --> call_user_func_array() expects parameter 1 to be a valid callback, class 'Home' does not have a method 'notfound' D:\laragon\www\giapha\system\core\CodeIgniter.php 532
ERROR - 2025-01-06 16:26:40 --> Severity: Warning --> call_user_func_array() expects parameter 1 to be a valid callback, class 'Home' does not have a method 'notfound' D:\laragon\www\giapha\system\core\CodeIgniter.php 532
ERROR - 2025-01-06 16:26:41 --> Severity: Warning --> call_user_func_array() expects parameter 1 to be a valid callback, class 'Home' does not have a method 'notfound' D:\laragon\www\giapha\system\core\CodeIgniter.php 532
ERROR - 2025-01-06 16:27:23 --> Severity: Warning --> call_user_func_array() expects parameter 1 to be a valid callback, class 'Home' does not have a method 'notfound' D:\laragon\www\giapha\system\core\CodeIgniter.php 532
ERROR - 2025-01-06 16:27:23 --> Severity: Warning --> call_user_func_array() expects parameter 1 to be a valid callback, class 'Home' does not have a method 'notfound' D:\laragon\www\giapha\system\core\CodeIgniter.php 532
ERROR - 2025-01-06 16:28:11 --> Severity: Warning --> call_user_func_array() expects parameter 1 to be a valid callback, class 'Home' does not have a method 'notfound' D:\laragon\www\giapha\system\core\CodeIgniter.php 532
ERROR - 2025-01-06 16:28:12 --> Severity: Warning --> call_user_func_array() expects parameter 1 to be a valid callback, class 'Home' does not have a method 'notfound' D:\laragon\www\giapha\system\core\CodeIgniter.php 532
ERROR - 2025-01-06 16:28:12 --> Severity: Warning --> call_user_func_array() expects parameter 1 to be a valid callback, class 'Home' does not have a method 'notfound' D:\laragon\www\giapha\system\core\CodeIgniter.php 532
ERROR - 2025-01-06 16:28:30 --> Severity: Warning --> call_user_func_array() expects parameter 1 to be a valid callback, class 'Home' does not have a method 'notfound' D:\laragon\www\giapha\system\core\CodeIgniter.php 532
ERROR - 2025-01-06 16:28:31 --> Severity: Warning --> call_user_func_array() expects parameter 1 to be a valid callback, class 'Home' does not have a method 'notfound' D:\laragon\www\giapha\system\core\CodeIgniter.php 532
ERROR - 2025-01-06 16:28:31 --> Severity: Warning --> call_user_func_array() expects parameter 1 to be a valid callback, class 'Home' does not have a method 'notfound' D:\laragon\www\giapha\system\core\CodeIgniter.php 532
ERROR - 2025-01-06 16:29:16 --> Severity: Warning --> call_user_func_array() expects parameter 1 to be a valid callback, class 'Home' does not have a method 'notfound' D:\laragon\www\giapha\system\core\CodeIgniter.php 532
ERROR - 2025-01-06 16:29:16 --> Severity: Warning --> call_user_func_array() expects parameter 1 to be a valid callback, class 'Home' does not have a method 'notfound' D:\laragon\www\giapha\system\core\CodeIgniter.php 532
ERROR - 2025-01-06 16:29:32 --> Severity: Warning --> call_user_func_array() expects parameter 1 to be a valid callback, class 'Home' does not have a method 'notfound' D:\laragon\www\giapha\system\core\CodeIgniter.php 532
ERROR - 2025-01-06 16:29:34 --> Severity: Warning --> call_user_func_array() expects parameter 1 to be a valid callback, class 'Home' does not have a method 'notfound' D:\laragon\www\giapha\system\core\CodeIgniter.php 532
ERROR - 2025-01-06 16:29:35 --> Severity: Warning --> call_user_func_array() expects parameter 1 to be a valid callback, class 'Home' does not have a method 'notfound' D:\laragon\www\giapha\system\core\CodeIgniter.php 532
ERROR - 2025-01-06 16:29:36 --> Severity: Warning --> call_user_func_array() expects parameter 1 to be a valid callback, class 'Home' does not have a method 'notfound' D:\laragon\www\giapha\system\core\CodeIgniter.php 532
ERROR - 2025-01-06 16:29:38 --> Severity: Warning --> call_user_func_array() expects parameter 1 to be a valid callback, class 'Home' does not have a method 'notfound' D:\laragon\www\giapha\system\core\CodeIgniter.php 532
ERROR - 2025-01-06 16:29:40 --> Severity: Warning --> call_user_func_array() expects parameter 1 to be a valid callback, class 'Home' does not have a method 'notfound' D:\laragon\www\giapha\system\core\CodeIgniter.php 532
ERROR - 2025-01-06 16:29:43 --> Severity: Warning --> call_user_func_array() expects parameter 1 to be a valid callback, class 'Home' does not have a method 'notfound' D:\laragon\www\giapha\system\core\CodeIgniter.php 532
ERROR - 2025-01-06 16:29:45 --> Severity: Warning --> call_user_func_array() expects parameter 1 to be a valid callback, class 'Home' does not have a method 'notfound' D:\laragon\www\giapha\system\core\CodeIgniter.php 532
ERROR - 2025-01-06 16:30:14 --> Severity: Warning --> call_user_func_array() expects parameter 1 to be a valid callback, class 'Home' does not have a method 'notfound' D:\laragon\www\giapha\system\core\CodeIgniter.php 532
ERROR - 2025-01-06 16:30:17 --> Severity: Warning --> call_user_func_array() expects parameter 1 to be a valid callback, class 'Home' does not have a method 'notfound' D:\laragon\www\giapha\system\core\CodeIgniter.php 532
ERROR - 2025-01-06 16:30:19 --> Severity: Warning --> call_user_func_array() expects parameter 1 to be a valid callback, class 'Home' does not have a method 'notfound' D:\laragon\www\giapha\system\core\CodeIgniter.php 532
ERROR - 2025-01-06 16:30:21 --> Severity: Warning --> call_user_func_array() expects parameter 1 to be a valid callback, class 'Home' does not have a method 'notfound' D:\laragon\www\giapha\system\core\CodeIgniter.php 532
ERROR - 2025-01-06 16:30:23 --> Severity: Warning --> call_user_func_array() expects parameter 1 to be a valid callback, class 'Home' does not have a method 'notfound' D:\laragon\www\giapha\system\core\CodeIgniter.php 532
ERROR - 2025-01-06 16:30:40 --> Severity: Warning --> call_user_func_array() expects parameter 1 to be a valid callback, class 'Home' does not have a method 'notfound' D:\laragon\www\giapha\system\core\CodeIgniter.php 532
ERROR - 2025-01-06 16:30:42 --> Severity: Warning --> call_user_func_array() expects parameter 1 to be a valid callback, class 'Home' does not have a method 'notfound' D:\laragon\www\giapha\system\core\CodeIgniter.php 532
ERROR - 2025-01-06 16:30:43 --> Severity: Warning --> call_user_func_array() expects parameter 1 to be a valid callback, class 'Home' does not have a method 'notfound' D:\laragon\www\giapha\system\core\CodeIgniter.php 532
ERROR - 2025-01-06 16:30:45 --> Severity: Warning --> call_user_func_array() expects parameter 1 to be a valid callback, class 'Home' does not have a method 'notfound' D:\laragon\www\giapha\system\core\CodeIgniter.php 532
ERROR - 2025-01-06 16:30:46 --> Severity: Warning --> call_user_func_array() expects parameter 1 to be a valid callback, class 'Home' does not have a method 'notfound' D:\laragon\www\giapha\system\core\CodeIgniter.php 532
ERROR - 2025-01-06 16:30:47 --> Severity: Warning --> call_user_func_array() expects parameter 1 to be a valid callback, class 'Home' does not have a method 'notfound' D:\laragon\www\giapha\system\core\CodeIgniter.php 532
ERROR - 2025-01-06 16:30:48 --> Severity: Warning --> call_user_func_array() expects parameter 1 to be a valid callback, class 'Home' does not have a method 'notfound' D:\laragon\www\giapha\system\core\CodeIgniter.php 532
ERROR - 2025-01-06 16:30:48 --> Severity: Warning --> call_user_func_array() expects parameter 1 to be a valid callback, class 'Home' does not have a method 'notfound' D:\laragon\www\giapha\system\core\CodeIgniter.php 532
ERROR - 2025-01-06 16:33:40 --> Severity: Warning --> call_user_func_array() expects parameter 1 to be a valid callback, class 'Home' does not have a method 'notfound' D:\laragon\www\giapha\system\core\CodeIgniter.php 532
ERROR - 2025-01-06 16:34:28 --> Severity: Warning --> call_user_func_array() expects parameter 1 to be a valid callback, class 'Home' does not have a method 'notfound' D:\laragon\www\giapha\system\core\CodeIgniter.php 532
ERROR - 2025-01-06 16:35:22 --> Severity: Warning --> call_user_func_array() expects parameter 1 to be a valid callback, class 'Home' does not have a method 'notfound' D:\laragon\www\giapha\system\core\CodeIgniter.php 532
ERROR - 2025-01-06 16:36:08 --> Severity: Warning --> call_user_func_array() expects parameter 1 to be a valid callback, class 'Home' does not have a method 'notfound' D:\laragon\www\giapha\system\core\CodeIgniter.php 532
ERROR - 2025-01-06 16:40:09 --> Severity: Warning --> call_user_func_array() expects parameter 1 to be a valid callback, class 'Home' does not have a method 'notfound' D:\laragon\www\giapha\system\core\CodeIgniter.php 532
ERROR - 2025-01-06 16:40:24 --> Severity: Warning --> call_user_func_array() expects parameter 1 to be a valid callback, class 'Home' does not have a method 'notfound' D:\laragon\www\giapha\system\core\CodeIgniter.php 532
ERROR - 2025-01-06 16:41:25 --> Severity: Warning --> call_user_func_array() expects parameter 1 to be a valid callback, class 'Home' does not have a method 'notfound' D:\laragon\www\giapha\system\core\CodeIgniter.php 532
ERROR - 2025-01-06 16:41:40 --> Severity: Warning --> call_user_func_array() expects parameter 1 to be a valid callback, class 'Home' does not have a method 'notfound' D:\laragon\www\giapha\system\core\CodeIgniter.php 532
ERROR - 2025-01-06 16:44:26 --> Severity: Warning --> call_user_func_array() expects parameter 1 to be a valid callback, class 'Home' does not have a method 'notfound' D:\laragon\www\giapha\system\core\CodeIgniter.php 532
ERROR - 2025-01-06 16:44:29 --> Severity: Warning --> call_user_func_array() expects parameter 1 to be a valid callback, class 'Home' does not have a method 'notfound' D:\laragon\www\giapha\system\core\CodeIgniter.php 532
ERROR - 2025-01-06 16:46:55 --> Severity: Warning --> call_user_func_array() expects parameter 1 to be a valid callback, class 'Home' does not have a method 'notfound' D:\laragon\www\giapha\system\core\CodeIgniter.php 532
ERROR - 2025-01-06 16:47:01 --> Severity: Warning --> call_user_func_array() expects parameter 1 to be a valid callback, class 'Home' does not have a method 'notfound' D:\laragon\www\giapha\system\core\CodeIgniter.php 532
ERROR - 2025-01-06 17:01:11 --> Severity: Warning --> call_user_func_array() expects parameter 1 to be a valid callback, class 'Home' does not have a method 'notfound' D:\laragon\www\giapha\system\core\CodeIgniter.php 532
ERROR - 2025-01-06 17:01:12 --> Severity: Warning --> call_user_func_array() expects parameter 1 to be a valid callback, class 'Home' does not have a method 'notfound' D:\laragon\www\giapha\system\core\CodeIgniter.php 532
ERROR - 2025-01-06 17:32:23 --> Đường dẫn tải lên có vẻ không đúng.
ERROR - 2025-01-06 17:33:28 --> Severity: Warning --> call_user_func_array() expects parameter 1 to be a valid callback, class 'Home' does not have a method 'notfound' D:\laragon\www\giapha\system\core\CodeIgniter.php 532
ERROR - 2025-01-06 17:40:56 --> Severity: Warning --> call_user_func_array() expects parameter 1 to be a valid callback, class 'Home' does not have a method 'notfound' D:\laragon\www\giapha\system\core\CodeIgniter.php 532
ERROR - 2025-01-06 17:40:57 --> Severity: Warning --> call_user_func_array() expects parameter 1 to be a valid callback, class 'Home' does not have a method 'notfound' D:\laragon\www\giapha\system\core\CodeIgniter.php 532
ERROR - 2025-01-06 17:41:02 --> Severity: Warning --> call_user_func_array() expects parameter 1 to be a valid callback, class 'Home' does not have a method 'notfound' D:\laragon\www\giapha\system\core\CodeIgniter.php 532
ERROR - 2025-01-06 17:41:04 --> Severity: Warning --> call_user_func_array() expects parameter 1 to be a valid callback, class 'Home' does not have a method 'notfound' D:\laragon\www\giapha\system\core\CodeIgniter.php 532
ERROR - 2025-01-06 17:41:52 --> Severity: Warning --> call_user_func_array() expects parameter 1 to be a valid callback, class 'Home' does not have a method 'notfound' D:\laragon\www\giapha\system\core\CodeIgniter.php 532
ERROR - 2025-01-06 17:41:56 --> Severity: Warning --> call_user_func_array() expects parameter 1 to be a valid callback, class 'Home' does not have a method 'notfound' D:\laragon\www\giapha\system\core\CodeIgniter.php 532
ERROR - 2025-01-06 17:41:58 --> Severity: Warning --> call_user_func_array() expects parameter 1 to be a valid callback, class 'Home' does not have a method 'notfound' D:\laragon\www\giapha\system\core\CodeIgniter.php 532
ERROR - 2025-01-06 17:42:00 --> Severity: Warning --> call_user_func_array() expects parameter 1 to be a valid callback, class 'Home' does not have a method 'notfound' D:\laragon\www\giapha\system\core\CodeIgniter.php 532
ERROR - 2025-01-06 17:42:02 --> Severity: Warning --> call_user_func_array() expects parameter 1 to be a valid callback, class 'Home' does not have a method 'notfound' D:\laragon\www\giapha\system\core\CodeIgniter.php 532
ERROR - 2025-01-06 17:42:05 --> Severity: Warning --> call_user_func_array() expects parameter 1 to be a valid callback, class 'Home' does not have a method 'notfound' D:\laragon\www\giapha\system\core\CodeIgniter.php 532
ERROR - 2025-01-06 17:42:13 --> Severity: Warning --> call_user_func_array() expects parameter 1 to be a valid callback, class 'Home' does not have a method 'notfound' D:\laragon\www\giapha\system\core\CodeIgniter.php 532
ERROR - 2025-01-06 17:43:29 --> Severity: Warning --> call_user_func_array() expects parameter 1 to be a valid callback, class 'Home' does not have a method 'notfound' D:\laragon\www\giapha\system\core\CodeIgniter.php 532
ERROR - 2025-01-06 17:43:29 --> Severity: Warning --> call_user_func_array() expects parameter 1 to be a valid callback, class 'Home' does not have a method 'notfound' D:\laragon\www\giapha\system\core\CodeIgniter.php 532
ERROR - 2025-01-06 17:43:31 --> Severity: Warning --> call_user_func_array() expects parameter 1 to be a valid callback, class 'Home' does not have a method 'notfound' D:\laragon\www\giapha\system\core\CodeIgniter.php 532
ERROR - 2025-01-06 17:43:31 --> Severity: Warning --> call_user_func_array() expects parameter 1 to be a valid callback, class 'Home' does not have a method 'notfound' D:\laragon\www\giapha\system\core\CodeIgniter.php 532
ERROR - 2025-01-06 17:43:33 --> Severity: Warning --> call_user_func_array() expects parameter 1 to be a valid callback, class 'Home' does not have a method 'notfound' D:\laragon\www\giapha\system\core\CodeIgniter.php 532
ERROR - 2025-01-06 17:43:33 --> Severity: Warning --> call_user_func_array() expects parameter 1 to be a valid callback, class 'Home' does not have a method 'notfound' D:\laragon\www\giapha\system\core\CodeIgniter.php 532
ERROR - 2025-01-06 17:43:37 --> Severity: Warning --> call_user_func_array() expects parameter 1 to be a valid callback, class 'Home' does not have a method 'notfound' D:\laragon\www\giapha\system\core\CodeIgniter.php 532
ERROR - 2025-01-06 17:43:41 --> Severity: Warning --> call_user_func_array() expects parameter 1 to be a valid callback, class 'Home' does not have a method 'notfound' D:\laragon\www\giapha\system\core\CodeIgniter.php 532
ERROR - 2025-01-06 17:50:06 --> Severity: Warning --> call_user_func_array() expects parameter 1 to be a valid callback, class 'Home' does not have a method 'notfound' D:\laragon\www\giapha\system\core\CodeIgniter.php 532
ERROR - 2025-01-06 17:50:08 --> Severity: Warning --> call_user_func_array() expects parameter 1 to be a valid callback, class 'Home' does not have a method 'notfound' D:\laragon\www\giapha\system\core\CodeIgniter.php 532
ERROR - 2025-01-06 17:50:12 --> Severity: Warning --> call_user_func_array() expects parameter 1 to be a valid callback, class 'Home' does not have a method 'notfound' D:\laragon\www\giapha\system\core\CodeIgniter.php 532
ERROR - 2025-01-06 17:53:25 --> Severity: Warning --> call_user_func_array() expects parameter 1 to be a valid callback, class 'Home' does not have a method 'notfound' D:\laragon\www\giapha\system\core\CodeIgniter.php 532
ERROR - 2025-01-06 17:53:28 --> Severity: Warning --> call_user_func_array() expects parameter 1 to be a valid callback, class 'Home' does not have a method 'notfound' D:\laragon\www\giapha\system\core\CodeIgniter.php 532
ERROR - 2025-01-06 17:53:30 --> Severity: Warning --> call_user_func_array() expects parameter 1 to be a valid callback, class 'Home' does not have a method 'notfound' D:\laragon\www\giapha\system\core\CodeIgniter.php 532
ERROR - 2025-01-06 17:53:32 --> Severity: Warning --> call_user_func_array() expects parameter 1 to be a valid callback, class 'Home' does not have a method 'notfound' D:\laragon\www\giapha\system\core\CodeIgniter.php 532
ERROR - 2025-01-06 17:53:34 --> Severity: Warning --> call_user_func_array() expects parameter 1 to be a valid callback, class 'Home' does not have a method 'notfound' D:\laragon\www\giapha\system\core\CodeIgniter.php 532
ERROR - 2025-01-06 17:53:35 --> Severity: Warning --> call_user_func_array() expects parameter 1 to be a valid callback, class 'Home' does not have a method 'notfound' D:\laragon\www\giapha\system\core\CodeIgniter.php 532
ERROR - 2025-01-06 17:53:57 --> Severity: Warning --> call_user_func_array() expects parameter 1 to be a valid callback, class 'Home' does not have a method 'notfound' D:\laragon\www\giapha\system\core\CodeIgniter.php 532
