ERROR - 2025-11-02 00:51:19 --> Severity: error --> Exception: call_user_func_array(): Argument #1 ($callback) must be a valid callback, class Home does not have a method "notfound" /home/giaphah1/public_html/system/core/CodeIgniter.php 532
ERROR - 2025-11-02 00:51:19 --> Severity: error --> Exception: call_user_func_array(): Argument #1 ($callback) must be a valid callback, class Home does not have a method "notfound" /home/giaphah1/public_html/system/core/CodeIgniter.php 532
ERROR - 2025-11-02 00:51:20 --> Severity: error --> Exception: call_user_func_array(): Argument #1 ($callback) must be a valid callback, class Home does not have a method "notfound" /home/giaphah1/public_html/system/core/CodeIgniter.php 532
ERROR - 2025-11-02 00:51:20 --> Severity: error --> Exception: call_user_func_array(): Argument #1 ($callback) must be a valid callback, class Home does not have a method "notfound" /home/giaphah1/public_html/system/core/CodeIgniter.php 532
ERROR - 2025-11-02 00:51:21 --> Severity: error --> Exception: call_user_func_array(): Argument #1 ($callback) must be a valid callback, class Home does not have a method "notfound" /home/giaphah1/public_html/system/core/CodeIgniter.php 532
ERROR - 2025-11-02 00:51:21 --> Severity: error --> Exception: call_user_func_array(): Argument #1 ($callback) must be a valid callback, class Home does not have a method "notfound" /home/giaphah1/public_html/system/core/CodeIgniter.php 532
ERROR - 2025-11-02 00:51:21 --> Severity: error --> Exception: call_user_func_array(): Argument #1 ($callback) must be a valid callback, class Home does not have a method "notfound" /home/giaphah1/public_html/system/core/CodeIgniter.php 532
ERROR - 2025-11-02 00:51:22 --> Severity: error --> Exception: call_user_func_array(): Argument #1 ($callback) must be a valid callback, class Home does not have a method "notfound" /home/giaphah1/public_html/system/core/CodeIgniter.php 532
ERROR - 2025-11-02 00:51:22 --> Severity: error --> Exception: call_user_func_array(): Argument #1 ($callback) must be a valid callback, class Home does not have a method "notfound" /home/giaphah1/public_html/system/core/CodeIgniter.php 532
ERROR - 2025-11-02 00:51:23 --> Severity: error --> Exception: call_user_func_array(): Argument #1 ($callback) must be a valid callback, class Home does not have a method "notfound" /home/giaphah1/public_html/system/core/CodeIgniter.php 532
ERROR - 2025-11-02 00:51:23 --> Severity: error --> Exception: call_user_func_array(): Argument #1 ($callback) must be a valid callback, class Home does not have a method "notfound" /home/giaphah1/public_html/system/core/CodeIgniter.php 532
ERROR - 2025-11-02 00:51:23 --> Severity: error --> Exception: call_user_func_array(): Argument #1 ($callback) must be a valid callback, class Home does not have a method "notfound" /home/giaphah1/public_html/system/core/CodeIgniter.php 532
ERROR - 2025-11-02 00:51:24 --> Severity: error --> Exception: call_user_func_array(): Argument #1 ($callback) must be a valid callback, class Home does not have a method "notfound" /home/giaphah1/public_html/system/core/CodeIgniter.php 532
ERROR - 2025-11-02 00:51:24 --> Severity: error --> Exception: call_user_func_array(): Argument #1 ($callback) must be a valid callback, class Home does not have a method "notfound" /home/giaphah1/public_html/system/core/CodeIgniter.php 532
ERROR - 2025-11-02 00:51:24 --> Severity: error --> Exception: call_user_func_array(): Argument #1 ($callback) must be a valid callback, class Home does not have a method "notfound" /home/giaphah1/public_html/system/core/CodeIgniter.php 532
ERROR - 2025-11-02 00:51:25 --> Severity: error --> Exception: call_user_func_array(): Argument #1 ($callback) must be a valid callback, class Home does not have a method "notfound" /home/giaphah1/public_html/system/core/CodeIgniter.php 532
ERROR - 2025-11-02 00:51:25 --> Severity: error --> Exception: call_user_func_array(): Argument #1 ($callback) must be a valid callback, class Home does not have a method "notfound" /home/giaphah1/public_html/system/core/CodeIgniter.php 532
ERROR - 2025-11-02 00:51:25 --> Severity: error --> Exception: call_user_func_array(): Argument #1 ($callback) must be a valid callback, class Home does not have a method "notfound" /home/giaphah1/public_html/system/core/CodeIgniter.php 532
ERROR - 2025-11-02 01:40:49 --> Severity: error --> Exception: call_user_func_array(): Argument #1 ($callback) must be a valid callback, class Home does not have a method "notfound" /home/giaphah1/public_html/system/core/CodeIgniter.php 532
ERROR - 2025-11-02 01:41:01 --> Severity: Warning --> Undefined array key 0 /home/giaphah1/public_html/application/controllers/Family.php 270
ERROR - 2025-11-02 01:41:01 --> Severity: Warning --> Attempt to read property "id" on null /home/giaphah1/public_html/application/controllers/Family.php 271
ERROR - 2025-11-02 01:41:01 --> Severity: Warning --> Attempt to read property "id" on null /home/giaphah1/public_html/application/controllers/Family.php 273
ERROR - 2025-11-02 01:41:01 --> Severity: Warning --> Attempt to read property "full_name" on null /home/giaphah1/public_html/application/controllers/Family.php 279
ERROR - 2025-11-02 01:41:01 --> Severity: Warning --> Attempt to read property "parent_id" on null /home/giaphah1/public_html/application/controllers/Family.php 281
ERROR - 2025-11-02 01:41:01 --> Severity: Warning --> Attempt to read property "id" on null /home/giaphah1/public_html/application/controllers/Family.php 285
ERROR - 2025-11-02 01:41:01 --> Severity: Warning --> Attempt to read property "id" on null /home/giaphah1/public_html/application/controllers/Family.php 286
ERROR - 2025-11-02 01:41:01 --> Severity: Warning --> Attempt to read property "id" on null /home/giaphah1/public_html/application/controllers/Family.php 289
ERROR - 2025-11-02 02:47:12 --> Severity: error --> Exception: call_user_func_array(): Argument #1 ($callback) must be a valid callback, class Home does not have a method "notfound" /home/giaphah1/public_html/system/core/CodeIgniter.php 532
ERROR - 2025-11-02 03:39:09 --> Severity: Warning --> Undefined array key "typee" /home/giaphah1/public_html/application/controllers/Family.php 374
ERROR - 2025-11-02 03:39:09 --> Severity: Warning --> Undefined array key "doi" /home/giaphah1/public_html/application/controllers/Family.php 380
ERROR - 2025-11-02 04:10:19 --> Severity: error --> Exception: call_user_func_array(): Argument #1 ($callback) must be a valid callback, class Home does not have a method "notfound" /home/giaphah1/public_html/system/core/CodeIgniter.php 532
ERROR - 2025-11-02 04:12:31 --> Severity: error --> Exception: call_user_func_array(): Argument #1 ($callback) must be a valid callback, class Home does not have a method "notfound" /home/giaphah1/public_html/system/core/CodeIgniter.php 532
ERROR - 2025-11-02 07:57:51 --> Severity: error --> Exception: call_user_func_array(): Argument #1 ($callback) must be a valid callback, class Home does not have a method "notfound" /home/giaphah1/public_html/system/core/CodeIgniter.php 532
ERROR - 2025-11-02 07:59:12 --> Severity: error --> Exception: call_user_func_array(): Argument #1 ($callback) must be a valid callback, class Home does not have a method "notfound" /home/giaphah1/public_html/system/core/CodeIgniter.php 532
ERROR - 2025-11-02 07:59:12 --> Severity: error --> Exception: call_user_func_array(): Argument #1 ($callback) must be a valid callback, class Home does not have a method "notfound" /home/giaphah1/public_html/system/core/CodeIgniter.php 532
ERROR - 2025-11-02 07:59:12 --> Severity: error --> Exception: call_user_func_array(): Argument #1 ($callback) must be a valid callback, class Home does not have a method "notfound" /home/giaphah1/public_html/system/core/CodeIgniter.php 532
ERROR - 2025-11-02 08:50:54 --> Severity: error --> Exception: call_user_func_array(): Argument #1 ($callback) must be a valid callback, class Home does not have a method "notfound" /home/giaphah1/public_html/system/core/CodeIgniter.php 532
ERROR - 2025-11-02 08:50:54 --> Severity: error --> Exception: call_user_func_array(): Argument #1 ($callback) must be a valid callback, class Home does not have a method "notfound" /home/giaphah1/public_html/system/core/CodeIgniter.php 532
ERROR - 2025-11-02 08:50:55 --> Severity: error --> Exception: call_user_func_array(): Argument #1 ($callback) must be a valid callback, class Home does not have a method "notfound" /home/giaphah1/public_html/system/core/CodeIgniter.php 532
ERROR - 2025-11-02 08:50:55 --> Severity: error --> Exception: call_user_func_array(): Argument #1 ($callback) must be a valid callback, class Home does not have a method "notfound" /home/giaphah1/public_html/system/core/CodeIgniter.php 532
ERROR - 2025-11-02 08:50:55 --> Severity: error --> Exception: call_user_func_array(): Argument #1 ($callback) must be a valid callback, class Home does not have a method "notfound" /home/giaphah1/public_html/system/core/CodeIgniter.php 532
ERROR - 2025-11-02 08:50:55 --> Severity: error --> Exception: call_user_func_array(): Argument #1 ($callback) must be a valid callback, class Home does not have a method "notfound" /home/giaphah1/public_html/system/core/CodeIgniter.php 532
ERROR - 2025-11-02 08:50:56 --> Severity: error --> Exception: call_user_func_array(): Argument #1 ($callback) must be a valid callback, class Home does not have a method "notfound" /home/giaphah1/public_html/system/core/CodeIgniter.php 532
ERROR - 2025-11-02 08:50:56 --> Severity: error --> Exception: call_user_func_array(): Argument #1 ($callback) must be a valid callback, class Home does not have a method "notfound" /home/giaphah1/public_html/system/core/CodeIgniter.php 532
ERROR - 2025-11-02 08:50:56 --> Severity: error --> Exception: call_user_func_array(): Argument #1 ($callback) must be a valid callback, class Home does not have a method "notfound" /home/giaphah1/public_html/system/core/CodeIgniter.php 532
ERROR - 2025-11-02 08:50:56 --> Severity: error --> Exception: call_user_func_array(): Argument #1 ($callback) must be a valid callback, class Home does not have a method "notfound" /home/giaphah1/public_html/system/core/CodeIgniter.php 532
ERROR - 2025-11-02 08:50:56 --> Severity: error --> Exception: call_user_func_array(): Argument #1 ($callback) must be a valid callback, class Home does not have a method "notfound" /home/giaphah1/public_html/system/core/CodeIgniter.php 532
ERROR - 2025-11-02 08:50:57 --> Severity: error --> Exception: call_user_func_array(): Argument #1 ($callback) must be a valid callback, class Home does not have a method "notfound" /home/giaphah1/public_html/system/core/CodeIgniter.php 532
ERROR - 2025-11-02 08:50:57 --> Severity: error --> Exception: call_user_func_array(): Argument #1 ($callback) must be a valid callback, class Home does not have a method "notfound" /home/giaphah1/public_html/system/core/CodeIgniter.php 532
ERROR - 2025-11-02 08:50:57 --> Severity: error --> Exception: call_user_func_array(): Argument #1 ($callback) must be a valid callback, class Home does not have a method "notfound" /home/giaphah1/public_html/system/core/CodeIgniter.php 532
ERROR - 2025-11-02 08:50:57 --> Severity: error --> Exception: call_user_func_array(): Argument #1 ($callback) must be a valid callback, class Home does not have a method "notfound" /home/giaphah1/public_html/system/core/CodeIgniter.php 532
ERROR - 2025-11-02 08:50:57 --> Severity: error --> Exception: call_user_func_array(): Argument #1 ($callback) must be a valid callback, class Home does not have a method "notfound" /home/giaphah1/public_html/system/core/CodeIgniter.php 532
ERROR - 2025-11-02 08:50:58 --> Severity: error --> Exception: call_user_func_array(): Argument #1 ($callback) must be a valid callback, class Home does not have a method "notfound" /home/giaphah1/public_html/system/core/CodeIgniter.php 532
ERROR - 2025-11-02 08:50:58 --> Severity: error --> Exception: call_user_func_array(): Argument #1 ($callback) must be a valid callback, class Home does not have a method "notfound" /home/giaphah1/public_html/system/core/CodeIgniter.php 532
ERROR - 2025-11-02 09:07:51 --> Severity: error --> Exception: call_user_func_array(): Argument #1 ($callback) must be a valid callback, class Home does not have a method "notfound" /home/giaphah1/public_html/system/core/CodeIgniter.php 532
ERROR - 2025-11-02 10:53:35 --> Severity: Warning --> Attempt to read property "husband_id" on null /home/giaphah1/public_html/application/controllers/admin/Family.php 261
ERROR - 2025-11-02 14:50:10 --> Severity: error --> Exception: call_user_func_array(): Argument #1 ($callback) must be a valid callback, class Home does not have a method "notfound" /home/giaphah1/public_html/system/core/CodeIgniter.php 532
ERROR - 2025-11-02 14:50:10 --> Severity: error --> Exception: call_user_func_array(): Argument #1 ($callback) must be a valid callback, class Home does not have a method "notfound" /home/giaphah1/public_html/system/core/CodeIgniter.php 532
ERROR - 2025-11-02 14:50:10 --> Severity: error --> Exception: call_user_func_array(): Argument #1 ($callback) must be a valid callback, class Home does not have a method "notfound" /home/giaphah1/public_html/system/core/CodeIgniter.php 532
ERROR - 2025-11-02 14:50:10 --> Severity: error --> Exception: call_user_func_array(): Argument #1 ($callback) must be a valid callback, class Home does not have a method "notfound" /home/giaphah1/public_html/system/core/CodeIgniter.php 532
ERROR - 2025-11-02 15:38:47 --> Severity: error --> Exception: call_user_func_array(): Argument #1 ($callback) must be a valid callback, class Home does not have a method "notfound" /home/giaphah1/public_html/system/core/CodeIgniter.php 532
ERROR - 2025-11-02 15:42:48 --> Severity: error --> Exception: call_user_func_array(): Argument #1 ($callback) must be a valid callback, class Home does not have a method "notfound" /home/giaphah1/public_html/system/core/CodeIgniter.php 532
ERROR - 2025-11-02 16:59:39 --> Severity: error --> Exception: call_user_func_array(): Argument #1 ($callback) must be a valid callback, class Home does not have a method "notfound" /home/giaphah1/public_html/system/core/CodeIgniter.php 532
ERROR - 2025-11-02 17:28:00 --> Severity: error --> Exception: call_user_func_array(): Argument #1 ($callback) must be a valid callback, class Home does not have a method "notfound" /home/giaphah1/public_html/system/core/CodeIgniter.php 532
ERROR - 2025-11-02 17:40:35 --> Severity: error --> Exception: call_user_func_array(): Argument #1 ($callback) must be a valid callback, class Home does not have a method "notfound" /home/giaphah1/public_html/system/core/CodeIgniter.php 532
ERROR - 2025-11-02 20:32:24 --> Severity: error --> Exception: call_user_func_array(): Argument #1 ($callback) must be a valid callback, class Home does not have a method "notfound" /home/giaphah1/public_html/system/core/CodeIgniter.php 532
ERROR - 2025-11-02 21:02:36 --> Severity: error --> Exception: call_user_func_array(): Argument #1 ($callback) must be a valid callback, class Home does not have a method "notfound" /home/giaphah1/public_html/system/core/CodeIgniter.php 532
ERROR - 2025-11-02 21:02:36 --> Severity: error --> Exception: call_user_func_array(): Argument #1 ($callback) must be a valid callback, class Home does not have a method "notfound" /home/giaphah1/public_html/system/core/CodeIgniter.php 532
ERROR - 2025-11-02 21:02:37 --> Severity: error --> Exception: call_user_func_array(): Argument #1 ($callback) must be a valid callback, class Home does not have a method "notfound" /home/giaphah1/public_html/system/core/CodeIgniter.php 532
ERROR - 2025-11-02 21:02:37 --> Severity: error --> Exception: call_user_func_array(): Argument #1 ($callback) must be a valid callback, class Home does not have a method "notfound" /home/giaphah1/public_html/system/core/CodeIgniter.php 532
ERROR - 2025-11-02 21:02:37 --> Severity: error --> Exception: call_user_func_array(): Argument #1 ($callback) must be a valid callback, class Home does not have a method "notfound" /home/giaphah1/public_html/system/core/CodeIgniter.php 532
ERROR - 2025-11-02 21:02:38 --> Severity: error --> Exception: call_user_func_array(): Argument #1 ($callback) must be a valid callback, class Home does not have a method "notfound" /home/giaphah1/public_html/system/core/CodeIgniter.php 532
ERROR - 2025-11-02 21:02:38 --> Severity: error --> Exception: call_user_func_array(): Argument #1 ($callback) must be a valid callback, class Home does not have a method "notfound" /home/giaphah1/public_html/system/core/CodeIgniter.php 532
ERROR - 2025-11-02 21:02:38 --> Severity: error --> Exception: call_user_func_array(): Argument #1 ($callback) must be a valid callback, class Home does not have a method "notfound" /home/giaphah1/public_html/system/core/CodeIgniter.php 532
ERROR - 2025-11-02 21:02:39 --> Severity: error --> Exception: call_user_func_array(): Argument #1 ($callback) must be a valid callback, class Home does not have a method "notfound" /home/giaphah1/public_html/system/core/CodeIgniter.php 532
ERROR - 2025-11-02 21:02:39 --> Severity: error --> Exception: call_user_func_array(): Argument #1 ($callback) must be a valid callback, class Home does not have a method "notfound" /home/giaphah1/public_html/system/core/CodeIgniter.php 532
ERROR - 2025-11-02 21:02:39 --> Severity: error --> Exception: call_user_func_array(): Argument #1 ($callback) must be a valid callback, class Home does not have a method "notfound" /home/giaphah1/public_html/system/core/CodeIgniter.php 532
ERROR - 2025-11-02 21:02:39 --> Severity: error --> Exception: call_user_func_array(): Argument #1 ($callback) must be a valid callback, class Home does not have a method "notfound" /home/giaphah1/public_html/system/core/CodeIgniter.php 532
ERROR - 2025-11-02 21:02:40 --> Severity: error --> Exception: call_user_func_array(): Argument #1 ($callback) must be a valid callback, class Home does not have a method "notfound" /home/giaphah1/public_html/system/core/CodeIgniter.php 532
ERROR - 2025-11-02 21:02:40 --> Severity: error --> Exception: call_user_func_array(): Argument #1 ($callback) must be a valid callback, class Home does not have a method "notfound" /home/giaphah1/public_html/system/core/CodeIgniter.php 532
ERROR - 2025-11-02 21:02:40 --> Severity: error --> Exception: call_user_func_array(): Argument #1 ($callback) must be a valid callback, class Home does not have a method "notfound" /home/giaphah1/public_html/system/core/CodeIgniter.php 532
ERROR - 2025-11-02 21:02:41 --> Severity: error --> Exception: call_user_func_array(): Argument #1 ($callback) must be a valid callback, class Home does not have a method "notfound" /home/giaphah1/public_html/system/core/CodeIgniter.php 532
ERROR - 2025-11-02 21:02:41 --> Severity: error --> Exception: call_user_func_array(): Argument #1 ($callback) must be a valid callback, class Home does not have a method "notfound" /home/giaphah1/public_html/system/core/CodeIgniter.php 532
