ERROR - 2025-01-07 10:34:58 --> Severity: Warning --> call_user_func_array() expects parameter 1 to be a valid callback, class 'Home' does not have a method 'notfound' D:\laragon\www\giapha\system\core\CodeIgniter.php 532
ERROR - 2025-01-07 10:35:00 --> Severity: Warning --> call_user_func_array() expects parameter 1 to be a valid callback, class 'Home' does not have a method 'notfound' D:\laragon\www\giapha\system\core\CodeIgniter.php 532
ERROR - 2025-01-07 10:35:02 --> Severity: Warning --> call_user_func_array() expects parameter 1 to be a valid callback, class 'Home' does not have a method 'notfound' D:\laragon\www\giapha\system\core\CodeIgniter.php 532
ERROR - 2025-01-07 10:35:04 --> Severity: Warning --> call_user_func_array() expects parameter 1 to be a valid callback, class 'Home' does not have a method 'notfound' D:\laragon\www\giapha\system\core\CodeIgniter.php 532
ERROR - 2025-01-07 10:35:06 --> Severity: Warning --> call_user_func_array() expects parameter 1 to be a valid callback, class 'Home' does not have a method 'notfound' D:\laragon\www\giapha\system\core\CodeIgniter.php 532
ERROR - 2025-01-07 10:35:13 --> Severity: Warning --> call_user_func_array() expects parameter 1 to be a valid callback, class 'Home' does not have a method 'notfound' D:\laragon\www\giapha\system\core\CodeIgniter.php 532
ERROR - 2025-01-07 10:35:17 --> Severity: Warning --> call_user_func_array() expects parameter 1 to be a valid callback, class 'Home' does not have a method 'notfound' D:\laragon\www\giapha\system\core\CodeIgniter.php 532
ERROR - 2025-01-07 10:40:51 --> Severity: Warning --> call_user_func_array() expects parameter 1 to be a valid callback, class 'Home' does not have a method 'notfound' D:\laragon\www\giapha\system\core\CodeIgniter.php 532
ERROR - 2025-01-07 10:40:53 --> Severity: Warning --> call_user_func_array() expects parameter 1 to be a valid callback, class 'Home' does not have a method 'notfound' D:\laragon\www\giapha\system\core\CodeIgniter.php 532
ERROR - 2025-01-07 10:41:22 --> Severity: Warning --> call_user_func_array() expects parameter 1 to be a valid callback, class 'Home' does not have a method 'notfound' D:\laragon\www\giapha\system\core\CodeIgniter.php 532
ERROR - 2025-01-07 10:41:32 --> Severity: Warning --> call_user_func_array() expects parameter 1 to be a valid callback, class 'Home' does not have a method 'notfound' D:\laragon\www\giapha\system\core\CodeIgniter.php 532
ERROR - 2025-01-07 10:44:02 --> Severity: Warning --> call_user_func_array() expects parameter 1 to be a valid callback, class 'Home' does not have a method 'notfound' D:\laragon\www\giapha\system\core\CodeIgniter.php 532
ERROR - 2025-01-07 10:44:03 --> Severity: Warning --> call_user_func_array() expects parameter 1 to be a valid callback, class 'Home' does not have a method 'notfound' D:\laragon\www\giapha\system\core\CodeIgniter.php 532
ERROR - 2025-01-07 10:44:06 --> Severity: Warning --> call_user_func_array() expects parameter 1 to be a valid callback, class 'Home' does not have a method 'notfound' D:\laragon\www\giapha\system\core\CodeIgniter.php 532
ERROR - 2025-01-07 10:44:23 --> Severity: Warning --> call_user_func_array() expects parameter 1 to be a valid callback, class 'Home' does not have a method 'notfound' D:\laragon\www\giapha\system\core\CodeIgniter.php 532
ERROR - 2025-01-07 10:44:39 --> Severity: Warning --> call_user_func_array() expects parameter 1 to be a valid callback, class 'Home' does not have a method 'notfound' D:\laragon\www\giapha\system\core\CodeIgniter.php 532
ERROR - 2025-01-07 11:08:18 --> Severity: Warning --> call_user_func_array() expects parameter 1 to be a valid callback, class 'Home' does not have a method 'notfound' D:\laragon\www\giapha\system\core\CodeIgniter.php 532
ERROR - 2025-01-07 11:08:20 --> Severity: Warning --> call_user_func_array() expects parameter 1 to be a valid callback, class 'Home' does not have a method 'notfound' D:\laragon\www\giapha\system\core\CodeIgniter.php 532
ERROR - 2025-01-07 11:08:24 --> Severity: Warning --> call_user_func_array() expects parameter 1 to be a valid callback, class 'Home' does not have a method 'notfound' D:\laragon\www\giapha\system\core\CodeIgniter.php 532
ERROR - 2025-01-07 11:08:26 --> Severity: Warning --> call_user_func_array() expects parameter 1 to be a valid callback, class 'Home' does not have a method 'notfound' D:\laragon\www\giapha\system\core\CodeIgniter.php 532
ERROR - 2025-01-07 11:08:55 --> Severity: Warning --> call_user_func_array() expects parameter 1 to be a valid callback, class 'Home' does not have a method 'notfound' D:\laragon\www\giapha\system\core\CodeIgniter.php 532
ERROR - 2025-01-07 11:08:58 --> Severity: Warning --> call_user_func_array() expects parameter 1 to be a valid callback, class 'Home' does not have a method 'notfound' D:\laragon\www\giapha\system\core\CodeIgniter.php 532
ERROR - 2025-01-07 11:11:52 --> Severity: Warning --> call_user_func_array() expects parameter 1 to be a valid callback, class 'Home' does not have a method 'notfound' D:\laragon\www\giapha\system\core\CodeIgniter.php 532
ERROR - 2025-01-07 11:11:54 --> Severity: Warning --> call_user_func_array() expects parameter 1 to be a valid callback, class 'Home' does not have a method 'notfound' D:\laragon\www\giapha\system\core\CodeIgniter.php 532
ERROR - 2025-01-07 11:11:59 --> Severity: Warning --> call_user_func_array() expects parameter 1 to be a valid callback, class 'Home' does not have a method 'notfound' D:\laragon\www\giapha\system\core\CodeIgniter.php 532
ERROR - 2025-01-07 11:12:07 --> Severity: Warning --> call_user_func_array() expects parameter 1 to be a valid callback, class 'Home' does not have a method 'notfound' D:\laragon\www\giapha\system\core\CodeIgniter.php 532
ERROR - 2025-01-07 11:12:10 --> Severity: Warning --> call_user_func_array() expects parameter 1 to be a valid callback, class 'Home' does not have a method 'notfound' D:\laragon\www\giapha\system\core\CodeIgniter.php 532
ERROR - 2025-01-07 11:12:32 --> Severity: Warning --> call_user_func_array() expects parameter 1 to be a valid callback, class 'Home' does not have a method 'notfound' D:\laragon\www\giapha\system\core\CodeIgniter.php 532
ERROR - 2025-01-07 11:14:05 --> Severity: Warning --> call_user_func_array() expects parameter 1 to be a valid callback, class 'Home' does not have a method 'notfound' D:\laragon\www\giapha\system\core\CodeIgniter.php 532
ERROR - 2025-01-07 11:15:18 --> Severity: Warning --> call_user_func_array() expects parameter 1 to be a valid callback, class 'Home' does not have a method 'notfound' D:\laragon\www\giapha\system\core\CodeIgniter.php 532
ERROR - 2025-01-07 11:19:20 --> 404: 
ERROR - 2025-01-07 11:19:20 --> /uploads/5419462304f621c9c52717f26ad3b8cd.jpg
ERROR - 2025-01-07 11:19:20 --> Severity: error --> Exception: Call to undefined function site_url() /home/giaphaho/giapha.webest.asia/application/views/errors/html/error_404.php 12
ERROR - 2025-01-07 11:19:20 --> 404: 
ERROR - 2025-01-07 11:19:20 --> /uploads/7b2514848066fa0ab120ed190b1fa6f7.jpg
ERROR - 2025-01-07 11:19:20 --> Severity: error --> Exception: Call to undefined function site_url() /home/giaphaho/giapha.webest.asia/application/views/errors/html/error_404.php 12
ERROR - 2025-01-07 11:19:20 --> 404: 
ERROR - 2025-01-07 11:19:20 --> /uploads/ec0a9976a86f7b63c4841c2a265c95b4.jpg
ERROR - 2025-01-07 11:19:20 --> Severity: error --> Exception: Call to undefined function site_url() /home/giaphaho/giapha.webest.asia/application/views/errors/html/error_404.php 12
ERROR - 2025-01-07 11:19:20 --> Severity: Warning --> call_user_func_array() expects parameter 1 to be a valid callback, class 'Home' does not have a method 'notfound' /home/giaphaho/giapha.webest.asia/system/core/CodeIgniter.php 532
ERROR - 2025-01-07 11:19:20 --> Severity: Warning --> call_user_func_array() expects parameter 1 to be a valid callback, class 'Home' does not have a method 'notfound' /home/giaphaho/giapha.webest.asia/system/core/CodeIgniter.php 532
ERROR - 2025-01-07 11:21:23 --> 404: 
ERROR - 2025-01-07 11:21:23 --> /uploads/7b2514848066fa0ab120ed190b1fa6f7.jpg
ERROR - 2025-01-07 11:21:23 --> Severity: error --> Exception: Call to undefined function site_url() /home/giaphaho/giapha.webest.asia/application/views/errors/html/error_404.php 12
ERROR - 2025-01-07 11:21:23 --> 404: 
ERROR - 2025-01-07 11:21:23 --> /uploads/5419462304f621c9c52717f26ad3b8cd.jpg
ERROR - 2025-01-07 11:21:23 --> Severity: error --> Exception: Call to undefined function site_url() /home/giaphaho/giapha.webest.asia/application/views/errors/html/error_404.php 12
ERROR - 2025-01-07 11:21:23 --> 404: 
ERROR - 2025-01-07 11:21:23 --> /uploads/ec0a9976a86f7b63c4841c2a265c95b4.jpg
ERROR - 2025-01-07 11:21:23 --> Severity: error --> Exception: Call to undefined function site_url() /home/giaphaho/giapha.webest.asia/application/views/errors/html/error_404.php 12
ERROR - 2025-01-07 11:21:23 --> Severity: Warning --> call_user_func_array() expects parameter 1 to be a valid callback, class 'Home' does not have a method 'notfound' /home/giaphaho/giapha.webest.asia/system/core/CodeIgniter.php 532
ERROR - 2025-01-07 11:21:23 --> Severity: Warning --> call_user_func_array() expects parameter 1 to be a valid callback, class 'Home' does not have a method 'notfound' /home/giaphaho/giapha.webest.asia/system/core/CodeIgniter.php 532
ERROR - 2025-01-07 11:21:28 --> 404: 
ERROR - 2025-01-07 11:21:28 --> /uploads/ec0a9976a86f7b63c4841c2a265c95b4.jpg
ERROR - 2025-01-07 11:21:28 --> Severity: error --> Exception: Call to undefined function site_url() /home/giaphaho/giapha.webest.asia/application/views/errors/html/error_404.php 12
ERROR - 2025-01-07 11:21:28 --> 404: 
ERROR - 2025-01-07 11:21:28 --> /uploads/5419462304f621c9c52717f26ad3b8cd.jpg
ERROR - 2025-01-07 11:21:28 --> Severity: error --> Exception: Call to undefined function site_url() /home/giaphaho/giapha.webest.asia/application/views/errors/html/error_404.php 12
ERROR - 2025-01-07 11:21:28 --> 404: 
ERROR - 2025-01-07 11:21:28 --> /uploads/7b2514848066fa0ab120ed190b1fa6f7.jpg
ERROR - 2025-01-07 11:21:28 --> Severity: error --> Exception: Call to undefined function site_url() /home/giaphaho/giapha.webest.asia/application/views/errors/html/error_404.php 12
ERROR - 2025-01-07 18:52:42 --> Severity: Warning --> call_user_func_array() expects parameter 1 to be a valid callback, class 'Home' does not have a method 'notfound' /home/giaphaho/giapha.webest.asia/system/core/CodeIgniter.php 532
ERROR - 2025-01-07 18:52:42 --> Severity: Warning --> call_user_func_array() expects parameter 1 to be a valid callback, class 'Home' does not have a method 'notfound' /home/giaphaho/giapha.webest.asia/system/core/CodeIgniter.php 532
ERROR - 2025-01-07 18:52:43 --> 404: 
ERROR - 2025-01-07 18:52:43 --> /uploads/7b2514848066fa0ab120ed190b1fa6f7.jpg
ERROR - 2025-01-07 18:52:43 --> Severity: error --> Exception: Call to undefined function site_url() /home/giaphaho/giapha.webest.asia/application/views/errors/html/error_404.php 12
ERROR - 2025-01-07 18:52:43 --> 404: 
ERROR - 2025-01-07 18:52:43 --> /uploads/ec0a9976a86f7b63c4841c2a265c95b4.jpg
ERROR - 2025-01-07 18:52:43 --> Severity: error --> Exception: Call to undefined function site_url() /home/giaphaho/giapha.webest.asia/application/views/errors/html/error_404.php 12
ERROR - 2025-01-07 18:52:43 --> 404: 
ERROR - 2025-01-07 18:52:43 --> /uploads/5419462304f621c9c52717f26ad3b8cd.jpg
ERROR - 2025-01-07 18:52:43 --> Severity: error --> Exception: Call to undefined function site_url() /home/giaphaho/giapha.webest.asia/application/views/errors/html/error_404.php 12
ERROR - 2025-01-07 18:52:43 --> Severity: Warning --> call_user_func_array() expects parameter 1 to be a valid callback, class 'Home' does not have a method 'notfound' /home/giaphaho/giapha.webest.asia/system/core/CodeIgniter.php 532
ERROR - 2025-01-07 18:52:43 --> Severity: Warning --> call_user_func_array() expects parameter 1 to be a valid callback, class 'Home' does not have a method 'notfound' /home/giaphaho/giapha.webest.asia/system/core/CodeIgniter.php 532
ERROR - 2025-01-07 19:53:25 --> Severity: Warning --> call_user_func_array() expects parameter 1 to be a valid callback, class 'Home' does not have a method 'notfound' /home/giaphaho/giapha.webest.asia/system/core/CodeIgniter.php 532
ERROR - 2025-01-07 19:53:25 --> Severity: Warning --> call_user_func_array() expects parameter 1 to be a valid callback, class 'Home' does not have a method 'notfound' /home/giaphaho/giapha.webest.asia/system/core/CodeIgniter.php 532
ERROR - 2025-01-07 19:53:25 --> Severity: Warning --> call_user_func_array() expects parameter 1 to be a valid callback, class 'Home' does not have a method 'notfound' /home/giaphaho/giapha.webest.asia/system/core/CodeIgniter.php 532
ERROR - 2025-01-07 19:53:25 --> Severity: Warning --> call_user_func_array() expects parameter 1 to be a valid callback, class 'Home' does not have a method 'notfound' /home/giaphaho/giapha.webest.asia/system/core/CodeIgniter.php 532
ERROR - 2025-01-07 19:53:25 --> Severity: Warning --> call_user_func_array() expects parameter 1 to be a valid callback, class 'Home' does not have a method 'notfound' /home/giaphaho/giapha.webest.asia/system/core/CodeIgniter.php 532
ERROR - 2025-01-07 19:53:25 --> Severity: Warning --> call_user_func_array() expects parameter 1 to be a valid callback, class 'Home' does not have a method 'notfound' /home/giaphaho/giapha.webest.asia/system/core/CodeIgniter.php 532
ERROR - 2025-01-07 19:53:25 --> Severity: Warning --> call_user_func_array() expects parameter 1 to be a valid callback, class 'Home' does not have a method 'notfound' /home/giaphaho/giapha.webest.asia/system/core/CodeIgniter.php 532
ERROR - 2025-01-07 19:53:25 --> Severity: Warning --> call_user_func_array() expects parameter 1 to be a valid callback, class 'Home' does not have a method 'notfound' /home/giaphaho/giapha.webest.asia/system/core/CodeIgniter.php 532
ERROR - 2025-01-07 19:53:25 --> Severity: Warning --> call_user_func_array() expects parameter 1 to be a valid callback, class 'Home' does not have a method 'notfound' /home/giaphaho/giapha.webest.asia/system/core/CodeIgniter.php 532
ERROR - 2025-01-07 19:53:25 --> Severity: Warning --> call_user_func_array() expects parameter 1 to be a valid callback, class 'Home' does not have a method 'notfound' /home/giaphaho/giapha.webest.asia/system/core/CodeIgniter.php 532
ERROR - 2025-01-07 19:53:25 --> Severity: Warning --> call_user_func_array() expects parameter 1 to be a valid callback, class 'Home' does not have a method 'notfound' /home/giaphaho/giapha.webest.asia/system/core/CodeIgniter.php 532
ERROR - 2025-01-07 19:53:25 --> Severity: Warning --> call_user_func_array() expects parameter 1 to be a valid callback, class 'Home' does not have a method 'notfound' /home/giaphaho/giapha.webest.asia/system/core/CodeIgniter.php 532
ERROR - 2025-01-07 19:53:25 --> Severity: Warning --> call_user_func_array() expects parameter 1 to be a valid callback, class 'Home' does not have a method 'notfound' /home/giaphaho/giapha.webest.asia/system/core/CodeIgniter.php 532
ERROR - 2025-01-07 19:53:25 --> Severity: Warning --> call_user_func_array() expects parameter 1 to be a valid callback, class 'Home' does not have a method 'notfound' /home/giaphaho/giapha.webest.asia/system/core/CodeIgniter.php 532
ERROR - 2025-01-07 19:53:25 --> Severity: Warning --> call_user_func_array() expects parameter 1 to be a valid callback, class 'Home' does not have a method 'notfound' /home/giaphaho/giapha.webest.asia/system/core/CodeIgniter.php 532
ERROR - 2025-01-07 19:53:25 --> Severity: Warning --> call_user_func_array() expects parameter 1 to be a valid callback, class 'Home' does not have a method 'notfound' /home/giaphaho/giapha.webest.asia/system/core/CodeIgniter.php 532
ERROR - 2025-01-07 19:53:25 --> Severity: Warning --> call_user_func_array() expects parameter 1 to be a valid callback, class 'Home' does not have a method 'notfound' /home/giaphaho/giapha.webest.asia/system/core/CodeIgniter.php 532
ERROR - 2025-01-07 19:53:25 --> Severity: Warning --> call_user_func_array() expects parameter 1 to be a valid callback, class 'Home' does not have a method 'notfound' /home/giaphaho/giapha.webest.asia/system/core/CodeIgniter.php 532
ERROR - 2025-01-07 19:53:25 --> Severity: Warning --> call_user_func_array() expects parameter 1 to be a valid callback, class 'Home' does not have a method 'notfound' /home/giaphaho/giapha.webest.asia/system/core/CodeIgniter.php 532
ERROR - 2025-01-07 19:53:25 --> Severity: Warning --> call_user_func_array() expects parameter 1 to be a valid callback, class 'Home' does not have a method 'notfound' /home/giaphaho/giapha.webest.asia/system/core/CodeIgniter.php 532
ERROR - 2025-01-07 19:53:25 --> Severity: Warning --> call_user_func_array() expects parameter 1 to be a valid callback, class 'Home' does not have a method 'notfound' /home/giaphaho/giapha.webest.asia/system/core/CodeIgniter.php 532
ERROR - 2025-01-07 19:53:25 --> Severity: Warning --> call_user_func_array() expects parameter 1 to be a valid callback, class 'Home' does not have a method 'notfound' /home/giaphaho/giapha.webest.asia/system/core/CodeIgniter.php 532
ERROR - 2025-01-07 19:53:25 --> Severity: Warning --> call_user_func_array() expects parameter 1 to be a valid callback, class 'Home' does not have a method 'notfound' /home/giaphaho/giapha.webest.asia/system/core/CodeIgniter.php 532
ERROR - 2025-01-07 19:53:25 --> Severity: Warning --> call_user_func_array() expects parameter 1 to be a valid callback, class 'Home' does not have a method 'notfound' /home/giaphaho/giapha.webest.asia/system/core/CodeIgniter.php 532
ERROR - 2025-01-07 19:53:25 --> Severity: Warning --> call_user_func_array() expects parameter 1 to be a valid callback, class 'Home' does not have a method 'notfound' /home/giaphaho/giapha.webest.asia/system/core/CodeIgniter.php 532
ERROR - 2025-01-07 19:53:25 --> Severity: Warning --> call_user_func_array() expects parameter 1 to be a valid callback, class 'Home' does not have a method 'notfound' /home/giaphaho/giapha.webest.asia/system/core/CodeIgniter.php 532
ERROR - 2025-01-07 19:53:25 --> Severity: Warning --> call_user_func_array() expects parameter 1 to be a valid callback, class 'Home' does not have a method 'notfound' /home/giaphaho/giapha.webest.asia/system/core/CodeIgniter.php 532
ERROR - 2025-01-07 19:53:25 --> Severity: Warning --> call_user_func_array() expects parameter 1 to be a valid callback, class 'Home' does not have a method 'notfound' /home/giaphaho/giapha.webest.asia/system/core/CodeIgniter.php 532
ERROR - 2025-01-07 19:53:25 --> Severity: Warning --> call_user_func_array() expects parameter 1 to be a valid callback, class 'Home' does not have a method 'notfound' /home/giaphaho/giapha.webest.asia/system/core/CodeIgniter.php 532
ERROR - 2025-01-07 19:53:25 --> Severity: Warning --> call_user_func_array() expects parameter 1 to be a valid callback, class 'Home' does not have a method 'notfound' /home/giaphaho/giapha.webest.asia/system/core/CodeIgniter.php 532
ERROR - 2025-01-07 19:53:25 --> Severity: Warning --> call_user_func_array() expects parameter 1 to be a valid callback, class 'Home' does not have a method 'notfound' /home/giaphaho/giapha.webest.asia/system/core/CodeIgniter.php 532
ERROR - 2025-01-07 19:53:25 --> Severity: Warning --> call_user_func_array() expects parameter 1 to be a valid callback, class 'Home' does not have a method 'notfound' /home/giaphaho/giapha.webest.asia/system/core/CodeIgniter.php 532
ERROR - 2025-01-07 19:53:25 --> Severity: Warning --> call_user_func_array() expects parameter 1 to be a valid callback, class 'Home' does not have a method 'notfound' /home/giaphaho/giapha.webest.asia/system/core/CodeIgniter.php 532
ERROR - 2025-01-07 19:53:25 --> Severity: Warning --> call_user_func_array() expects parameter 1 to be a valid callback, class 'Home' does not have a method 'notfound' /home/giaphaho/giapha.webest.asia/system/core/CodeIgniter.php 532
ERROR - 2025-01-07 23:33:58 --> Severity: Warning --> call_user_func_array() expects parameter 1 to be a valid callback, class 'Home' does not have a method 'notfound' /home/giaphaho/giapha.webest.asia/system/core/CodeIgniter.php 532
ERROR - 2025-01-07 23:34:32 --> Severity: Warning --> call_user_func_array() expects parameter 1 to be a valid callback, class 'Home' does not have a method 'notfound' /home/giaphaho/giapha.webest.asia/system/core/CodeIgniter.php 532
ERROR - 2025-01-07 23:39:31 --> 404: 
ERROR - 2025-01-07 23:39:31 --> /uploads/423f5824e9053fcad596820b0603f385.jpg
ERROR - 2025-01-07 23:39:31 --> Severity: error --> Exception: Call to undefined function site_url() /home/giaphaho/giapha.webest.asia/application/views/errors/html/error_404.php 12
ERROR - 2025-01-07 23:39:31 --> 404: 
ERROR - 2025-01-07 23:39:31 --> /uploads/0252ea325ebf274f815bae6914652354.jpg
ERROR - 2025-01-07 23:39:31 --> Severity: error --> Exception: Call to undefined function site_url() /home/giaphaho/giapha.webest.asia/application/views/errors/html/error_404.php 12
ERROR - 2025-01-07 23:39:31 --> 404: 
ERROR - 2025-01-07 23:39:31 --> /uploads/c8dbc712c6bb4237cf1f30a76901a9ef.jpg
ERROR - 2025-01-07 23:39:31 --> Severity: error --> Exception: Call to undefined function site_url() /home/giaphaho/giapha.webest.asia/application/views/errors/html/error_404.php 12
ERROR - 2025-01-07 23:39:31 --> 404: 
ERROR - 2025-01-07 23:39:31 --> /uploads/e6132b17ab672d3b07ecbb82a7d872a1.jpg
ERROR - 2025-01-07 23:39:31 --> Severity: error --> Exception: Call to undefined function site_url() /home/giaphaho/giapha.webest.asia/application/views/errors/html/error_404.php 12
ERROR - 2025-01-07 23:39:31 --> 404: 
ERROR - 2025-01-07 23:39:31 --> /uploads/1feddd1f60a6f00a103b12887ffb6a74.jpg
ERROR - 2025-01-07 23:39:31 --> Severity: error --> Exception: Call to undefined function site_url() /home/giaphaho/giapha.webest.asia/application/views/errors/html/error_404.php 12
ERROR - 2025-01-07 23:39:35 --> Severity: Warning --> call_user_func_array() expects parameter 1 to be a valid callback, class 'Home' does not have a method 'notfound' /home/giaphaho/giapha.webest.asia/system/core/CodeIgniter.php 532
ERROR - 2025-01-07 23:39:35 --> Severity: Warning --> call_user_func_array() expects parameter 1 to be a valid callback, class 'Home' does not have a method 'notfound' /home/giaphaho/giapha.webest.asia/system/core/CodeIgniter.php 532
ERROR - 2025-01-07 23:40:23 --> Severity: Warning --> call_user_func_array() expects parameter 1 to be a valid callback, class 'Home' does not have a method 'notfound' /home/giaphaho/giapha.webest.asia/system/core/CodeIgniter.php 532
ERROR - 2025-01-07 23:40:24 --> Severity: Warning --> call_user_func_array() expects parameter 1 to be a valid callback, class 'Home' does not have a method 'notfound' /home/giaphaho/giapha.webest.asia/system/core/CodeIgniter.php 532
ERROR - 2025-01-07 23:40:24 --> 404: 
ERROR - 2025-01-07 23:40:24 --> /uploads/0252ea325ebf274f815bae6914652354.jpg
ERROR - 2025-01-07 23:40:24 --> Severity: error --> Exception: Call to undefined function site_url() /home/giaphaho/giapha.webest.asia/application/views/errors/html/error_404.php 12
ERROR - 2025-01-07 23:40:24 --> 404: 
ERROR - 2025-01-07 23:40:24 --> /uploads/e6132b17ab672d3b07ecbb82a7d872a1.jpg
ERROR - 2025-01-07 23:40:24 --> Severity: error --> Exception: Call to undefined function site_url() /home/giaphaho/giapha.webest.asia/application/views/errors/html/error_404.php 12
ERROR - 2025-01-07 23:40:24 --> 404: 
ERROR - 2025-01-07 23:40:24 --> /uploads/1feddd1f60a6f00a103b12887ffb6a74.jpg
ERROR - 2025-01-07 23:40:24 --> Severity: error --> Exception: Call to undefined function site_url() /home/giaphaho/giapha.webest.asia/application/views/errors/html/error_404.php 12
ERROR - 2025-01-07 23:40:24 --> 404: 
ERROR - 2025-01-07 23:40:24 --> /uploads/c8dbc712c6bb4237cf1f30a76901a9ef.jpg
ERROR - 2025-01-07 23:40:24 --> Severity: error --> Exception: Call to undefined function site_url() /home/giaphaho/giapha.webest.asia/application/views/errors/html/error_404.php 12
ERROR - 2025-01-07 23:40:34 --> Severity: Warning --> call_user_func_array() expects parameter 1 to be a valid callback, class 'Home' does not have a method 'notfound' /home/giaphaho/giapha.webest.asia/system/core/CodeIgniter.php 532
ERROR - 2025-01-07 23:40:40 --> Severity: Warning --> call_user_func_array() expects parameter 1 to be a valid callback, class 'Home' does not have a method 'notfound' /home/giaphaho/giapha.webest.asia/system/core/CodeIgniter.php 532
ERROR - 2025-01-07 23:40:41 --> 404: 
ERROR - 2025-01-07 23:40:41 --> /uploads/0252ea325ebf274f815bae6914652354.jpg
ERROR - 2025-01-07 23:40:41 --> Severity: error --> Exception: Call to undefined function site_url() /home/giaphaho/giapha.webest.asia/application/views/errors/html/error_404.php 12
ERROR - 2025-01-07 23:40:41 --> 404: 
ERROR - 2025-01-07 23:40:41 --> /uploads/c8dbc712c6bb4237cf1f30a76901a9ef.jpg
ERROR - 2025-01-07 23:40:41 --> Severity: error --> Exception: Call to undefined function site_url() /home/giaphaho/giapha.webest.asia/application/views/errors/html/error_404.php 12
ERROR - 2025-01-07 23:40:41 --> 404: 
ERROR - 2025-01-07 23:40:41 --> /uploads/e6132b17ab672d3b07ecbb82a7d872a1.jpg
ERROR - 2025-01-07 23:40:41 --> Severity: error --> Exception: Call to undefined function site_url() /home/giaphaho/giapha.webest.asia/application/views/errors/html/error_404.php 12
ERROR - 2025-01-07 23:40:41 --> 404: 
ERROR - 2025-01-07 23:40:41 --> /uploads/1feddd1f60a6f00a103b12887ffb6a74.jpg
ERROR - 2025-01-07 23:40:41 --> Severity: error --> Exception: Call to undefined function site_url() /home/giaphaho/giapha.webest.asia/application/views/errors/html/error_404.php 12
ERROR - 2025-01-07 23:40:41 --> Severity: Warning --> call_user_func_array() expects parameter 1 to be a valid callback, class 'Home' does not have a method 'notfound' /home/giaphaho/giapha.webest.asia/system/core/CodeIgniter.php 532
ERROR - 2025-01-07 23:40:46 --> Severity: Warning --> call_user_func_array() expects parameter 1 to be a valid callback, class 'Home' does not have a method 'notfound' /home/giaphaho/giapha.webest.asia/system/core/CodeIgniter.php 532
ERROR - 2025-01-07 23:40:46 --> Severity: Warning --> call_user_func_array() expects parameter 1 to be a valid callback, class 'Home' does not have a method 'notfound' /home/giaphaho/giapha.webest.asia/system/core/CodeIgniter.php 532
ERROR - 2025-01-07 23:40:46 --> Severity: Warning --> call_user_func_array() expects parameter 1 to be a valid callback, class 'Home' does not have a method 'notfound' /home/giaphaho/giapha.webest.asia/system/core/CodeIgniter.php 532
ERROR - 2025-01-07 23:40:52 --> Severity: Warning --> call_user_func_array() expects parameter 1 to be a valid callback, class 'Home' does not have a method 'notfound' /home/giaphaho/giapha.webest.asia/system/core/CodeIgniter.php 532
ERROR - 2025-01-07 23:41:05 --> Severity: Warning --> call_user_func_array() expects parameter 1 to be a valid callback, class 'Home' does not have a method 'notfound' /home/giaphaho/giapha.webest.asia/system/core/CodeIgniter.php 532
ERROR - 2025-01-07 23:41:46 --> 404: 
ERROR - 2025-01-07 23:41:46 --> /uploads/e6132b17ab672d3b07ecbb82a7d872a1.jpg
ERROR - 2025-01-07 23:41:46 --> Severity: error --> Exception: Call to undefined function site_url() /home/giaphaho/giapha.webest.asia/application/views/errors/html/error_404.php 12
ERROR - 2025-01-07 23:41:46 --> 404: 
ERROR - 2025-01-07 23:41:46 --> /uploads/0252ea325ebf274f815bae6914652354.jpg
ERROR - 2025-01-07 23:41:46 --> Severity: error --> Exception: Call to undefined function site_url() /home/giaphaho/giapha.webest.asia/application/views/errors/html/error_404.php 12
ERROR - 2025-01-07 23:41:46 --> 404: 
ERROR - 2025-01-07 23:41:46 --> /uploads/1feddd1f60a6f00a103b12887ffb6a74.jpg
ERROR - 2025-01-07 23:41:46 --> Severity: error --> Exception: Call to undefined function site_url() /home/giaphaho/giapha.webest.asia/application/views/errors/html/error_404.php 12
ERROR - 2025-01-07 23:41:46 --> Severity: Warning --> call_user_func_array() expects parameter 1 to be a valid callback, class 'Home' does not have a method 'notfound' /home/giaphaho/giapha.webest.asia/system/core/CodeIgniter.php 532
ERROR - 2025-01-07 23:41:46 --> 404: 
ERROR - 2025-01-07 23:41:46 --> /uploads/c8dbc712c6bb4237cf1f30a76901a9ef.jpg
ERROR - 2025-01-07 23:41:46 --> Severity: error --> Exception: Call to undefined function site_url() /home/giaphaho/giapha.webest.asia/application/views/errors/html/error_404.php 12
ERROR - 2025-01-07 23:43:21 --> 404: 
ERROR - 2025-01-07 23:43:21 --> /uploads/c8dbc712c6bb4237cf1f30a76901a9ef.jpg
ERROR - 2025-01-07 23:43:21 --> Severity: error --> Exception: Call to undefined function site_url() /home/giaphaho/giapha.webest.asia/application/views/errors/html/error_404.php 12
ERROR - 2025-01-07 23:43:21 --> 404: 
ERROR - 2025-01-07 23:43:21 --> /uploads/e6132b17ab672d3b07ecbb82a7d872a1.jpg
ERROR - 2025-01-07 23:43:21 --> Severity: error --> Exception: Call to undefined function site_url() /home/giaphaho/giapha.webest.asia/application/views/errors/html/error_404.php 12
ERROR - 2025-01-07 23:43:21 --> 404: 
ERROR - 2025-01-07 23:43:21 --> /uploads/0252ea325ebf274f815bae6914652354.jpg
ERROR - 2025-01-07 23:43:21 --> Severity: error --> Exception: Call to undefined function site_url() /home/giaphaho/giapha.webest.asia/application/views/errors/html/error_404.php 12
ERROR - 2025-01-07 23:43:21 --> 404: 
ERROR - 2025-01-07 23:43:21 --> /uploads/1feddd1f60a6f00a103b12887ffb6a74.jpg
ERROR - 2025-01-07 23:43:21 --> Severity: error --> Exception: Call to undefined function site_url() /home/giaphaho/giapha.webest.asia/application/views/errors/html/error_404.php 12
ERROR - 2025-01-07 23:43:21 --> Severity: Warning --> call_user_func_array() expects parameter 1 to be a valid callback, class 'Home' does not have a method 'notfound' /home/giaphaho/giapha.webest.asia/system/core/CodeIgniter.php 532
ERROR - 2025-01-07 23:43:27 --> Severity: Warning --> call_user_func_array() expects parameter 1 to be a valid callback, class 'Home' does not have a method 'notfound' /home/giaphaho/giapha.webest.asia/system/core/CodeIgniter.php 532
ERROR - 2025-01-07 23:43:27 --> Severity: Warning --> call_user_func_array() expects parameter 1 to be a valid callback, class 'Home' does not have a method 'notfound' /home/giaphaho/giapha.webest.asia/system/core/CodeIgniter.php 532
ERROR - 2025-01-07 23:43:32 --> Severity: Warning --> call_user_func_array() expects parameter 1 to be a valid callback, class 'Home' does not have a method 'notfound' /home/giaphaho/giapha.webest.asia/system/core/CodeIgniter.php 532
ERROR - 2025-01-07 23:43:32 --> Severity: Warning --> call_user_func_array() expects parameter 1 to be a valid callback, class 'Home' does not have a method 'notfound' /home/giaphaho/giapha.webest.asia/system/core/CodeIgniter.php 532
ERROR - 2025-01-07 23:43:38 --> 404: 
ERROR - 2025-01-07 23:43:38 --> /uploads/c8dbc712c6bb4237cf1f30a76901a9ef.jpg
ERROR - 2025-01-07 23:43:38 --> Severity: error --> Exception: Call to undefined function site_url() /home/giaphaho/giapha.webest.asia/application/views/errors/html/error_404.php 12
ERROR - 2025-01-07 23:43:38 --> 404: 
ERROR - 2025-01-07 23:43:38 --> /uploads/e6132b17ab672d3b07ecbb82a7d872a1.jpg
ERROR - 2025-01-07 23:43:38 --> Severity: error --> Exception: Call to undefined function site_url() /home/giaphaho/giapha.webest.asia/application/views/errors/html/error_404.php 12
ERROR - 2025-01-07 23:43:38 --> 404: 
ERROR - 2025-01-07 23:43:38 --> /uploads/0252ea325ebf274f815bae6914652354.jpg
ERROR - 2025-01-07 23:43:38 --> Severity: error --> Exception: Call to undefined function site_url() /home/giaphaho/giapha.webest.asia/application/views/errors/html/error_404.php 12
ERROR - 2025-01-07 23:43:38 --> Severity: Warning --> call_user_func_array() expects parameter 1 to be a valid callback, class 'Home' does not have a method 'notfound' /home/giaphaho/giapha.webest.asia/system/core/CodeIgniter.php 532
ERROR - 2025-01-07 23:43:38 --> 404: 
ERROR - 2025-01-07 23:43:38 --> /uploads/1feddd1f60a6f00a103b12887ffb6a74.jpg
ERROR - 2025-01-07 23:43:38 --> Severity: error --> Exception: Call to undefined function site_url() /home/giaphaho/giapha.webest.asia/application/views/errors/html/error_404.php 12
ERROR - 2025-01-07 23:43:40 --> 404: 
ERROR - 2025-01-07 23:43:40 --> /uploads/0252ea325ebf274f815bae6914652354.jpg
ERROR - 2025-01-07 23:43:40 --> Severity: error --> Exception: Call to undefined function site_url() /home/giaphaho/giapha.webest.asia/application/views/errors/html/error_404.php 12
ERROR - 2025-01-07 23:43:40 --> 404: 
ERROR - 2025-01-07 23:43:40 --> /uploads/c8dbc712c6bb4237cf1f30a76901a9ef.jpg
ERROR - 2025-01-07 23:43:40 --> Severity: error --> Exception: Call to undefined function site_url() /home/giaphaho/giapha.webest.asia/application/views/errors/html/error_404.php 12
ERROR - 2025-01-07 23:43:40 --> 404: 
ERROR - 2025-01-07 23:43:40 --> /uploads/e6132b17ab672d3b07ecbb82a7d872a1.jpg
ERROR - 2025-01-07 23:43:40 --> Severity: error --> Exception: Call to undefined function site_url() /home/giaphaho/giapha.webest.asia/application/views/errors/html/error_404.php 12
ERROR - 2025-01-07 23:43:40 --> Severity: Warning --> call_user_func_array() expects parameter 1 to be a valid callback, class 'Home' does not have a method 'notfound' /home/giaphaho/giapha.webest.asia/system/core/CodeIgniter.php 532
ERROR - 2025-01-07 23:43:40 --> 404: 
ERROR - 2025-01-07 23:43:40 --> /uploads/1feddd1f60a6f00a103b12887ffb6a74.jpg
ERROR - 2025-01-07 23:43:40 --> Severity: error --> Exception: Call to undefined function site_url() /home/giaphaho/giapha.webest.asia/application/views/errors/html/error_404.php 12
ERROR - 2025-01-07 23:43:42 --> Severity: Warning --> call_user_func_array() expects parameter 1 to be a valid callback, class 'Home' does not have a method 'notfound' /home/giaphaho/giapha.webest.asia/system/core/CodeIgniter.php 532
ERROR - 2025-01-07 23:43:42 --> Severity: Warning --> call_user_func_array() expects parameter 1 to be a valid callback, class 'Home' does not have a method 'notfound' /home/giaphaho/giapha.webest.asia/system/core/CodeIgniter.php 532
ERROR - 2025-01-07 23:43:45 --> Severity: Warning --> call_user_func_array() expects parameter 1 to be a valid callback, class 'Home' does not have a method 'notfound' /home/giaphaho/giapha.webest.asia/system/core/CodeIgniter.php 532
ERROR - 2025-01-07 23:43:45 --> Severity: Warning --> call_user_func_array() expects parameter 1 to be a valid callback, class 'Home' does not have a method 'notfound' /home/giaphaho/giapha.webest.asia/system/core/CodeIgniter.php 532
ERROR - 2025-01-07 23:43:49 --> Severity: Warning --> call_user_func_array() expects parameter 1 to be a valid callback, class 'Home' does not have a method 'notfound' /home/giaphaho/giapha.webest.asia/system/core/CodeIgniter.php 532
ERROR - 2025-01-07 23:43:49 --> Severity: Warning --> call_user_func_array() expects parameter 1 to be a valid callback, class 'Home' does not have a method 'notfound' /home/giaphaho/giapha.webest.asia/system/core/CodeIgniter.php 532
ERROR - 2025-01-07 23:43:52 --> Severity: Warning --> call_user_func_array() expects parameter 1 to be a valid callback, class 'Home' does not have a method 'notfound' /home/giaphaho/giapha.webest.asia/system/core/CodeIgniter.php 532
ERROR - 2025-01-07 23:43:54 --> Severity: Warning --> call_user_func_array() expects parameter 1 to be a valid callback, class 'Home' does not have a method 'notfound' /home/giaphaho/giapha.webest.asia/system/core/CodeIgniter.php 532
ERROR - 2025-01-07 23:43:57 --> Severity: Warning --> call_user_func_array() expects parameter 1 to be a valid callback, class 'Home' does not have a method 'notfound' /home/giaphaho/giapha.webest.asia/system/core/CodeIgniter.php 532
ERROR - 2025-01-07 23:43:57 --> Severity: Warning --> call_user_func_array() expects parameter 1 to be a valid callback, class 'Home' does not have a method 'notfound' /home/giaphaho/giapha.webest.asia/system/core/CodeIgniter.php 532
ERROR - 2025-01-07 23:44:28 --> Severity: Warning --> call_user_func_array() expects parameter 1 to be a valid callback, class 'Home' does not have a method 'notfound' /home/giaphaho/giapha.webest.asia/system/core/CodeIgniter.php 532
ERROR - 2025-01-07 23:44:28 --> Severity: Warning --> call_user_func_array() expects parameter 1 to be a valid callback, class 'Home' does not have a method 'notfound' /home/giaphaho/giapha.webest.asia/system/core/CodeIgniter.php 532
ERROR - 2025-01-07 23:44:42 --> Severity: Warning --> call_user_func_array() expects parameter 1 to be a valid callback, class 'Home' does not have a method 'notfound' /home/giaphaho/giapha.webest.asia/system/core/CodeIgniter.php 532
ERROR - 2025-01-07 23:44:47 --> Severity: Warning --> call_user_func_array() expects parameter 1 to be a valid callback, class 'Home' does not have a method 'notfound' /home/giaphaho/giapha.webest.asia/system/core/CodeIgniter.php 532
ERROR - 2025-01-07 23:44:47 --> Severity: Warning --> call_user_func_array() expects parameter 1 to be a valid callback, class 'Home' does not have a method 'notfound' /home/giaphaho/giapha.webest.asia/system/core/CodeIgniter.php 532
ERROR - 2025-01-07 23:48:14 --> Severity: Warning --> call_user_func_array() expects parameter 1 to be a valid callback, class 'Home' does not have a method 'notfound' /home/giaphaho/giapha.webest.asia/system/core/CodeIgniter.php 532
ERROR - 2025-01-07 23:48:14 --> Severity: Warning --> call_user_func_array() expects parameter 1 to be a valid callback, class 'Home' does not have a method 'notfound' /home/giaphaho/giapha.webest.asia/system/core/CodeIgniter.php 532
ERROR - 2025-01-07 23:48:37 --> Severity: Warning --> call_user_func_array() expects parameter 1 to be a valid callback, class 'Home' does not have a method 'notfound' /home/giaphaho/giapha.webest.asia/system/core/CodeIgniter.php 532
ERROR - 2025-01-07 23:48:37 --> Severity: Warning --> call_user_func_array() expects parameter 1 to be a valid callback, class 'Home' does not have a method 'notfound' /home/giaphaho/giapha.webest.asia/system/core/CodeIgniter.php 532
ERROR - 2025-01-07 23:48:39 --> Severity: Warning --> call_user_func_array() expects parameter 1 to be a valid callback, class 'Home' does not have a method 'notfound' /home/giaphaho/giapha.webest.asia/system/core/CodeIgniter.php 532
ERROR - 2025-01-07 23:48:39 --> Severity: Warning --> call_user_func_array() expects parameter 1 to be a valid callback, class 'Home' does not have a method 'notfound' /home/giaphaho/giapha.webest.asia/system/core/CodeIgniter.php 532
ERROR - 2025-01-07 23:49:00 --> Severity: Warning --> call_user_func_array() expects parameter 1 to be a valid callback, class 'Home' does not have a method 'notfound' /home/giaphaho/giapha.webest.asia/system/core/CodeIgniter.php 532
ERROR - 2025-01-07 23:49:00 --> Severity: Warning --> call_user_func_array() expects parameter 1 to be a valid callback, class 'Home' does not have a method 'notfound' /home/giaphaho/giapha.webest.asia/system/core/CodeIgniter.php 532
ERROR - 2025-01-07 23:49:01 --> Severity: Warning --> call_user_func_array() expects parameter 1 to be a valid callback, class 'Home' does not have a method 'notfound' /home/giaphaho/giapha.webest.asia/system/core/CodeIgniter.php 532
ERROR - 2025-01-07 23:49:01 --> Severity: Warning --> call_user_func_array() expects parameter 1 to be a valid callback, class 'Home' does not have a method 'notfound' /home/giaphaho/giapha.webest.asia/system/core/CodeIgniter.php 532
ERROR - 2025-01-07 23:49:01 --> Severity: Warning --> call_user_func_array() expects parameter 1 to be a valid callback, class 'Home' does not have a method 'notfound' /home/giaphaho/giapha.webest.asia/system/core/CodeIgniter.php 532
ERROR - 2025-01-07 23:49:01 --> Severity: Warning --> call_user_func_array() expects parameter 1 to be a valid callback, class 'Home' does not have a method 'notfound' /home/giaphaho/giapha.webest.asia/system/core/CodeIgniter.php 532
ERROR - 2025-01-07 23:49:02 --> Severity: Warning --> call_user_func_array() expects parameter 1 to be a valid callback, class 'Home' does not have a method 'notfound' /home/giaphaho/giapha.webest.asia/system/core/CodeIgniter.php 532
ERROR - 2025-01-07 23:49:02 --> Severity: Warning --> call_user_func_array() expects parameter 1 to be a valid callback, class 'Home' does not have a method 'notfound' /home/giaphaho/giapha.webest.asia/system/core/CodeIgniter.php 532
ERROR - 2025-01-07 23:49:04 --> Severity: Warning --> call_user_func_array() expects parameter 1 to be a valid callback, class 'Home' does not have a method 'notfound' /home/giaphaho/giapha.webest.asia/system/core/CodeIgniter.php 532
ERROR - 2025-01-07 23:50:55 --> Severity: Warning --> call_user_func_array() expects parameter 1 to be a valid callback, class 'Home' does not have a method 'notfound' /home/giaphaho/giapha.webest.asia/system/core/CodeIgniter.php 532
ERROR - 2025-01-07 23:50:55 --> Severity: Warning --> call_user_func_array() expects parameter 1 to be a valid callback, class 'Home' does not have a method 'notfound' /home/giaphaho/giapha.webest.asia/system/core/CodeIgniter.php 532
ERROR - 2025-01-07 23:50:55 --> Severity: Warning --> call_user_func_array() expects parameter 1 to be a valid callback, class 'Home' does not have a method 'notfound' /home/giaphaho/giapha.webest.asia/system/core/CodeIgniter.php 532
ERROR - 2025-01-07 23:50:55 --> Severity: Warning --> call_user_func_array() expects parameter 1 to be a valid callback, class 'Home' does not have a method 'notfound' /home/giaphaho/giapha.webest.asia/system/core/CodeIgniter.php 532
ERROR - 2025-01-07 23:51:13 --> 404: 
ERROR - 2025-01-07 23:51:13 --> /uploads/file_676771e7d0772.jpg
ERROR - 2025-01-07 23:51:13 --> Severity: error --> Exception: Call to undefined function site_url() /home/giaphaho/giapha.webest.asia/application/views/errors/html/error_404.php 12
ERROR - 2025-01-07 23:51:16 --> Severity: Warning --> call_user_func_array() expects parameter 1 to be a valid callback, class 'Home' does not have a method 'notfound' /home/giaphaho/giapha.webest.asia/system/core/CodeIgniter.php 532
ERROR - 2025-01-07 23:51:18 --> Severity: Warning --> call_user_func_array() expects parameter 1 to be a valid callback, class 'Home' does not have a method 'notfound' /home/giaphaho/giapha.webest.asia/system/core/CodeIgniter.php 532
ERROR - 2025-01-07 23:51:43 --> Severity: Warning --> call_user_func_array() expects parameter 1 to be a valid callback, class 'Home' does not have a method 'notfound' /home/giaphaho/giapha.webest.asia/system/core/CodeIgniter.php 532
ERROR - 2025-01-07 23:51:43 --> Severity: Warning --> call_user_func_array() expects parameter 1 to be a valid callback, class 'Home' does not have a method 'notfound' /home/giaphaho/giapha.webest.asia/system/core/CodeIgniter.php 532
ERROR - 2025-01-07 23:51:43 --> Severity: Warning --> call_user_func_array() expects parameter 1 to be a valid callback, class 'Home' does not have a method 'notfound' /home/giaphaho/giapha.webest.asia/system/core/CodeIgniter.php 532
ERROR - 2025-01-07 23:51:43 --> Severity: Warning --> call_user_func_array() expects parameter 1 to be a valid callback, class 'Home' does not have a method 'notfound' /home/giaphaho/giapha.webest.asia/system/core/CodeIgniter.php 532
ERROR - 2025-01-07 23:51:43 --> Severity: Warning --> call_user_func_array() expects parameter 1 to be a valid callback, class 'Home' does not have a method 'notfound' /home/giaphaho/giapha.webest.asia/system/core/CodeIgniter.php 532
ERROR - 2025-01-07 23:52:06 --> Severity: Warning --> call_user_func_array() expects parameter 1 to be a valid callback, class 'Home' does not have a method 'notfound' /home/giaphaho/giapha.webest.asia/system/core/CodeIgniter.php 532
ERROR - 2025-01-07 23:52:06 --> Severity: Warning --> call_user_func_array() expects parameter 1 to be a valid callback, class 'Home' does not have a method 'notfound' /home/giaphaho/giapha.webest.asia/system/core/CodeIgniter.php 532
ERROR - 2025-01-07 23:52:06 --> Severity: Warning --> call_user_func_array() expects parameter 1 to be a valid callback, class 'Home' does not have a method 'notfound' /home/giaphaho/giapha.webest.asia/system/core/CodeIgniter.php 532
ERROR - 2025-01-07 23:52:06 --> Severity: Warning --> call_user_func_array() expects parameter 1 to be a valid callback, class 'Home' does not have a method 'notfound' /home/giaphaho/giapha.webest.asia/system/core/CodeIgniter.php 532
ERROR - 2025-01-07 23:52:09 --> Severity: Warning --> call_user_func_array() expects parameter 1 to be a valid callback, class 'Home' does not have a method 'notfound' /home/giaphaho/giapha.webest.asia/system/core/CodeIgniter.php 532
ERROR - 2025-01-07 23:53:10 --> 404: 
ERROR - 2025-01-07 23:53:10 --> /uploads/0252ea325ebf274f815bae6914652354.jpg
ERROR - 2025-01-07 23:53:10 --> Severity: error --> Exception: Call to undefined function site_url() /home/giaphaho/giapha.webest.asia/application/views/errors/html/error_404.php 12
ERROR - 2025-01-07 23:53:10 --> 404: 
ERROR - 2025-01-07 23:53:10 --> /uploads/7b2514848066fa0ab120ed190b1fa6f7.jpg
ERROR - 2025-01-07 23:53:10 --> Severity: error --> Exception: Call to undefined function site_url() /home/giaphaho/giapha.webest.asia/application/views/errors/html/error_404.php 12
ERROR - 2025-01-07 23:53:10 --> 404: 
ERROR - 2025-01-07 23:53:10 --> /uploads/5419462304f621c9c52717f26ad3b8cd.jpg
ERROR - 2025-01-07 23:53:10 --> Severity: error --> Exception: Call to undefined function site_url() /home/giaphaho/giapha.webest.asia/application/views/errors/html/error_404.php 12
ERROR - 2025-01-07 23:53:10 --> 404: 
ERROR - 2025-01-07 23:53:10 --> /uploads/e6132b17ab672d3b07ecbb82a7d872a1.jpg
ERROR - 2025-01-07 23:53:10 --> Severity: error --> Exception: Call to undefined function site_url() /home/giaphaho/giapha.webest.asia/application/views/errors/html/error_404.php 12
ERROR - 2025-01-07 23:53:10 --> 404: 
ERROR - 2025-01-07 23:53:10 --> /uploads/1feddd1f60a6f00a103b12887ffb6a74.jpg
ERROR - 2025-01-07 23:53:10 --> Severity: error --> Exception: Call to undefined function site_url() /home/giaphaho/giapha.webest.asia/application/views/errors/html/error_404.php 12
ERROR - 2025-01-07 23:53:10 --> Severity: Warning --> call_user_func_array() expects parameter 1 to be a valid callback, class 'Home' does not have a method 'notfound' /home/giaphaho/giapha.webest.asia/system/core/CodeIgniter.php 532
ERROR - 2025-01-07 23:53:10 --> 404: 
ERROR - 2025-01-07 23:53:10 --> /uploads/ec0a9976a86f7b63c4841c2a265c95b4.jpg
ERROR - 2025-01-07 23:53:10 --> Severity: error --> Exception: Call to undefined function site_url() /home/giaphaho/giapha.webest.asia/application/views/errors/html/error_404.php 12
ERROR - 2025-01-07 23:53:10 --> 404: 
ERROR - 2025-01-07 23:53:10 --> /uploads/c8dbc712c6bb4237cf1f30a76901a9ef.jpg
ERROR - 2025-01-07 23:53:10 --> Severity: error --> Exception: Call to undefined function site_url() /home/giaphaho/giapha.webest.asia/application/views/errors/html/error_404.php 12
ERROR - 2025-01-07 23:53:37 --> Severity: Warning --> call_user_func_array() expects parameter 1 to be a valid callback, class 'Home' does not have a method 'notfound' /home/giaphaho/giapha.webest.asia/system/core/CodeIgniter.php 532
ERROR - 2025-01-07 23:53:42 --> 404: 
ERROR - 2025-01-07 23:53:42 --> /uploads/0252ea325ebf274f815bae6914652354.jpg
ERROR - 2025-01-07 23:53:42 --> Severity: error --> Exception: Call to undefined function site_url() /home/giaphaho/giapha.webest.asia/application/views/errors/html/error_404.php 12
ERROR - 2025-01-07 23:53:42 --> 404: 
ERROR - 2025-01-07 23:53:42 --> /uploads/c8dbc712c6bb4237cf1f30a76901a9ef.jpg
ERROR - 2025-01-07 23:53:42 --> Severity: error --> Exception: Call to undefined function site_url() /home/giaphaho/giapha.webest.asia/application/views/errors/html/error_404.php 12
ERROR - 2025-01-07 23:53:42 --> 404: 
ERROR - 2025-01-07 23:53:42 --> /uploads/1feddd1f60a6f00a103b12887ffb6a74.jpg
ERROR - 2025-01-07 23:53:42 --> Severity: error --> Exception: Call to undefined function site_url() /home/giaphaho/giapha.webest.asia/application/views/errors/html/error_404.php 12
ERROR - 2025-01-07 23:53:42 --> 404: 
ERROR - 2025-01-07 23:53:42 --> /uploads/5419462304f621c9c52717f26ad3b8cd.jpg
ERROR - 2025-01-07 23:53:42 --> Severity: error --> Exception: Call to undefined function site_url() /home/giaphaho/giapha.webest.asia/application/views/errors/html/error_404.php 12
ERROR - 2025-01-07 23:53:42 --> 404: 
ERROR - 2025-01-07 23:53:42 --> /uploads/ec0a9976a86f7b63c4841c2a265c95b4.jpg
ERROR - 2025-01-07 23:53:42 --> Severity: error --> Exception: Call to undefined function site_url() /home/giaphaho/giapha.webest.asia/application/views/errors/html/error_404.php 12
ERROR - 2025-01-07 23:53:42 --> 404: 
ERROR - 2025-01-07 23:53:42 --> /uploads/e6132b17ab672d3b07ecbb82a7d872a1.jpg
ERROR - 2025-01-07 23:53:42 --> Severity: error --> Exception: Call to undefined function site_url() /home/giaphaho/giapha.webest.asia/application/views/errors/html/error_404.php 12
ERROR - 2025-01-07 23:53:42 --> 404: 
ERROR - 2025-01-07 23:53:42 --> /uploads/7b2514848066fa0ab120ed190b1fa6f7.jpg
ERROR - 2025-01-07 23:53:42 --> Severity: error --> Exception: Call to undefined function site_url() /home/giaphaho/giapha.webest.asia/application/views/errors/html/error_404.php 12
ERROR - 2025-01-07 23:53:42 --> Severity: Warning --> call_user_func_array() expects parameter 1 to be a valid callback, class 'Home' does not have a method 'notfound' /home/giaphaho/giapha.webest.asia/system/core/CodeIgniter.php 532
ERROR - 2025-01-07 23:53:43 --> 404: 
ERROR - 2025-01-07 23:53:43 --> 404: 
ERROR - 2025-01-07 23:53:43 --> /uploads/c8dbc712c6bb4237cf1f30a76901a9ef.jpg
ERROR - 2025-01-07 23:53:43 --> Severity: error --> Exception: Call to undefined function site_url() /home/giaphaho/giapha.webest.asia/application/views/errors/html/error_404.php 12
ERROR - 2025-01-07 23:53:43 --> /uploads/0252ea325ebf274f815bae6914652354.jpg
ERROR - 2025-01-07 23:53:43 --> Severity: error --> Exception: Call to undefined function site_url() /home/giaphaho/giapha.webest.asia/application/views/errors/html/error_404.php 12
ERROR - 2025-01-07 23:53:43 --> 404: 
ERROR - 2025-01-07 23:53:43 --> /uploads/1feddd1f60a6f00a103b12887ffb6a74.jpg
ERROR - 2025-01-07 23:53:43 --> Severity: error --> Exception: Call to undefined function site_url() /home/giaphaho/giapha.webest.asia/application/views/errors/html/error_404.php 12
ERROR - 2025-01-07 23:53:43 --> 404: 
ERROR - 2025-01-07 23:53:43 --> /uploads/e6132b17ab672d3b07ecbb82a7d872a1.jpg
ERROR - 2025-01-07 23:53:43 --> Severity: error --> Exception: Call to undefined function site_url() /home/giaphaho/giapha.webest.asia/application/views/errors/html/error_404.php 12
ERROR - 2025-01-07 23:53:43 --> Severity: Warning --> call_user_func_array() expects parameter 1 to be a valid callback, class 'Home' does not have a method 'notfound' /home/giaphaho/giapha.webest.asia/system/core/CodeIgniter.php 532
ERROR - 2025-01-07 23:53:43 --> 404: 
ERROR - 2025-01-07 23:53:43 --> /uploads/5419462304f621c9c52717f26ad3b8cd.jpg
ERROR - 2025-01-07 23:53:43 --> Severity: error --> Exception: Call to undefined function site_url() /home/giaphaho/giapha.webest.asia/application/views/errors/html/error_404.php 12
ERROR - 2025-01-07 23:53:43 --> 404: 
ERROR - 2025-01-07 23:53:43 --> /uploads/ec0a9976a86f7b63c4841c2a265c95b4.jpg
ERROR - 2025-01-07 23:53:43 --> Severity: error --> Exception: Call to undefined function site_url() /home/giaphaho/giapha.webest.asia/application/views/errors/html/error_404.php 12
ERROR - 2025-01-07 23:53:43 --> 404: 
ERROR - 2025-01-07 23:53:43 --> /uploads/7b2514848066fa0ab120ed190b1fa6f7.jpg
ERROR - 2025-01-07 23:53:43 --> Severity: error --> Exception: Call to undefined function site_url() /home/giaphaho/giapha.webest.asia/application/views/errors/html/error_404.php 12
ERROR - 2025-01-07 23:53:44 --> 404: 
ERROR - 2025-01-07 23:53:44 --> /uploads/c8dbc712c6bb4237cf1f30a76901a9ef.jpg
ERROR - 2025-01-07 23:53:44 --> Severity: error --> Exception: Call to undefined function site_url() /home/giaphaho/giapha.webest.asia/application/views/errors/html/error_404.php 12
ERROR - 2025-01-07 23:53:44 --> 404: 
ERROR - 2025-01-07 23:53:44 --> /uploads/1feddd1f60a6f00a103b12887ffb6a74.jpg
ERROR - 2025-01-07 23:53:44 --> Severity: error --> Exception: Call to undefined function site_url() /home/giaphaho/giapha.webest.asia/application/views/errors/html/error_404.php 12
ERROR - 2025-01-07 23:53:44 --> 404: 
ERROR - 2025-01-07 23:53:44 --> /uploads/e6132b17ab672d3b07ecbb82a7d872a1.jpg
ERROR - 2025-01-07 23:53:44 --> Severity: error --> Exception: Call to undefined function site_url() /home/giaphaho/giapha.webest.asia/application/views/errors/html/error_404.php 12
ERROR - 2025-01-07 23:53:44 --> Severity: Warning --> call_user_func_array() expects parameter 1 to be a valid callback, class 'Home' does not have a method 'notfound' /home/giaphaho/giapha.webest.asia/system/core/CodeIgniter.php 532
ERROR - 2025-01-07 23:53:44 --> 404: 
ERROR - 2025-01-07 23:53:44 --> /uploads/ec0a9976a86f7b63c4841c2a265c95b4.jpg
ERROR - 2025-01-07 23:53:44 --> Severity: error --> Exception: Call to undefined function site_url() /home/giaphaho/giapha.webest.asia/application/views/errors/html/error_404.php 12
ERROR - 2025-01-07 23:53:44 --> 404: 
ERROR - 2025-01-07 23:53:44 --> /uploads/0252ea325ebf274f815bae6914652354.jpg
ERROR - 2025-01-07 23:53:44 --> Severity: error --> Exception: Call to undefined function site_url() /home/giaphaho/giapha.webest.asia/application/views/errors/html/error_404.php 12
ERROR - 2025-01-07 23:53:44 --> 404: 
ERROR - 2025-01-07 23:53:44 --> /uploads/7b2514848066fa0ab120ed190b1fa6f7.jpg
ERROR - 2025-01-07 23:53:44 --> Severity: error --> Exception: Call to undefined function site_url() /home/giaphaho/giapha.webest.asia/application/views/errors/html/error_404.php 12
ERROR - 2025-01-07 23:53:44 --> 404: 
ERROR - 2025-01-07 23:53:44 --> /uploads/5419462304f621c9c52717f26ad3b8cd.jpg
ERROR - 2025-01-07 23:53:44 --> Severity: error --> Exception: Call to undefined function site_url() /home/giaphaho/giapha.webest.asia/application/views/errors/html/error_404.php 12
ERROR - 2025-01-07 23:54:34 --> Severity: Warning --> call_user_func_array() expects parameter 1 to be a valid callback, class 'Home' does not have a method 'notfound' /home/giaphaho/giapha.webest.asia/system/core/CodeIgniter.php 532
ERROR - 2025-01-07 23:54:34 --> Severity: Warning --> call_user_func_array() expects parameter 1 to be a valid callback, class 'Home' does not have a method 'notfound' /home/giaphaho/giapha.webest.asia/system/core/CodeIgniter.php 532
ERROR - 2025-01-07 23:54:34 --> Severity: Warning --> call_user_func_array() expects parameter 1 to be a valid callback, class 'Home' does not have a method 'notfound' /home/giaphaho/giapha.webest.asia/system/core/CodeIgniter.php 532
ERROR - 2025-01-07 23:54:34 --> Severity: Warning --> call_user_func_array() expects parameter 1 to be a valid callback, class 'Home' does not have a method 'notfound' /home/giaphaho/giapha.webest.asia/system/core/CodeIgniter.php 532
ERROR - 2025-01-07 23:55:13 --> Severity: Warning --> call_user_func_array() expects parameter 1 to be a valid callback, class 'Home' does not have a method 'notfound' /home/giaphaho/giapha.webest.asia/system/core/CodeIgniter.php 532
ERROR - 2025-01-07 23:55:13 --> Severity: Warning --> call_user_func_array() expects parameter 1 to be a valid callback, class 'Home' does not have a method 'notfound' /home/giaphaho/giapha.webest.asia/system/core/CodeIgniter.php 532
ERROR - 2025-01-07 23:55:13 --> Severity: Warning --> call_user_func_array() expects parameter 1 to be a valid callback, class 'Home' does not have a method 'notfound' /home/giaphaho/giapha.webest.asia/system/core/CodeIgniter.php 532
ERROR - 2025-01-07 23:55:13 --> Severity: Warning --> call_user_func_array() expects parameter 1 to be a valid callback, class 'Home' does not have a method 'notfound' /home/giaphaho/giapha.webest.asia/system/core/CodeIgniter.php 532
ERROR - 2025-01-07 23:55:41 --> Severity: Warning --> call_user_func_array() expects parameter 1 to be a valid callback, class 'Home' does not have a method 'notfound' /home/giaphaho/giapha.webest.asia/system/core/CodeIgniter.php 532
ERROR - 2025-01-07 23:55:41 --> Severity: Warning --> call_user_func_array() expects parameter 1 to be a valid callback, class 'Home' does not have a method 'notfound' /home/giaphaho/giapha.webest.asia/system/core/CodeIgniter.php 532
ERROR - 2025-01-07 23:55:41 --> Severity: Warning --> call_user_func_array() expects parameter 1 to be a valid callback, class 'Home' does not have a method 'notfound' /home/giaphaho/giapha.webest.asia/system/core/CodeIgniter.php 532
ERROR - 2025-01-07 23:55:41 --> Severity: Warning --> call_user_func_array() expects parameter 1 to be a valid callback, class 'Home' does not have a method 'notfound' /home/giaphaho/giapha.webest.asia/system/core/CodeIgniter.php 532
ERROR - 2025-01-07 23:55:50 --> Severity: Warning --> call_user_func_array() expects parameter 1 to be a valid callback, class 'Home' does not have a method 'notfound' /home/giaphaho/giapha.webest.asia/system/core/CodeIgniter.php 532
ERROR - 2025-01-07 23:55:50 --> 404: 
ERROR - 2025-01-07 23:55:50 --> /uploads/0252ea325ebf274f815bae6914652354.jpg
ERROR - 2025-01-07 23:55:50 --> Severity: error --> Exception: Call to undefined function site_url() /home/giaphaho/giapha.webest.asia/application/views/errors/html/error_404.php 12
ERROR - 2025-01-07 23:55:50 --> 404: 
ERROR - 2025-01-07 23:55:50 --> /uploads/c8dbc712c6bb4237cf1f30a76901a9ef.jpg
ERROR - 2025-01-07 23:55:50 --> Severity: error --> Exception: Call to undefined function site_url() /home/giaphaho/giapha.webest.asia/application/views/errors/html/error_404.php 12
ERROR - 2025-01-07 23:55:50 --> 404: 
ERROR - 2025-01-07 23:55:50 --> /uploads/1feddd1f60a6f00a103b12887ffb6a74.jpg
ERROR - 2025-01-07 23:55:50 --> Severity: error --> Exception: Call to undefined function site_url() /home/giaphaho/giapha.webest.asia/application/views/errors/html/error_404.php 12
ERROR - 2025-01-07 23:55:50 --> 404: 
ERROR - 2025-01-07 23:55:50 --> /uploads/e6132b17ab672d3b07ecbb82a7d872a1.jpg
ERROR - 2025-01-07 23:55:50 --> Severity: error --> Exception: Call to undefined function site_url() /home/giaphaho/giapha.webest.asia/application/views/errors/html/error_404.php 12
ERROR - 2025-01-07 23:55:50 --> 404: 
ERROR - 2025-01-07 23:55:50 --> /uploads/ec0a9976a86f7b63c4841c2a265c95b4.jpg
ERROR - 2025-01-07 23:55:50 --> Severity: error --> Exception: Call to undefined function site_url() /home/giaphaho/giapha.webest.asia/application/views/errors/html/error_404.php 12
ERROR - 2025-01-07 23:55:50 --> 404: 
ERROR - 2025-01-07 23:55:50 --> /uploads/7b2514848066fa0ab120ed190b1fa6f7.jpg
ERROR - 2025-01-07 23:55:50 --> Severity: error --> Exception: Call to undefined function site_url() /home/giaphaho/giapha.webest.asia/application/views/errors/html/error_404.php 12
ERROR - 2025-01-07 23:55:50 --> 404: 
ERROR - 2025-01-07 23:55:50 --> /uploads/5419462304f621c9c52717f26ad3b8cd.jpg
ERROR - 2025-01-07 23:55:50 --> Severity: error --> Exception: Call to undefined function site_url() /home/giaphaho/giapha.webest.asia/application/views/errors/html/error_404.php 12
ERROR - 2025-01-07 23:56:13 --> Severity: Warning --> call_user_func_array() expects parameter 1 to be a valid callback, class 'Home' does not have a method 'notfound' /home/giaphaho/giapha.webest.asia/system/core/CodeIgniter.php 532
ERROR - 2025-01-07 23:56:13 --> Severity: Warning --> call_user_func_array() expects parameter 1 to be a valid callback, class 'Home' does not have a method 'notfound' /home/giaphaho/giapha.webest.asia/system/core/CodeIgniter.php 532
ERROR - 2025-01-07 23:56:13 --> Severity: Warning --> call_user_func_array() expects parameter 1 to be a valid callback, class 'Home' does not have a method 'notfound' /home/giaphaho/giapha.webest.asia/system/core/CodeIgniter.php 532
ERROR - 2025-01-07 23:56:13 --> Severity: Warning --> call_user_func_array() expects parameter 1 to be a valid callback, class 'Home' does not have a method 'notfound' /home/giaphaho/giapha.webest.asia/system/core/CodeIgniter.php 532
ERROR - 2025-01-07 23:56:16 --> Severity: Warning --> call_user_func_array() expects parameter 1 to be a valid callback, class 'Home' does not have a method 'notfound' /home/giaphaho/giapha.webest.asia/system/core/CodeIgniter.php 532
ERROR - 2025-01-07 23:56:16 --> Severity: Warning --> call_user_func_array() expects parameter 1 to be a valid callback, class 'Home' does not have a method 'notfound' /home/giaphaho/giapha.webest.asia/system/core/CodeIgniter.php 532
ERROR - 2025-01-07 23:56:17 --> Severity: Warning --> call_user_func_array() expects parameter 1 to be a valid callback, class 'Home' does not have a method 'notfound' /home/giaphaho/giapha.webest.asia/system/core/CodeIgniter.php 532
ERROR - 2025-01-07 23:56:17 --> Severity: Warning --> call_user_func_array() expects parameter 1 to be a valid callback, class 'Home' does not have a method 'notfound' /home/giaphaho/giapha.webest.asia/system/core/CodeIgniter.php 532
ERROR - 2025-01-07 23:56:28 --> Severity: Warning --> call_user_func_array() expects parameter 1 to be a valid callback, class 'Home' does not have a method 'notfound' /home/giaphaho/giapha.webest.asia/system/core/CodeIgniter.php 532
ERROR - 2025-01-07 23:56:28 --> Severity: Warning --> call_user_func_array() expects parameter 1 to be a valid callback, class 'Home' does not have a method 'notfound' /home/giaphaho/giapha.webest.asia/system/core/CodeIgniter.php 532
ERROR - 2025-01-07 23:56:28 --> Severity: Warning --> call_user_func_array() expects parameter 1 to be a valid callback, class 'Home' does not have a method 'notfound' /home/giaphaho/giapha.webest.asia/system/core/CodeIgniter.php 532
ERROR - 2025-01-07 23:56:28 --> Severity: Warning --> call_user_func_array() expects parameter 1 to be a valid callback, class 'Home' does not have a method 'notfound' /home/giaphaho/giapha.webest.asia/system/core/CodeIgniter.php 532
ERROR - 2025-01-07 23:58:02 --> Severity: Warning --> call_user_func_array() expects parameter 1 to be a valid callback, class 'Home' does not have a method 'notfound' /home/giaphaho/giapha.webest.asia/system/core/CodeIgniter.php 532
ERROR - 2025-01-07 23:58:39 --> 404: 
ERROR - 2025-01-07 23:58:39 --> /uploads/0252ea325ebf274f815bae6914652354.jpg
ERROR - 2025-01-07 23:58:39 --> Severity: error --> Exception: Call to undefined function site_url() /home/giaphaho/giapha.webest.asia/application/views/errors/html/error_404.php 12
ERROR - 2025-01-07 23:58:39 --> 404: 
ERROR - 2025-01-07 23:58:39 --> /uploads/c8dbc712c6bb4237cf1f30a76901a9ef.jpg
ERROR - 2025-01-07 23:58:39 --> Severity: error --> Exception: Call to undefined function site_url() /home/giaphaho/giapha.webest.asia/application/views/errors/html/error_404.php 12
ERROR - 2025-01-07 23:58:39 --> 404: 
ERROR - 2025-01-07 23:58:39 --> /uploads/e6132b17ab672d3b07ecbb82a7d872a1.jpg
ERROR - 2025-01-07 23:58:39 --> Severity: error --> Exception: Call to undefined function site_url() /home/giaphaho/giapha.webest.asia/application/views/errors/html/error_404.php 12
ERROR - 2025-01-07 23:58:39 --> 404: 
ERROR - 2025-01-07 23:58:39 --> /uploads/5419462304f621c9c52717f26ad3b8cd.jpg
ERROR - 2025-01-07 23:58:39 --> Severity: error --> Exception: Call to undefined function site_url() /home/giaphaho/giapha.webest.asia/application/views/errors/html/error_404.php 12
ERROR - 2025-01-07 23:58:39 --> 404: 
ERROR - 2025-01-07 23:58:39 --> /uploads/1feddd1f60a6f00a103b12887ffb6a74.jpg
ERROR - 2025-01-07 23:58:39 --> Severity: error --> Exception: Call to undefined function site_url() /home/giaphaho/giapha.webest.asia/application/views/errors/html/error_404.php 12
ERROR - 2025-01-07 23:58:39 --> 404: 
ERROR - 2025-01-07 23:58:39 --> /uploads/7b2514848066fa0ab120ed190b1fa6f7.jpg
ERROR - 2025-01-07 23:58:39 --> Severity: error --> Exception: Call to undefined function site_url() /home/giaphaho/giapha.webest.asia/application/views/errors/html/error_404.php 12
ERROR - 2025-01-07 23:58:39 --> Severity: Warning --> call_user_func_array() expects parameter 1 to be a valid callback, class 'Home' does not have a method 'notfound' /home/giaphaho/giapha.webest.asia/system/core/CodeIgniter.php 532
ERROR - 2025-01-07 23:58:39 --> 404: 
ERROR - 2025-01-07 23:58:39 --> /uploads/ec0a9976a86f7b63c4841c2a265c95b4.jpg
ERROR - 2025-01-07 23:58:39 --> Severity: error --> Exception: Call to undefined function site_url() /home/giaphaho/giapha.webest.asia/application/views/errors/html/error_404.php 12
