ERROR - 2025-01-18 05:13:17 --> Severity: Warning --> call_user_func_array() expects parameter 1 to be a valid callback, class 'Home' does not have a method 'notfound' /home/giaphaho/giapha.webest.asia/system/core/CodeIgniter.php 532
ERROR - 2025-01-18 05:13:17 --> Severity: Warning --> call_user_func_array() expects parameter 1 to be a valid callback, class 'Home' does not have a method 'notfound' /home/giaphaho/giapha.webest.asia/system/core/CodeIgniter.php 532
ERROR - 2025-01-18 05:13:17 --> Severity: Warning --> call_user_func_array() expects parameter 1 to be a valid callback, class 'Home' does not have a method 'notfound' /home/giaphaho/giapha.webest.asia/system/core/CodeIgniter.php 532
ERROR - 2025-01-18 05:13:17 --> Severity: Warning --> call_user_func_array() expects parameter 1 to be a valid callback, class 'Home' does not have a method 'notfound' /home/giaphaho/giapha.webest.asia/system/core/CodeIgniter.php 532
ERROR - 2025-01-18 05:13:17 --> Severity: Warning --> call_user_func_array() expects parameter 1 to be a valid callback, class 'Home' does not have a method 'notfound' /home/giaphaho/giapha.webest.asia/system/core/CodeIgniter.php 532
ERROR - 2025-01-18 05:13:17 --> Severity: Warning --> call_user_func_array() expects parameter 1 to be a valid callback, class 'Home' does not have a method 'notfound' /home/giaphaho/giapha.webest.asia/system/core/CodeIgniter.php 532
ERROR - 2025-01-18 05:13:17 --> Severity: Warning --> call_user_func_array() expects parameter 1 to be a valid callback, class 'Home' does not have a method 'notfound' /home/giaphaho/giapha.webest.asia/system/core/CodeIgniter.php 532
ERROR - 2025-01-18 05:13:17 --> Severity: Warning --> call_user_func_array() expects parameter 1 to be a valid callback, class 'Home' does not have a method 'notfound' /home/giaphaho/giapha.webest.asia/system/core/CodeIgniter.php 532
ERROR - 2025-01-18 05:13:17 --> Severity: Warning --> call_user_func_array() expects parameter 1 to be a valid callback, class 'Home' does not have a method 'notfound' /home/giaphaho/giapha.webest.asia/system/core/CodeIgniter.php 532
ERROR - 2025-01-18 06:54:48 --> Severity: Warning --> call_user_func_array() expects parameter 1 to be a valid callback, class 'Home' does not have a method 'notfound' /home/giaphaho/giapha.webest.asia/system/core/CodeIgniter.php 532
ERROR - 2025-01-18 22:56:25 --> Severity: Warning --> call_user_func_array() expects parameter 1 to be a valid callback, class 'Home' does not have a method 'notfound' /home/ketsatph/nguyendinhhongthanh.vn/system/core/CodeIgniter.php 532
ERROR - 2025-01-18 22:56:25 --> Severity: Warning --> call_user_func_array() expects parameter 1 to be a valid callback, class 'Home' does not have a method 'notfound' /home/ketsatph/nguyendinhhongthanh.vn/system/core/CodeIgniter.php 532
ERROR - 2025-01-18 22:56:25 --> Severity: Warning --> call_user_func_array() expects parameter 1 to be a valid callback, class 'Home' does not have a method 'notfound' /home/ketsatph/nguyendinhhongthanh.vn/system/core/CodeIgniter.php 532
ERROR - 2025-01-18 22:56:25 --> Severity: Warning --> call_user_func_array() expects parameter 1 to be a valid callback, class 'Home' does not have a method 'notfound' /home/ketsatph/nguyendinhhongthanh.vn/system/core/CodeIgniter.php 532
ERROR - 2025-01-18 22:56:26 --> Severity: Warning --> call_user_func_array() expects parameter 1 to be a valid callback, class 'Home' does not have a method 'notfound' /home/ketsatph/nguyendinhhongthanh.vn/system/core/CodeIgniter.php 532
ERROR - 2025-01-18 22:56:26 --> Severity: Warning --> call_user_func_array() expects parameter 1 to be a valid callback, class 'Home' does not have a method 'notfound' /home/ketsatph/nguyendinhhongthanh.vn/system/core/CodeIgniter.php 532
ERROR - 2025-01-18 22:56:26 --> Severity: Warning --> call_user_func_array() expects parameter 1 to be a valid callback, class 'Home' does not have a method 'notfound' /home/ketsatph/nguyendinhhongthanh.vn/system/core/CodeIgniter.php 532
ERROR - 2025-01-18 22:56:27 --> Severity: Warning --> call_user_func_array() expects parameter 1 to be a valid callback, class 'Home' does not have a method 'notfound' /home/ketsatph/nguyendinhhongthanh.vn/system/core/CodeIgniter.php 532
ERROR - 2025-01-18 22:56:27 --> Severity: Warning --> call_user_func_array() expects parameter 1 to be a valid callback, class 'Home' does not have a method 'notfound' /home/ketsatph/nguyendinhhongthanh.vn/system/core/CodeIgniter.php 532
ERROR - 2025-01-18 22:56:27 --> Severity: Warning --> call_user_func_array() expects parameter 1 to be a valid callback, class 'Home' does not have a method 'notfound' /home/ketsatph/nguyendinhhongthanh.vn/system/core/CodeIgniter.php 532
ERROR - 2025-01-18 22:56:27 --> Severity: Warning --> call_user_func_array() expects parameter 1 to be a valid callback, class 'Home' does not have a method 'notfound' /home/ketsatph/nguyendinhhongthanh.vn/system/core/CodeIgniter.php 532
ERROR - 2025-01-18 22:56:27 --> Severity: Warning --> call_user_func_array() expects parameter 1 to be a valid callback, class 'Home' does not have a method 'notfound' /home/ketsatph/nguyendinhhongthanh.vn/system/core/CodeIgniter.php 532
ERROR - 2025-01-18 22:56:28 --> Severity: Warning --> call_user_func_array() expects parameter 1 to be a valid callback, class 'Home' does not have a method 'notfound' /home/ketsatph/nguyendinhhongthanh.vn/system/core/CodeIgniter.php 532
ERROR - 2025-01-18 22:56:28 --> Severity: Warning --> call_user_func_array() expects parameter 1 to be a valid callback, class 'Home' does not have a method 'notfound' /home/ketsatph/nguyendinhhongthanh.vn/system/core/CodeIgniter.php 532
ERROR - 2025-01-18 22:56:28 --> Severity: Warning --> call_user_func_array() expects parameter 1 to be a valid callback, class 'Home' does not have a method 'notfound' /home/ketsatph/nguyendinhhongthanh.vn/system/core/CodeIgniter.php 532
ERROR - 2025-01-18 22:56:28 --> Severity: Warning --> call_user_func_array() expects parameter 1 to be a valid callback, class 'Home' does not have a method 'notfound' /home/ketsatph/nguyendinhhongthanh.vn/system/core/CodeIgniter.php 532
ERROR - 2025-01-18 22:56:29 --> Severity: Warning --> call_user_func_array() expects parameter 1 to be a valid callback, class 'Home' does not have a method 'notfound' /home/ketsatph/nguyendinhhongthanh.vn/system/core/CodeIgniter.php 532
ERROR - 2025-01-18 22:56:29 --> Severity: Warning --> call_user_func_array() expects parameter 1 to be a valid callback, class 'Home' does not have a method 'notfound' /home/ketsatph/nguyendinhhongthanh.vn/system/core/CodeIgniter.php 532
ERROR - 2025-01-18 22:56:29 --> Severity: Warning --> call_user_func_array() expects parameter 1 to be a valid callback, class 'Home' does not have a method 'notfound' /home/ketsatph/nguyendinhhongthanh.vn/system/core/CodeIgniter.php 532
ERROR - 2025-01-18 22:56:29 --> Severity: Warning --> call_user_func_array() expects parameter 1 to be a valid callback, class 'Home' does not have a method 'notfound' /home/ketsatph/nguyendinhhongthanh.vn/system/core/CodeIgniter.php 532
ERROR - 2025-01-18 22:56:29 --> Severity: Warning --> call_user_func_array() expects parameter 1 to be a valid callback, class 'Home' does not have a method 'notfound' /home/ketsatph/nguyendinhhongthanh.vn/system/core/CodeIgniter.php 532
ERROR - 2025-01-18 22:56:29 --> Severity: Warning --> call_user_func_array() expects parameter 1 to be a valid callback, class 'Home' does not have a method 'notfound' /home/ketsatph/nguyendinhhongthanh.vn/system/core/CodeIgniter.php 532
ERROR - 2025-01-18 22:56:30 --> Severity: Warning --> call_user_func_array() expects parameter 1 to be a valid callback, class 'Home' does not have a method 'notfound' /home/ketsatph/nguyendinhhongthanh.vn/system/core/CodeIgniter.php 532
ERROR - 2025-01-18 22:56:30 --> Severity: Warning --> call_user_func_array() expects parameter 1 to be a valid callback, class 'Home' does not have a method 'notfound' /home/ketsatph/nguyendinhhongthanh.vn/system/core/CodeIgniter.php 532
ERROR - 2025-01-18 22:56:31 --> Severity: Warning --> call_user_func_array() expects parameter 1 to be a valid callback, class 'Home' does not have a method 'notfound' /home/ketsatph/nguyendinhhongthanh.vn/system/core/CodeIgniter.php 532
ERROR - 2025-01-18 22:56:31 --> Severity: Warning --> call_user_func_array() expects parameter 1 to be a valid callback, class 'Home' does not have a method 'notfound' /home/ketsatph/nguyendinhhongthanh.vn/system/core/CodeIgniter.php 532
ERROR - 2025-01-18 22:56:31 --> Severity: Warning --> call_user_func_array() expects parameter 1 to be a valid callback, class 'Home' does not have a method 'notfound' /home/ketsatph/nguyendinhhongthanh.vn/system/core/CodeIgniter.php 532
ERROR - 2025-01-18 22:56:31 --> Severity: Warning --> call_user_func_array() expects parameter 1 to be a valid callback, class 'Home' does not have a method 'notfound' /home/ketsatph/nguyendinhhongthanh.vn/system/core/CodeIgniter.php 532
ERROR - 2025-01-18 22:56:32 --> Severity: Warning --> call_user_func_array() expects parameter 1 to be a valid callback, class 'Home' does not have a method 'notfound' /home/ketsatph/nguyendinhhongthanh.vn/system/core/CodeIgniter.php 532
ERROR - 2025-01-18 22:56:32 --> Severity: Warning --> call_user_func_array() expects parameter 1 to be a valid callback, class 'Home' does not have a method 'notfound' /home/ketsatph/nguyendinhhongthanh.vn/system/core/CodeIgniter.php 532
ERROR - 2025-01-18 22:56:32 --> Severity: Warning --> call_user_func_array() expects parameter 1 to be a valid callback, class 'Home' does not have a method 'notfound' /home/ketsatph/nguyendinhhongthanh.vn/system/core/CodeIgniter.php 532
ERROR - 2025-01-18 22:56:34 --> Severity: Warning --> call_user_func_array() expects parameter 1 to be a valid callback, class 'Home' does not have a method 'notfound' /home/ketsatph/nguyendinhhongthanh.vn/system/core/CodeIgniter.php 532
ERROR - 2025-01-18 22:56:34 --> Severity: Warning --> call_user_func_array() expects parameter 1 to be a valid callback, class 'Home' does not have a method 'notfound' /home/ketsatph/nguyendinhhongthanh.vn/system/core/CodeIgniter.php 532
ERROR - 2025-01-18 22:56:35 --> Severity: Warning --> call_user_func_array() expects parameter 1 to be a valid callback, class 'Home' does not have a method 'notfound' /home/ketsatph/nguyendinhhongthanh.vn/system/core/CodeIgniter.php 532
ERROR - 2025-01-18 22:56:35 --> Severity: Warning --> call_user_func_array() expects parameter 1 to be a valid callback, class 'Home' does not have a method 'notfound' /home/ketsatph/nguyendinhhongthanh.vn/system/core/CodeIgniter.php 532
ERROR - 2025-01-18 22:56:35 --> Severity: Warning --> call_user_func_array() expects parameter 1 to be a valid callback, class 'Home' does not have a method 'notfound' /home/ketsatph/nguyendinhhongthanh.vn/system/core/CodeIgniter.php 532
ERROR - 2025-01-18 22:56:36 --> Severity: Warning --> call_user_func_array() expects parameter 1 to be a valid callback, class 'Home' does not have a method 'notfound' /home/ketsatph/nguyendinhhongthanh.vn/system/core/CodeIgniter.php 532
ERROR - 2025-01-18 22:56:36 --> Severity: Warning --> call_user_func_array() expects parameter 1 to be a valid callback, class 'Home' does not have a method 'notfound' /home/ketsatph/nguyendinhhongthanh.vn/system/core/CodeIgniter.php 532
ERROR - 2025-01-18 22:56:37 --> Severity: Warning --> call_user_func_array() expects parameter 1 to be a valid callback, class 'Home' does not have a method 'notfound' /home/ketsatph/nguyendinhhongthanh.vn/system/core/CodeIgniter.php 532
ERROR - 2025-01-18 22:56:37 --> Severity: Warning --> call_user_func_array() expects parameter 1 to be a valid callback, class 'Home' does not have a method 'notfound' /home/ketsatph/nguyendinhhongthanh.vn/system/core/CodeIgniter.php 532
ERROR - 2025-01-18 22:56:38 --> Severity: Warning --> call_user_func_array() expects parameter 1 to be a valid callback, class 'Home' does not have a method 'notfound' /home/ketsatph/nguyendinhhongthanh.vn/system/core/CodeIgniter.php 532
ERROR - 2025-01-18 22:56:38 --> Severity: Warning --> call_user_func_array() expects parameter 1 to be a valid callback, class 'Home' does not have a method 'notfound' /home/ketsatph/nguyendinhhongthanh.vn/system/core/CodeIgniter.php 532
ERROR - 2025-01-18 22:56:39 --> Severity: Warning --> call_user_func_array() expects parameter 1 to be a valid callback, class 'Home' does not have a method 'notfound' /home/ketsatph/nguyendinhhongthanh.vn/system/core/CodeIgniter.php 532
ERROR - 2025-01-18 22:56:39 --> Severity: Warning --> call_user_func_array() expects parameter 1 to be a valid callback, class 'Home' does not have a method 'notfound' /home/ketsatph/nguyendinhhongthanh.vn/system/core/CodeIgniter.php 532
ERROR - 2025-01-18 22:56:40 --> Severity: Warning --> call_user_func_array() expects parameter 1 to be a valid callback, class 'Home' does not have a method 'notfound' /home/ketsatph/nguyendinhhongthanh.vn/system/core/CodeIgniter.php 532
ERROR - 2025-01-18 22:56:40 --> Severity: Warning --> call_user_func_array() expects parameter 1 to be a valid callback, class 'Home' does not have a method 'notfound' /home/ketsatph/nguyendinhhongthanh.vn/system/core/CodeIgniter.php 532
ERROR - 2025-01-18 22:56:40 --> Severity: Warning --> call_user_func_array() expects parameter 1 to be a valid callback, class 'Home' does not have a method 'notfound' /home/ketsatph/nguyendinhhongthanh.vn/system/core/CodeIgniter.php 532
ERROR - 2025-01-18 22:56:40 --> Severity: Warning --> call_user_func_array() expects parameter 1 to be a valid callback, class 'Home' does not have a method 'notfound' /home/ketsatph/nguyendinhhongthanh.vn/system/core/CodeIgniter.php 532
ERROR - 2025-01-18 22:56:41 --> Severity: Warning --> call_user_func_array() expects parameter 1 to be a valid callback, class 'Home' does not have a method 'notfound' /home/ketsatph/nguyendinhhongthanh.vn/system/core/CodeIgniter.php 532
ERROR - 2025-01-18 22:56:41 --> Severity: Warning --> call_user_func_array() expects parameter 1 to be a valid callback, class 'Home' does not have a method 'notfound' /home/ketsatph/nguyendinhhongthanh.vn/system/core/CodeIgniter.php 532
ERROR - 2025-01-18 22:56:42 --> Severity: Warning --> call_user_func_array() expects parameter 1 to be a valid callback, class 'Home' does not have a method 'notfound' /home/ketsatph/nguyendinhhongthanh.vn/system/core/CodeIgniter.php 532
ERROR - 2025-01-18 22:56:42 --> Severity: Warning --> call_user_func_array() expects parameter 1 to be a valid callback, class 'Home' does not have a method 'notfound' /home/ketsatph/nguyendinhhongthanh.vn/system/core/CodeIgniter.php 532
ERROR - 2025-01-18 22:56:43 --> Severity: Warning --> call_user_func_array() expects parameter 1 to be a valid callback, class 'Home' does not have a method 'notfound' /home/ketsatph/nguyendinhhongthanh.vn/system/core/CodeIgniter.php 532
ERROR - 2025-01-18 22:56:44 --> Severity: Warning --> call_user_func_array() expects parameter 1 to be a valid callback, class 'Home' does not have a method 'notfound' /home/ketsatph/nguyendinhhongthanh.vn/system/core/CodeIgniter.php 532
ERROR - 2025-01-18 22:56:44 --> Severity: Warning --> call_user_func_array() expects parameter 1 to be a valid callback, class 'Home' does not have a method 'notfound' /home/ketsatph/nguyendinhhongthanh.vn/system/core/CodeIgniter.php 532
ERROR - 2025-01-18 22:56:45 --> Severity: Warning --> call_user_func_array() expects parameter 1 to be a valid callback, class 'Home' does not have a method 'notfound' /home/ketsatph/nguyendinhhongthanh.vn/system/core/CodeIgniter.php 532
ERROR - 2025-01-18 22:56:45 --> Severity: Warning --> call_user_func_array() expects parameter 1 to be a valid callback, class 'Home' does not have a method 'notfound' /home/ketsatph/nguyendinhhongthanh.vn/system/core/CodeIgniter.php 532
ERROR - 2025-01-18 22:56:46 --> Severity: Warning --> call_user_func_array() expects parameter 1 to be a valid callback, class 'Home' does not have a method 'notfound' /home/ketsatph/nguyendinhhongthanh.vn/system/core/CodeIgniter.php 532
ERROR - 2025-01-18 22:56:47 --> Severity: Warning --> call_user_func_array() expects parameter 1 to be a valid callback, class 'Home' does not have a method 'notfound' /home/ketsatph/nguyendinhhongthanh.vn/system/core/CodeIgniter.php 532
ERROR - 2025-01-18 22:56:48 --> Severity: Warning --> call_user_func_array() expects parameter 1 to be a valid callback, class 'Home' does not have a method 'notfound' /home/ketsatph/nguyendinhhongthanh.vn/system/core/CodeIgniter.php 532
ERROR - 2025-01-18 22:57:32 --> Severity: Warning --> call_user_func_array() expects parameter 1 to be a valid callback, class 'Home' does not have a method 'notfound' /home/ketsatph/nguyendinhhongthanh.vn/system/core/CodeIgniter.php 532
ERROR - 2025-01-18 22:57:33 --> Severity: Warning --> call_user_func_array() expects parameter 1 to be a valid callback, class 'Home' does not have a method 'notfound' /home/ketsatph/nguyendinhhongthanh.vn/system/core/CodeIgniter.php 532
ERROR - 2025-01-18 22:57:33 --> Severity: Warning --> call_user_func_array() expects parameter 1 to be a valid callback, class 'Home' does not have a method 'notfound' /home/ketsatph/nguyendinhhongthanh.vn/system/core/CodeIgniter.php 532
ERROR - 2025-01-18 22:57:33 --> Severity: Warning --> call_user_func_array() expects parameter 1 to be a valid callback, class 'Home' does not have a method 'notfound' /home/ketsatph/nguyendinhhongthanh.vn/system/core/CodeIgniter.php 532
ERROR - 2025-01-18 22:57:34 --> Severity: Warning --> call_user_func_array() expects parameter 1 to be a valid callback, class 'Home' does not have a method 'notfound' /home/ketsatph/nguyendinhhongthanh.vn/system/core/CodeIgniter.php 532
ERROR - 2025-01-18 22:57:35 --> Severity: Warning --> call_user_func_array() expects parameter 1 to be a valid callback, class 'Home' does not have a method 'notfound' /home/ketsatph/nguyendinhhongthanh.vn/system/core/CodeIgniter.php 532
ERROR - 2025-01-18 22:57:35 --> Severity: Warning --> call_user_func_array() expects parameter 1 to be a valid callback, class 'Home' does not have a method 'notfound' /home/ketsatph/nguyendinhhongthanh.vn/system/core/CodeIgniter.php 532
ERROR - 2025-01-18 22:57:36 --> Severity: Warning --> call_user_func_array() expects parameter 1 to be a valid callback, class 'Home' does not have a method 'notfound' /home/ketsatph/nguyendinhhongthanh.vn/system/core/CodeIgniter.php 532
ERROR - 2025-01-18 22:57:36 --> Severity: Warning --> call_user_func_array() expects parameter 1 to be a valid callback, class 'Home' does not have a method 'notfound' /home/ketsatph/nguyendinhhongthanh.vn/system/core/CodeIgniter.php 532
ERROR - 2025-01-18 22:57:37 --> Severity: Warning --> call_user_func_array() expects parameter 1 to be a valid callback, class 'Home' does not have a method 'notfound' /home/ketsatph/nguyendinhhongthanh.vn/system/core/CodeIgniter.php 532
ERROR - 2025-01-18 22:57:37 --> Severity: Warning --> call_user_func_array() expects parameter 1 to be a valid callback, class 'Home' does not have a method 'notfound' /home/ketsatph/nguyendinhhongthanh.vn/system/core/CodeIgniter.php 532
ERROR - 2025-01-18 22:57:37 --> Severity: Warning --> call_user_func_array() expects parameter 1 to be a valid callback, class 'Home' does not have a method 'notfound' /home/ketsatph/nguyendinhhongthanh.vn/system/core/CodeIgniter.php 532
ERROR - 2025-01-18 22:57:37 --> Severity: Warning --> call_user_func_array() expects parameter 1 to be a valid callback, class 'Home' does not have a method 'notfound' /home/ketsatph/nguyendinhhongthanh.vn/system/core/CodeIgniter.php 532
ERROR - 2025-01-18 22:57:38 --> Severity: Warning --> call_user_func_array() expects parameter 1 to be a valid callback, class 'Home' does not have a method 'notfound' /home/ketsatph/nguyendinhhongthanh.vn/system/core/CodeIgniter.php 532
ERROR - 2025-01-18 22:57:38 --> Severity: Warning --> call_user_func_array() expects parameter 1 to be a valid callback, class 'Home' does not have a method 'notfound' /home/ketsatph/nguyendinhhongthanh.vn/system/core/CodeIgniter.php 532
ERROR - 2025-01-18 22:57:39 --> Severity: Warning --> call_user_func_array() expects parameter 1 to be a valid callback, class 'Home' does not have a method 'notfound' /home/ketsatph/nguyendinhhongthanh.vn/system/core/CodeIgniter.php 532
ERROR - 2025-01-18 22:57:39 --> Severity: Warning --> call_user_func_array() expects parameter 1 to be a valid callback, class 'Home' does not have a method 'notfound' /home/ketsatph/nguyendinhhongthanh.vn/system/core/CodeIgniter.php 532
ERROR - 2025-01-18 22:57:39 --> Severity: Warning --> call_user_func_array() expects parameter 1 to be a valid callback, class 'Home' does not have a method 'notfound' /home/ketsatph/nguyendinhhongthanh.vn/system/core/CodeIgniter.php 532
ERROR - 2025-01-18 22:57:40 --> Severity: Warning --> call_user_func_array() expects parameter 1 to be a valid callback, class 'Home' does not have a method 'notfound' /home/ketsatph/nguyendinhhongthanh.vn/system/core/CodeIgniter.php 532
ERROR - 2025-01-18 22:57:40 --> Severity: Warning --> call_user_func_array() expects parameter 1 to be a valid callback, class 'Home' does not have a method 'notfound' /home/ketsatph/nguyendinhhongthanh.vn/system/core/CodeIgniter.php 532
ERROR - 2025-01-18 22:57:40 --> Severity: Warning --> call_user_func_array() expects parameter 1 to be a valid callback, class 'Home' does not have a method 'notfound' /home/ketsatph/nguyendinhhongthanh.vn/system/core/CodeIgniter.php 532
ERROR - 2025-01-18 22:57:41 --> Severity: Warning --> call_user_func_array() expects parameter 1 to be a valid callback, class 'Home' does not have a method 'notfound' /home/ketsatph/nguyendinhhongthanh.vn/system/core/CodeIgniter.php 532
ERROR - 2025-01-18 22:57:42 --> Severity: Warning --> call_user_func_array() expects parameter 1 to be a valid callback, class 'Home' does not have a method 'notfound' /home/ketsatph/nguyendinhhongthanh.vn/system/core/CodeIgniter.php 532
ERROR - 2025-01-18 22:57:43 --> Severity: Warning --> call_user_func_array() expects parameter 1 to be a valid callback, class 'Home' does not have a method 'notfound' /home/ketsatph/nguyendinhhongthanh.vn/system/core/CodeIgniter.php 532
ERROR - 2025-01-18 22:57:43 --> Severity: Warning --> call_user_func_array() expects parameter 1 to be a valid callback, class 'Home' does not have a method 'notfound' /home/ketsatph/nguyendinhhongthanh.vn/system/core/CodeIgniter.php 532
ERROR - 2025-01-18 22:57:44 --> Severity: Warning --> call_user_func_array() expects parameter 1 to be a valid callback, class 'Home' does not have a method 'notfound' /home/ketsatph/nguyendinhhongthanh.vn/system/core/CodeIgniter.php 532
ERROR - 2025-01-18 22:57:45 --> Severity: Warning --> call_user_func_array() expects parameter 1 to be a valid callback, class 'Home' does not have a method 'notfound' /home/ketsatph/nguyendinhhongthanh.vn/system/core/CodeIgniter.php 532
ERROR - 2025-01-18 22:57:47 --> Severity: Warning --> call_user_func_array() expects parameter 1 to be a valid callback, class 'Home' does not have a method 'notfound' /home/ketsatph/nguyendinhhongthanh.vn/system/core/CodeIgniter.php 532
ERROR - 2025-01-18 22:57:47 --> Severity: Warning --> call_user_func_array() expects parameter 1 to be a valid callback, class 'Home' does not have a method 'notfound' /home/ketsatph/nguyendinhhongthanh.vn/system/core/CodeIgniter.php 532
ERROR - 2025-01-18 22:57:48 --> Severity: Warning --> call_user_func_array() expects parameter 1 to be a valid callback, class 'Home' does not have a method 'notfound' /home/ketsatph/nguyendinhhongthanh.vn/system/core/CodeIgniter.php 532
ERROR - 2025-01-18 22:58:13 --> Query error: Table 'ketsatph_giapha.st_setting' doesn't exist - Invalid query: SELECT *
FROM `st_setting`
WHERE `key_setting` = 'data_seo'
ERROR - 2025-01-18 22:58:13 --> Severity: error --> Exception: Call to a member function row() on bool /home/ketsatph/nguyendinhhongthanh.vn/application/models/Setting_model.php 17
ERROR - 2025-01-18 22:58:14 --> Query error: Table 'ketsatph_giapha.st_setting' doesn't exist - Invalid query: SELECT *
FROM `st_setting`
WHERE `key_setting` = 'data_seo'
ERROR - 2025-01-18 22:58:14 --> Severity: error --> Exception: Call to a member function row() on bool /home/ketsatph/nguyendinhhongthanh.vn/application/models/Setting_model.php 17
