ERROR - 2025-01-11 11:04:08 --> Severity: Warning --> mysqli::real_connect(): (HY000/1045): Access denied for user 'kvprjwpd_giapha'@'localhost' (using password: YES) D:\laragon\www\giapha\system\database\drivers\mysqli\mysqli_driver.php 201
ERROR - 2025-01-11 11:04:08 --> Unable to connect to the database
ERROR - 2025-01-11 11:04:08 --> Severity: error --> Exception: Call to a member function real_escape_string() on bool D:\laragon\www\giapha\system\database\drivers\mysqli\mysqli_driver.php 391
ERROR - 2025-01-11 11:06:39 --> Severity: Warning --> mysqli::real_connect(): (HY000/1045): Access denied for user 'kvprjwpd_giapha'@'localhost' (using password: YES) D:\laragon\www\giapha\system\database\drivers\mysqli\mysqli_driver.php 201
ERROR - 2025-01-11 11:06:39 --> Unable to connect to the database
ERROR - 2025-01-11 11:06:39 --> Severity: error --> Exception: Call to a member function real_escape_string() on bool D:\laragon\www\giapha\system\database\drivers\mysqli\mysqli_driver.php 391
ERROR - 2025-01-11 11:23:23 --> Severity: Warning --> mysqli::real_connect(): (HY000/1045): Access denied for user 'kvprjwpd_giapha'@'localhost' (using password: YES) D:\laragon\www\giapha\system\database\drivers\mysqli\mysqli_driver.php 201
ERROR - 2025-01-11 11:23:23 --> Unable to connect to the database
ERROR - 2025-01-11 11:23:23 --> Severity: error --> Exception: Call to a member function real_escape_string() on bool D:\laragon\www\giapha\system\database\drivers\mysqli\mysqli_driver.php 391
ERROR - 2025-01-11 11:35:19 --> Severity: Warning --> call_user_func_array() expects parameter 1 to be a valid callback, class 'Home' does not have a method 'notfound' D:\laragon\www\giapha\system\core\CodeIgniter.php 532
ERROR - 2025-01-11 11:40:48 --> Severity: Warning --> call_user_func_array() expects parameter 1 to be a valid callback, class 'Home' does not have a method 'notfound' D:\laragon\www\giapha\system\core\CodeIgniter.php 532
ERROR - 2025-01-11 11:41:48 --> Severity: Warning --> mysqli::real_connect(): (HY000/1045): Access denied for user 'kvprjwpd_giapha'@'localhost' (using password: YES) D:\laragon\www\giapha\system\database\drivers\mysqli\mysqli_driver.php 201
ERROR - 2025-01-11 11:41:48 --> Unable to connect to the database
ERROR - 2025-01-11 11:41:48 --> Severity: error --> Exception: Call to a member function real_escape_string() on bool D:\laragon\www\giapha\system\database\drivers\mysqli\mysqli_driver.php 391
ERROR - 2025-01-11 11:57:34 --> Severity: Warning --> mysqli::real_connect(): (HY000/1045): Access denied for user 'kvprjwpd_giapha'@'localhost' (using password: YES) D:\laragon\www\giapha\system\database\drivers\mysqli\mysqli_driver.php 201
ERROR - 2025-01-11 11:57:34 --> Unable to connect to the database
ERROR - 2025-01-11 11:57:34 --> Severity: error --> Exception: Call to a member function real_escape_string() on bool D:\laragon\www\giapha\system\database\drivers\mysqli\mysqli_driver.php 391
ERROR - 2025-01-11 11:57:55 --> Severity: Warning --> mysqli::real_connect(): (HY000/1045): Access denied for user 'kvprjwpd_giapha'@'localhost' (using password: YES) D:\laragon\www\giapha\system\database\drivers\mysqli\mysqli_driver.php 201
ERROR - 2025-01-11 11:57:55 --> Unable to connect to the database
ERROR - 2025-01-11 11:57:55 --> Severity: error --> Exception: Call to a member function real_escape_string() on bool D:\laragon\www\giapha\system\database\drivers\mysqli\mysqli_driver.php 391
ERROR - 2025-01-11 22:21:32 --> Severity: Warning --> mysqli::real_connect(): (HY000/1045): Access denied for user 'kvprjwpd_giapha'@'localhost' (using password: YES) D:\laragon\www\giapha\system\database\drivers\mysqli\mysqli_driver.php 201
ERROR - 2025-01-11 22:21:32 --> Unable to connect to the database
ERROR - 2025-01-11 22:21:32 --> Severity: error --> Exception: Call to a member function real_escape_string() on bool D:\laragon\www\giapha\system\database\drivers\mysqli\mysqli_driver.php 391
ERROR - 2025-01-11 22:22:08 --> Severity: Warning --> call_user_func_array() expects parameter 1 to be a valid callback, class 'Home' does not have a method 'notfound' D:\laragon\www\giapha\system\core\CodeIgniter.php 532
ERROR - 2025-01-11 22:22:13 --> Severity: Warning --> call_user_func_array() expects parameter 1 to be a valid callback, class 'Home' does not have a method 'notfound' D:\laragon\www\giapha\system\core\CodeIgniter.php 532
ERROR - 2025-01-11 22:23:20 --> Severity: Warning --> call_user_func_array() expects parameter 1 to be a valid callback, class 'Home' does not have a method 'notfound' D:\laragon\www\giapha\system\core\CodeIgniter.php 532
ERROR - 2025-01-11 22:25:18 --> Severity: Warning --> call_user_func_array() expects parameter 1 to be a valid callback, class 'Home' does not have a method 'notfound' D:\laragon\www\giapha\system\core\CodeIgniter.php 532
ERROR - 2025-01-11 22:25:50 --> Severity: Warning --> call_user_func_array() expects parameter 1 to be a valid callback, class 'Home' does not have a method 'notfound' D:\laragon\www\giapha\system\core\CodeIgniter.php 532
ERROR - 2025-01-11 22:27:02 --> Severity: Warning --> call_user_func_array() expects parameter 1 to be a valid callback, class 'Home' does not have a method 'notfound' D:\laragon\www\giapha\system\core\CodeIgniter.php 532
ERROR - 2025-01-11 22:27:25 --> Severity: Warning --> call_user_func_array() expects parameter 1 to be a valid callback, class 'Home' does not have a method 'notfound' D:\laragon\www\giapha\system\core\CodeIgniter.php 532
ERROR - 2025-01-11 22:27:34 --> Severity: Warning --> call_user_func_array() expects parameter 1 to be a valid callback, class 'Home' does not have a method 'notfound' D:\laragon\www\giapha\system\core\CodeIgniter.php 532
ERROR - 2025-01-11 22:28:15 --> Severity: Warning --> call_user_func_array() expects parameter 1 to be a valid callback, class 'Home' does not have a method 'notfound' D:\laragon\www\giapha\system\core\CodeIgniter.php 532
ERROR - 2025-01-11 22:28:19 --> Severity: Warning --> call_user_func_array() expects parameter 1 to be a valid callback, class 'Home' does not have a method 'notfound' D:\laragon\www\giapha\system\core\CodeIgniter.php 532
ERROR - 2025-01-11 22:28:22 --> Severity: Warning --> call_user_func_array() expects parameter 1 to be a valid callback, class 'Home' does not have a method 'notfound' D:\laragon\www\giapha\system\core\CodeIgniter.php 532
ERROR - 2025-01-11 22:28:25 --> Severity: Warning --> call_user_func_array() expects parameter 1 to be a valid callback, class 'Home' does not have a method 'notfound' D:\laragon\www\giapha\system\core\CodeIgniter.php 532
ERROR - 2025-01-11 22:28:30 --> Severity: Warning --> call_user_func_array() expects parameter 1 to be a valid callback, class 'Home' does not have a method 'notfound' D:\laragon\www\giapha\system\core\CodeIgniter.php 532
ERROR - 2025-01-11 22:28:35 --> Severity: Warning --> call_user_func_array() expects parameter 1 to be a valid callback, class 'Home' does not have a method 'notfound' D:\laragon\www\giapha\system\core\CodeIgniter.php 532
ERROR - 2025-01-11 22:34:14 --> Severity: Warning --> call_user_func_array() expects parameter 1 to be a valid callback, class 'Home' does not have a method 'notfound' D:\laragon\www\giapha\system\core\CodeIgniter.php 532
ERROR - 2025-01-11 22:34:54 --> Severity: Warning --> call_user_func_array() expects parameter 1 to be a valid callback, class 'Home' does not have a method 'notfound' D:\laragon\www\giapha\system\core\CodeIgniter.php 532
ERROR - 2025-01-11 22:35:00 --> Severity: Warning --> call_user_func_array() expects parameter 1 to be a valid callback, class 'Home' does not have a method 'notfound' D:\laragon\www\giapha\system\core\CodeIgniter.php 532
ERROR - 2025-01-11 22:35:22 --> Severity: Warning --> call_user_func_array() expects parameter 1 to be a valid callback, class 'Home' does not have a method 'notfound' D:\laragon\www\giapha\system\core\CodeIgniter.php 532
ERROR - 2025-01-11 22:35:51 --> Severity: Warning --> call_user_func_array() expects parameter 1 to be a valid callback, class 'Home' does not have a method 'notfound' D:\laragon\www\giapha\system\core\CodeIgniter.php 532
ERROR - 2025-01-11 22:36:09 --> Severity: Warning --> call_user_func_array() expects parameter 1 to be a valid callback, class 'Home' does not have a method 'notfound' D:\laragon\www\giapha\system\core\CodeIgniter.php 532
ERROR - 2025-01-11 22:36:46 --> Severity: Warning --> call_user_func_array() expects parameter 1 to be a valid callback, class 'Home' does not have a method 'notfound' D:\laragon\www\giapha\system\core\CodeIgniter.php 532
ERROR - 2025-01-11 22:37:43 --> Severity: Warning --> call_user_func_array() expects parameter 1 to be a valid callback, class 'Home' does not have a method 'notfound' D:\laragon\www\giapha\system\core\CodeIgniter.php 532
ERROR - 2025-01-11 22:37:49 --> Severity: Warning --> call_user_func_array() expects parameter 1 to be a valid callback, class 'Home' does not have a method 'notfound' D:\laragon\www\giapha\system\core\CodeIgniter.php 532
ERROR - 2025-01-11 22:37:52 --> Severity: Warning --> call_user_func_array() expects parameter 1 to be a valid callback, class 'Home' does not have a method 'notfound' D:\laragon\www\giapha\system\core\CodeIgniter.php 532
ERROR - 2025-01-11 22:37:56 --> Severity: Warning --> call_user_func_array() expects parameter 1 to be a valid callback, class 'Home' does not have a method 'notfound' D:\laragon\www\giapha\system\core\CodeIgniter.php 532
ERROR - 2025-01-11 22:38:40 --> Severity: Warning --> mysqli::real_connect(): (HY000/1045): Access denied for user 'kvprjwpd_giapha'@'localhost' (using password: YES) D:\laragon\www\giapha\system\database\drivers\mysqli\mysqli_driver.php 201
ERROR - 2025-01-11 22:38:40 --> Unable to connect to the database
ERROR - 2025-01-11 22:38:40 --> Severity: error --> Exception: Call to a member function real_escape_string() on bool D:\laragon\www\giapha\system\database\drivers\mysqli\mysqli_driver.php 391
ERROR - 2025-01-11 22:41:10 --> Severity: Warning --> call_user_func_array() expects parameter 1 to be a valid callback, class 'Home' does not have a method 'notfound' D:\laragon\www\giapha\system\core\CodeIgniter.php 532
ERROR - 2025-01-11 22:41:14 --> Severity: Warning --> call_user_func_array() expects parameter 1 to be a valid callback, class 'Home' does not have a method 'notfound' D:\laragon\www\giapha\system\core\CodeIgniter.php 532
ERROR - 2025-01-11 22:41:16 --> Severity: Warning --> call_user_func_array() expects parameter 1 to be a valid callback, class 'Home' does not have a method 'notfound' D:\laragon\www\giapha\system\core\CodeIgniter.php 532
ERROR - 2025-01-11 22:42:40 --> Severity: Warning --> call_user_func_array() expects parameter 1 to be a valid callback, class 'Home' does not have a method 'notfound' D:\laragon\www\giapha\system\core\CodeIgniter.php 532
ERROR - 2025-01-11 22:43:30 --> Severity: Warning --> call_user_func_array() expects parameter 1 to be a valid callback, class 'Home' does not have a method 'notfound' D:\laragon\www\giapha\system\core\CodeIgniter.php 532
ERROR - 2025-01-11 22:44:27 --> Severity: Warning --> call_user_func_array() expects parameter 1 to be a valid callback, class 'Home' does not have a method 'notfound' D:\laragon\www\giapha\system\core\CodeIgniter.php 532
ERROR - 2025-01-11 22:45:40 --> Severity: Warning --> call_user_func_array() expects parameter 1 to be a valid callback, class 'Home' does not have a method 'notfound' D:\laragon\www\giapha\system\core\CodeIgniter.php 532
ERROR - 2025-01-11 22:46:59 --> Severity: Warning --> call_user_func_array() expects parameter 1 to be a valid callback, class 'Home' does not have a method 'notfound' D:\laragon\www\giapha\system\core\CodeIgniter.php 532
ERROR - 2025-01-11 22:48:49 --> Severity: Warning --> call_user_func_array() expects parameter 1 to be a valid callback, class 'Home' does not have a method 'notfound' D:\laragon\www\giapha\system\core\CodeIgniter.php 532
ERROR - 2025-01-11 22:53:23 --> Severity: Warning --> call_user_func_array() expects parameter 1 to be a valid callback, class 'Home' does not have a method 'notfound' D:\laragon\www\giapha\system\core\CodeIgniter.php 532
ERROR - 2025-01-11 23:00:39 --> Severity: Warning --> call_user_func_array() expects parameter 1 to be a valid callback, class 'Home' does not have a method 'notfound' D:\laragon\www\giapha\system\core\CodeIgniter.php 532
ERROR - 2025-01-11 23:17:30 --> Severity: Warning --> call_user_func_array() expects parameter 1 to be a valid callback, class 'Home' does not have a method 'notfound' D:\laragon\www\giapha\system\core\CodeIgniter.php 532
ERROR - 2025-01-11 23:17:33 --> Severity: Warning --> call_user_func_array() expects parameter 1 to be a valid callback, class 'Home' does not have a method 'notfound' D:\laragon\www\giapha\system\core\CodeIgniter.php 532
ERROR - 2025-01-11 23:17:39 --> Severity: Warning --> call_user_func_array() expects parameter 1 to be a valid callback, class 'Home' does not have a method 'notfound' D:\laragon\www\giapha\system\core\CodeIgniter.php 532
ERROR - 2025-01-11 23:17:49 --> Severity: Warning --> call_user_func_array() expects parameter 1 to be a valid callback, class 'Home' does not have a method 'notfound' D:\laragon\www\giapha\system\core\CodeIgniter.php 532
ERROR - 2025-01-11 23:18:42 --> Severity: Warning --> call_user_func_array() expects parameter 1 to be a valid callback, class 'Home' does not have a method 'notfound' D:\laragon\www\giapha\system\core\CodeIgniter.php 532
ERROR - 2025-01-11 23:18:50 --> Severity: Warning --> call_user_func_array() expects parameter 1 to be a valid callback, class 'Home' does not have a method 'notfound' D:\laragon\www\giapha\system\core\CodeIgniter.php 532
ERROR - 2025-01-11 23:18:54 --> Severity: Warning --> call_user_func_array() expects parameter 1 to be a valid callback, class 'Home' does not have a method 'notfound' D:\laragon\www\giapha\system\core\CodeIgniter.php 532
ERROR - 2025-01-11 23:18:58 --> Severity: Warning --> call_user_func_array() expects parameter 1 to be a valid callback, class 'Home' does not have a method 'notfound' D:\laragon\www\giapha\system\core\CodeIgniter.php 532
ERROR - 2025-01-11 23:19:06 --> Severity: Warning --> call_user_func_array() expects parameter 1 to be a valid callback, class 'Home' does not have a method 'notfound' D:\laragon\www\giapha\system\core\CodeIgniter.php 532
ERROR - 2025-01-11 23:19:10 --> Severity: Warning --> call_user_func_array() expects parameter 1 to be a valid callback, class 'Home' does not have a method 'notfound' D:\laragon\www\giapha\system\core\CodeIgniter.php 532
ERROR - 2025-01-11 23:19:12 --> Severity: Warning --> call_user_func_array() expects parameter 1 to be a valid callback, class 'Home' does not have a method 'notfound' D:\laragon\www\giapha\system\core\CodeIgniter.php 532
ERROR - 2025-01-11 23:19:13 --> Severity: Warning --> call_user_func_array() expects parameter 1 to be a valid callback, class 'Home' does not have a method 'notfound' D:\laragon\www\giapha\system\core\CodeIgniter.php 532
ERROR - 2025-01-11 23:19:44 --> Severity: Warning --> call_user_func_array() expects parameter 1 to be a valid callback, class 'Home' does not have a method 'notfound' D:\laragon\www\giapha\system\core\CodeIgniter.php 532
ERROR - 2025-01-11 23:19:46 --> Severity: Warning --> call_user_func_array() expects parameter 1 to be a valid callback, class 'Home' does not have a method 'notfound' D:\laragon\www\giapha\system\core\CodeIgniter.php 532
ERROR - 2025-01-11 23:19:47 --> Severity: Warning --> call_user_func_array() expects parameter 1 to be a valid callback, class 'Home' does not have a method 'notfound' D:\laragon\www\giapha\system\core\CodeIgniter.php 532
ERROR - 2025-01-11 23:19:49 --> Severity: Warning --> call_user_func_array() expects parameter 1 to be a valid callback, class 'Home' does not have a method 'notfound' D:\laragon\www\giapha\system\core\CodeIgniter.php 532
ERROR - 2025-01-11 23:26:14 --> Severity: Warning --> call_user_func_array() expects parameter 1 to be a valid callback, class 'Home' does not have a method 'notfound' D:\laragon\www\giapha\system\core\CodeIgniter.php 532
ERROR - 2025-01-11 23:26:17 --> Severity: Warning --> call_user_func_array() expects parameter 1 to be a valid callback, class 'Home' does not have a method 'notfound' D:\laragon\www\giapha\system\core\CodeIgniter.php 532
ERROR - 2025-01-11 23:26:19 --> Severity: Warning --> call_user_func_array() expects parameter 1 to be a valid callback, class 'Home' does not have a method 'notfound' D:\laragon\www\giapha\system\core\CodeIgniter.php 532
ERROR - 2025-01-11 23:26:21 --> Severity: Warning --> call_user_func_array() expects parameter 1 to be a valid callback, class 'Home' does not have a method 'notfound' D:\laragon\www\giapha\system\core\CodeIgniter.php 532
ERROR - 2025-01-11 23:26:23 --> Severity: Warning --> call_user_func_array() expects parameter 1 to be a valid callback, class 'Home' does not have a method 'notfound' D:\laragon\www\giapha\system\core\CodeIgniter.php 532
ERROR - 2025-01-11 23:26:24 --> Severity: Warning --> call_user_func_array() expects parameter 1 to be a valid callback, class 'Home' does not have a method 'notfound' D:\laragon\www\giapha\system\core\CodeIgniter.php 532
ERROR - 2025-01-11 23:26:25 --> Severity: Warning --> call_user_func_array() expects parameter 1 to be a valid callback, class 'Home' does not have a method 'notfound' D:\laragon\www\giapha\system\core\CodeIgniter.php 532
ERROR - 2025-01-11 23:36:00 --> Severity: error --> Exception: Call to a member function getTotalAll() on null D:\laragon\www\giapha\application\controllers\admin\Family.php 113
ERROR - 2025-01-11 23:36:13 --> Severity: error --> Exception: Call to a member function getTotalAll() on null D:\laragon\www\giapha\application\controllers\admin\Family.php 113
ERROR - 2025-01-11 23:36:27 --> Severity: error --> Exception: Call to a member function getTotalAll() on null D:\laragon\www\giapha\application\controllers\admin\Family.php 113
ERROR - 2025-01-11 23:36:43 --> Severity: Notice --> Undefined property: Family::$_family D:\laragon\www\giapha\application\controllers\admin\Family.php 113
ERROR - 2025-01-11 23:36:43 --> Severity: error --> Exception: Call to a member function getTotalAll() on null D:\laragon\www\giapha\application\controllers\admin\Family.php 113
