ERROR - 2025-05-22 01:19:32 --> Severity: Warning --> call_user_func_array() expects parameter 1 to be a valid callback, class 'Home' does not have a method 'notfound' /home/ketsatph/nguyendinhhongthanh.vn/system/core/CodeIgniter.php 532
ERROR - 2025-05-22 01:19:53 --> Severity: Warning --> call_user_func_array() expects parameter 1 to be a valid callback, class 'Home' does not have a method 'notfound' /home/ketsatph/nguyendinhhongthanh.vn/system/core/CodeIgniter.php 532
ERROR - 2025-05-22 16:21:32 --> Severity: Warning --> call_user_func_array() expects parameter 1 to be a valid callback, class 'Home' does not have a method 'notfound' /home/ketsatph/nguyendinhhongthanh.vn/system/core/CodeIgniter.php 532
ERROR - 2025-05-22 16:21:33 --> Severity: Warning --> call_user_func_array() expects parameter 1 to be a valid callback, class 'Home' does not have a method 'notfound' /home/ketsatph/nguyendinhhongthanh.vn/system/core/CodeIgniter.php 532
ERROR - 2025-05-22 16:42:47 --> Query error: Unknown column 'st_fund.is_status' in 'WHERE' - Invalid query: SELECT *
FROM `st_fund`
WHERE `st_fund`.`is_status` = '1'
ORDER BY `id` DESC
 LIMIT 2000
ERROR - 2025-05-22 16:42:47 --> Severity: error --> Exception: Call to a member function result() on bool /home/ketsatph/nguyendinhhongthanh.vn/application/core/STEVEN_Model.php 194
ERROR - 2025-05-22 16:43:24 --> Query error: Unknown column 'st_fund.is_status' in 'WHERE' - Invalid query: SELECT *
FROM `st_fund`
WHERE `st_fund`.`is_status` = '1'
ORDER BY `id` DESC
 LIMIT 2000
ERROR - 2025-05-22 16:43:24 --> Severity: error --> Exception: Call to a member function result() on bool /home/ketsatph/nguyendinhhongthanh.vn/application/core/STEVEN_Model.php 194
ERROR - 2025-05-22 20:27:19 --> Severity: Warning --> call_user_func_array() expects parameter 1 to be a valid callback, class 'Home' does not have a method 'notfound' /home/ketsatph/nguyendinhhongthanh.vn/system/core/CodeIgniter.php 532
ERROR - 2025-05-22 20:27:19 --> Severity: Warning --> call_user_func_array() expects parameter 1 to be a valid callback, class 'Home' does not have a method 'notfound' /home/ketsatph/nguyendinhhongthanh.vn/system/core/CodeIgniter.php 532
ERROR - 2025-05-22 20:27:19 --> Severity: Warning --> call_user_func_array() expects parameter 1 to be a valid callback, class 'Home' does not have a method 'notfound' /home/ketsatph/nguyendinhhongthanh.vn/system/core/CodeIgniter.php 532
ERROR - 2025-05-22 20:27:20 --> Severity: Warning --> call_user_func_array() expects parameter 1 to be a valid callback, class 'Home' does not have a method 'notfound' /home/ketsatph/nguyendinhhongthanh.vn/system/core/CodeIgniter.php 532
ERROR - 2025-05-22 20:27:20 --> Severity: Warning --> call_user_func_array() expects parameter 1 to be a valid callback, class 'Home' does not have a method 'notfound' /home/ketsatph/nguyendinhhongthanh.vn/system/core/CodeIgniter.php 532
ERROR - 2025-05-22 20:27:20 --> Severity: Warning --> call_user_func_array() expects parameter 1 to be a valid callback, class 'Home' does not have a method 'notfound' /home/ketsatph/nguyendinhhongthanh.vn/system/core/CodeIgniter.php 532
ERROR - 2025-05-22 20:27:20 --> Severity: Warning --> call_user_func_array() expects parameter 1 to be a valid callback, class 'Home' does not have a method 'notfound' /home/ketsatph/nguyendinhhongthanh.vn/system/core/CodeIgniter.php 532
ERROR - 2025-05-22 20:27:21 --> Severity: Warning --> call_user_func_array() expects parameter 1 to be a valid callback, class 'Home' does not have a method 'notfound' /home/ketsatph/nguyendinhhongthanh.vn/system/core/CodeIgniter.php 532
ERROR - 2025-05-22 20:27:21 --> Severity: Warning --> call_user_func_array() expects parameter 1 to be a valid callback, class 'Home' does not have a method 'notfound' /home/ketsatph/nguyendinhhongthanh.vn/system/core/CodeIgniter.php 532
ERROR - 2025-05-22 20:27:21 --> Severity: Warning --> call_user_func_array() expects parameter 1 to be a valid callback, class 'Home' does not have a method 'notfound' /home/ketsatph/nguyendinhhongthanh.vn/system/core/CodeIgniter.php 532
ERROR - 2025-05-22 20:27:22 --> Severity: Warning --> call_user_func_array() expects parameter 1 to be a valid callback, class 'Home' does not have a method 'notfound' /home/ketsatph/nguyendinhhongthanh.vn/system/core/CodeIgniter.php 532
ERROR - 2025-05-22 20:27:22 --> Severity: Warning --> call_user_func_array() expects parameter 1 to be a valid callback, class 'Home' does not have a method 'notfound' /home/ketsatph/nguyendinhhongthanh.vn/system/core/CodeIgniter.php 532
ERROR - 2025-05-22 20:27:22 --> Severity: Warning --> call_user_func_array() expects parameter 1 to be a valid callback, class 'Home' does not have a method 'notfound' /home/ketsatph/nguyendinhhongthanh.vn/system/core/CodeIgniter.php 532
ERROR - 2025-05-22 20:27:22 --> Severity: Warning --> call_user_func_array() expects parameter 1 to be a valid callback, class 'Home' does not have a method 'notfound' /home/ketsatph/nguyendinhhongthanh.vn/system/core/CodeIgniter.php 532
ERROR - 2025-05-22 20:27:23 --> Severity: Warning --> call_user_func_array() expects parameter 1 to be a valid callback, class 'Home' does not have a method 'notfound' /home/ketsatph/nguyendinhhongthanh.vn/system/core/CodeIgniter.php 532
ERROR - 2025-05-22 20:27:23 --> Severity: Warning --> call_user_func_array() expects parameter 1 to be a valid callback, class 'Home' does not have a method 'notfound' /home/ketsatph/nguyendinhhongthanh.vn/system/core/CodeIgniter.php 532
ERROR - 2025-05-22 20:27:23 --> Severity: Warning --> call_user_func_array() expects parameter 1 to be a valid callback, class 'Home' does not have a method 'notfound' /home/ketsatph/nguyendinhhongthanh.vn/system/core/CodeIgniter.php 532
ERROR - 2025-05-22 21:12:31 --> Severity: Warning --> call_user_func_array() expects parameter 1 to be a valid callback, class 'Home' does not have a method 'notfound' /home/ketsatph/nguyendinhhongthanh.vn/system/core/CodeIgniter.php 532
ERROR - 2025-05-22 23:14:06 --> Severity: Warning --> call_user_func_array() expects parameter 1 to be a valid callback, class 'Home' does not have a method 'notfound' /home/ketsatph/nguyendinhhongthanh.vn/system/core/CodeIgniter.php 532
ERROR - 2025-05-22 23:14:07 --> Severity: Warning --> call_user_func_array() expects parameter 1 to be a valid callback, class 'Home' does not have a method 'notfound' /home/ketsatph/nguyendinhhongthanh.vn/system/core/CodeIgniter.php 532
