ERROR - 2025-06-25 05:28:50 --> Severity: error --> Exception: call_user_func_array(): Argument #1 ($callback) must be a valid callback, class Home does not have a method "notfound" /home/giaphah1/public_html/system/core/CodeIgniter.php 532
ERROR - 2025-06-25 05:28:50 --> Severity: error --> Exception: call_user_func_array(): Argument #1 ($callback) must be a valid callback, class Home does not have a method "notfound" /home/giaphah1/public_html/system/core/CodeIgniter.php 532
ERROR - 2025-06-25 05:28:51 --> Severity: error --> Exception: call_user_func_array(): Argument #1 ($callback) must be a valid callback, class Home does not have a method "notfound" /home/giaphah1/public_html/system/core/CodeIgniter.php 532
ERROR - 2025-06-25 05:28:51 --> Severity: error --> Exception: call_user_func_array(): Argument #1 ($callback) must be a valid callback, class Home does not have a method "notfound" /home/giaphah1/public_html/system/core/CodeIgniter.php 532
ERROR - 2025-06-25 05:28:51 --> Severity: error --> Exception: call_user_func_array(): Argument #1 ($callback) must be a valid callback, class Home does not have a method "notfound" /home/giaphah1/public_html/system/core/CodeIgniter.php 532
ERROR - 2025-06-25 05:28:52 --> Severity: error --> Exception: call_user_func_array(): Argument #1 ($callback) must be a valid callback, class Home does not have a method "notfound" /home/giaphah1/public_html/system/core/CodeIgniter.php 532
ERROR - 2025-06-25 05:28:52 --> Severity: error --> Exception: call_user_func_array(): Argument #1 ($callback) must be a valid callback, class Home does not have a method "notfound" /home/giaphah1/public_html/system/core/CodeIgniter.php 532
ERROR - 2025-06-25 05:28:52 --> Severity: error --> Exception: call_user_func_array(): Argument #1 ($callback) must be a valid callback, class Home does not have a method "notfound" /home/giaphah1/public_html/system/core/CodeIgniter.php 532
ERROR - 2025-06-25 05:28:52 --> Severity: error --> Exception: call_user_func_array(): Argument #1 ($callback) must be a valid callback, class Home does not have a method "notfound" /home/giaphah1/public_html/system/core/CodeIgniter.php 532
ERROR - 2025-06-25 05:28:52 --> Severity: error --> Exception: call_user_func_array(): Argument #1 ($callback) must be a valid callback, class Home does not have a method "notfound" /home/giaphah1/public_html/system/core/CodeIgniter.php 532
ERROR - 2025-06-25 05:28:53 --> Severity: error --> Exception: call_user_func_array(): Argument #1 ($callback) must be a valid callback, class Home does not have a method "notfound" /home/giaphah1/public_html/system/core/CodeIgniter.php 532
ERROR - 2025-06-25 05:28:53 --> Severity: error --> Exception: call_user_func_array(): Argument #1 ($callback) must be a valid callback, class Home does not have a method "notfound" /home/giaphah1/public_html/system/core/CodeIgniter.php 532
ERROR - 2025-06-25 05:28:53 --> Severity: error --> Exception: call_user_func_array(): Argument #1 ($callback) must be a valid callback, class Home does not have a method "notfound" /home/giaphah1/public_html/system/core/CodeIgniter.php 532
ERROR - 2025-06-25 05:28:53 --> Severity: error --> Exception: call_user_func_array(): Argument #1 ($callback) must be a valid callback, class Home does not have a method "notfound" /home/giaphah1/public_html/system/core/CodeIgniter.php 532
ERROR - 2025-06-25 05:28:53 --> Severity: error --> Exception: call_user_func_array(): Argument #1 ($callback) must be a valid callback, class Home does not have a method "notfound" /home/giaphah1/public_html/system/core/CodeIgniter.php 532
ERROR - 2025-06-25 05:28:54 --> Severity: error --> Exception: call_user_func_array(): Argument #1 ($callback) must be a valid callback, class Home does not have a method "notfound" /home/giaphah1/public_html/system/core/CodeIgniter.php 532
ERROR - 2025-06-25 05:28:54 --> Severity: error --> Exception: call_user_func_array(): Argument #1 ($callback) must be a valid callback, class Home does not have a method "notfound" /home/giaphah1/public_html/system/core/CodeIgniter.php 532
ERROR - 2025-06-25 05:28:54 --> Severity: error --> Exception: call_user_func_array(): Argument #1 ($callback) must be a valid callback, class Home does not have a method "notfound" /home/giaphah1/public_html/system/core/CodeIgniter.php 532
ERROR - 2025-06-25 08:21:12 --> Severity: Warning --> Undefined array key 0 /home/giaphah1/public_html/application/controllers/Family.php 270
ERROR - 2025-06-25 08:21:12 --> Severity: Warning --> Attempt to read property "id" on null /home/giaphah1/public_html/application/controllers/Family.php 271
ERROR - 2025-06-25 08:21:12 --> Severity: Warning --> Attempt to read property "id" on null /home/giaphah1/public_html/application/controllers/Family.php 273
ERROR - 2025-06-25 08:21:12 --> Severity: Warning --> Attempt to read property "full_name" on null /home/giaphah1/public_html/application/controllers/Family.php 279
ERROR - 2025-06-25 08:21:12 --> Severity: Warning --> Attempt to read property "parent_id" on null /home/giaphah1/public_html/application/controllers/Family.php 281
ERROR - 2025-06-25 08:21:12 --> Severity: Warning --> Attempt to read property "id" on null /home/giaphah1/public_html/application/controllers/Family.php 285
ERROR - 2025-06-25 08:21:12 --> Severity: Warning --> Attempt to read property "id" on null /home/giaphah1/public_html/application/controllers/Family.php 286
ERROR - 2025-06-25 08:21:12 --> Severity: Warning --> Attempt to read property "id" on null /home/giaphah1/public_html/application/controllers/Family.php 289
ERROR - 2025-06-25 08:21:20 --> Severity: error --> Exception: call_user_func_array(): Argument #1 ($callback) must be a valid callback, class Home does not have a method "notfound" /home/giaphah1/public_html/system/core/CodeIgniter.php 532
ERROR - 2025-06-25 10:29:49 --> Severity: error --> Exception: call_user_func_array(): Argument #1 ($callback) must be a valid callback, class Home does not have a method "notfound" /home/giaphah1/public_html/system/core/CodeIgniter.php 532
ERROR - 2025-06-25 15:33:29 --> Severity: error --> Exception: call_user_func_array(): Argument #1 ($callback) must be a valid callback, class Home does not have a method "notfound" /home/giaphah1/public_html/system/core/CodeIgniter.php 532
ERROR - 2025-06-25 17:25:31 --> Severity: Warning --> Undefined array key 0 /home/giaphah1/public_html/application/controllers/Family.php 270
ERROR - 2025-06-25 17:25:31 --> Severity: Warning --> Attempt to read property "id" on null /home/giaphah1/public_html/application/controllers/Family.php 271
ERROR - 2025-06-25 17:25:31 --> Severity: Warning --> Attempt to read property "id" on null /home/giaphah1/public_html/application/controllers/Family.php 273
ERROR - 2025-06-25 17:25:31 --> Severity: Warning --> Attempt to read property "full_name" on null /home/giaphah1/public_html/application/controllers/Family.php 279
ERROR - 2025-06-25 17:25:31 --> Severity: Warning --> Attempt to read property "parent_id" on null /home/giaphah1/public_html/application/controllers/Family.php 281
ERROR - 2025-06-25 17:25:31 --> Severity: Warning --> Attempt to read property "id" on null /home/giaphah1/public_html/application/controllers/Family.php 285
ERROR - 2025-06-25 17:25:31 --> Severity: Warning --> Attempt to read property "id" on null /home/giaphah1/public_html/application/controllers/Family.php 286
ERROR - 2025-06-25 17:25:31 --> Severity: Warning --> Attempt to read property "id" on null /home/giaphah1/public_html/application/controllers/Family.php 289
