ERROR - 2025-07-22 05:50:50 --> Severity: error --> Exception: call_user_func_array(): Argument #1 ($callback) must be a valid callback, class Home does not have a method "notfound" /home/giaphah1/public_html/system/core/CodeIgniter.php 532
ERROR - 2025-07-22 10:08:33 --> Severity: error --> Exception: call_user_func_array(): Argument #1 ($callback) must be a valid callback, class Home does not have a method "notfound" /home/giaphah1/public_html/system/core/CodeIgniter.php 532
ERROR - 2025-07-22 10:11:28 --> Severity: error --> Exception: call_user_func_array(): Argument #1 ($callback) must be a valid callback, class Home does not have a method "notfound" /home/giaphah1/public_html/system/core/CodeIgniter.php 532
ERROR - 2025-07-22 10:22:29 --> Severity: error --> Exception: call_user_func_array(): Argument #1 ($callback) must be a valid callback, class Home does not have a method "notfound" /home/giaphah1/public_html/system/core/CodeIgniter.php 532
ERROR - 2025-07-22 10:30:56 --> Severity: Warning --> Undefined array key "typee" /home/giaphah1/public_html/application/controllers/Family.php 374
ERROR - 2025-07-22 10:30:56 --> Severity: Warning --> Undefined array key "doi" /home/giaphah1/public_html/application/controllers/Family.php 380
ERROR - 2025-07-22 14:11:20 --> Severity: error --> Exception: call_user_func_array(): Argument #1 ($callback) must be a valid callback, class Home does not have a method "notfound" /home/giaphah1/public_html/system/core/CodeIgniter.php 532
ERROR - 2025-07-22 14:11:21 --> Severity: error --> Exception: call_user_func_array(): Argument #1 ($callback) must be a valid callback, class Home does not have a method "notfound" /home/giaphah1/public_html/system/core/CodeIgniter.php 532
ERROR - 2025-07-22 18:27:45 --> Severity: Warning --> Undefined array key 0 /home/giaphah1/public_html/application/controllers/Family.php 270
ERROR - 2025-07-22 18:27:45 --> Severity: Warning --> Attempt to read property "id" on null /home/giaphah1/public_html/application/controllers/Family.php 271
ERROR - 2025-07-22 18:27:45 --> Severity: Warning --> Attempt to read property "id" on null /home/giaphah1/public_html/application/controllers/Family.php 273
ERROR - 2025-07-22 18:27:45 --> Severity: Warning --> Attempt to read property "full_name" on null /home/giaphah1/public_html/application/controllers/Family.php 279
ERROR - 2025-07-22 18:27:45 --> Severity: Warning --> Attempt to read property "parent_id" on null /home/giaphah1/public_html/application/controllers/Family.php 281
ERROR - 2025-07-22 18:27:45 --> Severity: Warning --> Attempt to read property "id" on null /home/giaphah1/public_html/application/controllers/Family.php 285
ERROR - 2025-07-22 18:27:45 --> Severity: Warning --> Attempt to read property "id" on null /home/giaphah1/public_html/application/controllers/Family.php 286
ERROR - 2025-07-22 18:27:45 --> Severity: Warning --> Attempt to read property "id" on null /home/giaphah1/public_html/application/controllers/Family.php 289
ERROR - 2025-07-22 18:27:49 --> Severity: error --> Exception: call_user_func_array(): Argument #1 ($callback) must be a valid callback, class Home does not have a method "notfound" /home/giaphah1/public_html/system/core/CodeIgniter.php 532
ERROR - 2025-07-22 18:47:08 --> Severity: error --> Exception: call_user_func_array(): Argument #1 ($callback) must be a valid callback, class Home does not have a method "notfound" /home/giaphah1/public_html/system/core/CodeIgniter.php 532
ERROR - 2025-07-22 19:11:20 --> Severity: error --> Exception: call_user_func_array(): Argument #1 ($callback) must be a valid callback, class Home does not have a method "notfound" /home/giaphah1/public_html/system/core/CodeIgniter.php 532
ERROR - 2025-07-22 19:14:46 --> Severity: error --> Exception: call_user_func_array(): Argument #1 ($callback) must be a valid callback, class Home does not have a method "notfound" /home/giaphah1/public_html/system/core/CodeIgniter.php 532
ERROR - 2025-07-22 19:22:31 --> Severity: error --> Exception: call_user_func_array(): Argument #1 ($callback) must be a valid callback, class Home does not have a method "notfound" /home/giaphah1/public_html/system/core/CodeIgniter.php 532
ERROR - 2025-07-22 19:27:29 --> Severity: error --> Exception: call_user_func_array(): Argument #1 ($callback) must be a valid callback, class Home does not have a method "notfound" /home/giaphah1/public_html/system/core/CodeIgniter.php 532
ERROR - 2025-07-22 23:22:55 --> Severity: error --> Exception: call_user_func_array(): Argument #1 ($callback) must be a valid callback, class Home does not have a method "notfound" /home/giaphah1/public_html/system/core/CodeIgniter.php 532
ERROR - 2025-07-22 23:22:55 --> Severity: error --> Exception: call_user_func_array(): Argument #1 ($callback) must be a valid callback, class Home does not have a method "notfound" /home/giaphah1/public_html/system/core/CodeIgniter.php 532
ERROR - 2025-07-22 23:22:55 --> Severity: error --> Exception: call_user_func_array(): Argument #1 ($callback) must be a valid callback, class Home does not have a method "notfound" /home/giaphah1/public_html/system/core/CodeIgniter.php 532
ERROR - 2025-07-22 23:22:55 --> Severity: error --> Exception: call_user_func_array(): Argument #1 ($callback) must be a valid callback, class Home does not have a method "notfound" /home/giaphah1/public_html/system/core/CodeIgniter.php 532
ERROR - 2025-07-22 23:22:55 --> Severity: error --> Exception: call_user_func_array(): Argument #1 ($callback) must be a valid callback, class Home does not have a method "notfound" /home/giaphah1/public_html/system/core/CodeIgniter.php 532
ERROR - 2025-07-22 23:22:55 --> Severity: error --> Exception: call_user_func_array(): Argument #1 ($callback) must be a valid callback, class Home does not have a method "notfound" /home/giaphah1/public_html/system/core/CodeIgniter.php 532
ERROR - 2025-07-22 23:22:55 --> Severity: error --> Exception: call_user_func_array(): Argument #1 ($callback) must be a valid callback, class Home does not have a method "notfound" /home/giaphah1/public_html/system/core/CodeIgniter.php 532
ERROR - 2025-07-22 23:22:56 --> Severity: error --> Exception: call_user_func_array(): Argument #1 ($callback) must be a valid callback, class Home does not have a method "notfound" /home/giaphah1/public_html/system/core/CodeIgniter.php 532
ERROR - 2025-07-22 23:22:56 --> Severity: error --> Exception: call_user_func_array(): Argument #1 ($callback) must be a valid callback, class Home does not have a method "notfound" /home/giaphah1/public_html/system/core/CodeIgniter.php 532
ERROR - 2025-07-22 23:22:56 --> Severity: error --> Exception: call_user_func_array(): Argument #1 ($callback) must be a valid callback, class Home does not have a method "notfound" /home/giaphah1/public_html/system/core/CodeIgniter.php 532
ERROR - 2025-07-22 23:22:56 --> Severity: error --> Exception: call_user_func_array(): Argument #1 ($callback) must be a valid callback, class Home does not have a method "notfound" /home/giaphah1/public_html/system/core/CodeIgniter.php 532
ERROR - 2025-07-22 23:22:56 --> Severity: error --> Exception: call_user_func_array(): Argument #1 ($callback) must be a valid callback, class Home does not have a method "notfound" /home/giaphah1/public_html/system/core/CodeIgniter.php 532
ERROR - 2025-07-22 23:22:56 --> Severity: error --> Exception: call_user_func_array(): Argument #1 ($callback) must be a valid callback, class Home does not have a method "notfound" /home/giaphah1/public_html/system/core/CodeIgniter.php 532
ERROR - 2025-07-22 23:22:56 --> Severity: error --> Exception: call_user_func_array(): Argument #1 ($callback) must be a valid callback, class Home does not have a method "notfound" /home/giaphah1/public_html/system/core/CodeIgniter.php 532
ERROR - 2025-07-22 23:22:56 --> Severity: error --> Exception: call_user_func_array(): Argument #1 ($callback) must be a valid callback, class Home does not have a method "notfound" /home/giaphah1/public_html/system/core/CodeIgniter.php 532
ERROR - 2025-07-22 23:22:56 --> Severity: error --> Exception: call_user_func_array(): Argument #1 ($callback) must be a valid callback, class Home does not have a method "notfound" /home/giaphah1/public_html/system/core/CodeIgniter.php 532
ERROR - 2025-07-22 23:22:56 --> Severity: error --> Exception: call_user_func_array(): Argument #1 ($callback) must be a valid callback, class Home does not have a method "notfound" /home/giaphah1/public_html/system/core/CodeIgniter.php 532
ERROR - 2025-07-22 23:22:56 --> Severity: error --> Exception: call_user_func_array(): Argument #1 ($callback) must be a valid callback, class Home does not have a method "notfound" /home/giaphah1/public_html/system/core/CodeIgniter.php 532
